[2023-08-28T17:59:52.548+0000] {taskinstance.py:1165} INFO - Dependencies all met for <TaskInstance: nikeSales_dag.transform_task scheduled__2022-03-01T00:00:00+00:00 [queued]>
[2023-08-28T17:59:52.569+0000] {taskinstance.py:1165} INFO - Dependencies all met for <TaskInstance: nikeSales_dag.transform_task scheduled__2022-03-01T00:00:00+00:00 [queued]>
[2023-08-28T17:59:52.570+0000] {taskinstance.py:1362} INFO - 
--------------------------------------------------------------------------------
[2023-08-28T17:59:52.570+0000] {taskinstance.py:1363} INFO - Starting attempt 1 of 2
[2023-08-28T17:59:52.571+0000] {taskinstance.py:1364} INFO - 
--------------------------------------------------------------------------------
[2023-08-28T17:59:52.591+0000] {taskinstance.py:1383} INFO - Executing <Task(PythonOperator): transform_task> on 2022-03-01 00:00:00+00:00
[2023-08-28T17:59:52.600+0000] {standard_task_runner.py:55} INFO - Started process 186 to run task
[2023-08-28T17:59:52.614+0000] {standard_task_runner.py:82} INFO - Running: ['***', 'tasks', 'run', 'nikeSales_dag', 'transform_task', 'scheduled__2022-03-01T00:00:00+00:00', '--job-id', '9', '--raw', '--subdir', 'DAGS_FOLDER/nikeSales_dag.py', '--cfg-path', '/tmp/tmpg_btm95t']
[2023-08-28T17:59:52.618+0000] {standard_task_runner.py:83} INFO - Job 9: Subtask transform_task
[2023-08-28T17:59:52.716+0000] {task_command.py:376} INFO - Running <TaskInstance: nikeSales_dag.transform_task scheduled__2022-03-01T00:00:00+00:00 [running]> on host 7eee6ddbeacd
[2023-08-28T17:59:52.819+0000] {taskinstance.py:1592} INFO - Exporting the following env vars:
AIRFLOW_CTX_DAG_OWNER=***
AIRFLOW_CTX_DAG_ID=nikeSales_dag
AIRFLOW_CTX_TASK_ID=transform_task
AIRFLOW_CTX_EXECUTION_DATE=2022-03-01T00:00:00+00:00
AIRFLOW_CTX_TRY_NUMBER=1
AIRFLOW_CTX_DAG_RUN_ID=scheduled__2022-03-01T00:00:00+00:00
[2023-08-28T17:59:52.835+0000] {logging_mixin.py:120} INFO - sales_etl.csv
[2023-08-28T17:59:53.045+0000] {python.py:177} INFO - Done. Returned value was: ['sales_etl.csv']
[2023-08-28T17:59:53.078+0000] {taskinstance.py:1406} INFO - Marking task as SUCCESS. dag_id=nikeSales_dag, task_id=transform_task, execution_date=20220301T000000, start_date=20230828T175952, end_date=20230828T175953
[2023-08-28T17:59:53.108+0000] {local_task_job.py:164} INFO - Task exited with return code 0
[2023-08-28T17:59:53.156+0000] {local_task_job.py:273} INFO - 1 downstream tasks scheduled from follow-on schedule check
