[2023-08-24T17:33:01.714+0000] {taskinstance.py:1165} INFO - Dependencies all met for <TaskInstance: nikeProducts_dag.step_1_task manual__2023-08-24T17:33:00.759944+00:00 [queued]>
[2023-08-24T17:33:01.722+0000] {taskinstance.py:1165} INFO - Dependencies all met for <TaskInstance: nikeProducts_dag.step_1_task manual__2023-08-24T17:33:00.759944+00:00 [queued]>
[2023-08-24T17:33:01.723+0000] {taskinstance.py:1362} INFO - 
--------------------------------------------------------------------------------
[2023-08-24T17:33:01.723+0000] {taskinstance.py:1363} INFO - Starting attempt 1 of 2
[2023-08-24T17:33:01.724+0000] {taskinstance.py:1364} INFO - 
--------------------------------------------------------------------------------
[2023-08-24T17:33:01.733+0000] {taskinstance.py:1383} INFO - Executing <Task(PythonOperator): step_1_task> on 2023-08-24 17:33:00.759944+00:00
[2023-08-24T17:33:01.739+0000] {standard_task_runner.py:55} INFO - Started process 41180 to run task
[2023-08-24T17:33:01.744+0000] {standard_task_runner.py:82} INFO - Running: ['***', 'tasks', 'run', 'nikeProducts_dag', 'step_1_task', 'manual__2023-08-24T17:33:00.759944+00:00', '--job-id', '75', '--raw', '--subdir', 'DAGS_FOLDER/nikeProducts_dag.py', '--cfg-path', '/tmp/tmpb1roosuh']
[2023-08-24T17:33:01.747+0000] {standard_task_runner.py:83} INFO - Job 75: Subtask step_1_task
[2023-08-24T17:33:01.825+0000] {task_command.py:376} INFO - Running <TaskInstance: nikeProducts_dag.step_1_task manual__2023-08-24T17:33:00.759944+00:00 [running]> on host 5879ed69cda2
[2023-08-24T17:33:01.877+0000] {taskinstance.py:1592} INFO - Exporting the following env vars:
AIRFLOW_CTX_DAG_OWNER=***
AIRFLOW_CTX_DAG_ID=nikeProducts_dag
AIRFLOW_CTX_TASK_ID=step_1_task
AIRFLOW_CTX_EXECUTION_DATE=2023-08-24T17:33:00.759944+00:00
AIRFLOW_CTX_TRY_NUMBER=1
AIRFLOW_CTX_DAG_RUN_ID=manual__2023-08-24T17:33:00.759944+00:00
[2023-08-24T17:33:01.880+0000] {logging_mixin.py:120} INFO - products.csv mapped to products_etl.csv
[2023-08-24T17:33:02.504+0000] {python.py:177} INFO - Done. Returned value was: ['products_etl.csv']
[2023-08-24T17:33:02.526+0000] {taskinstance.py:1406} INFO - Marking task as SUCCESS. dag_id=nikeProducts_dag, task_id=step_1_task, execution_date=20230824T173300, start_date=20230824T173301, end_date=20230824T173302
[2023-08-24T17:33:02.560+0000] {local_task_job.py:164} INFO - Task exited with return code 0
[2023-08-24T17:33:02.585+0000] {local_task_job.py:273} INFO - 1 downstream tasks scheduled from follow-on schedule check
