[2023-08-27T08:40:48.399+0000] {taskinstance.py:1165} INFO - Dependencies all met for <TaskInstance: nikeProducts_dag.extract_task scheduled__2022-03-01T00:00:00+00:00 [queued]>
[2023-08-27T08:40:48.406+0000] {taskinstance.py:1165} INFO - Dependencies all met for <TaskInstance: nikeProducts_dag.extract_task scheduled__2022-03-01T00:00:00+00:00 [queued]>
[2023-08-27T08:40:48.407+0000] {taskinstance.py:1362} INFO - 
--------------------------------------------------------------------------------
[2023-08-27T08:40:48.408+0000] {taskinstance.py:1363} INFO - Starting attempt 1 of 2
[2023-08-27T08:40:48.408+0000] {taskinstance.py:1364} INFO - 
--------------------------------------------------------------------------------
[2023-08-27T08:40:48.417+0000] {taskinstance.py:1383} INFO - Executing <Task(PythonOperator): extract_task> on 2022-03-01 00:00:00+00:00
[2023-08-27T08:40:48.423+0000] {standard_task_runner.py:55} INFO - Started process 176 to run task
[2023-08-27T08:40:48.426+0000] {standard_task_runner.py:82} INFO - Running: ['***', 'tasks', 'run', 'nikeProducts_dag', 'extract_task', 'scheduled__2022-03-01T00:00:00+00:00', '--job-id', '23', '--raw', '--subdir', 'DAGS_FOLDER/nikeProducts_dag.py', '--cfg-path', '/tmp/tmpx8f_zz9i']
[2023-08-27T08:40:48.429+0000] {standard_task_runner.py:83} INFO - Job 23: Subtask extract_task
[2023-08-27T08:40:48.497+0000] {task_command.py:376} INFO - Running <TaskInstance: nikeProducts_dag.extract_task scheduled__2022-03-01T00:00:00+00:00 [running]> on host 2ddda8eac7aa
[2023-08-27T08:40:48.547+0000] {taskinstance.py:1592} INFO - Exporting the following env vars:
AIRFLOW_CTX_DAG_OWNER=***
AIRFLOW_CTX_DAG_ID=nikeProducts_dag
AIRFLOW_CTX_TASK_ID=extract_task
AIRFLOW_CTX_EXECUTION_DATE=2022-03-01T00:00:00+00:00
AIRFLOW_CTX_TRY_NUMBER=1
AIRFLOW_CTX_DAG_RUN_ID=scheduled__2022-03-01T00:00:00+00:00
[2023-08-27T08:40:48.552+0000] {logging_mixin.py:120} INFO - nike_22AUG2023_1912.csv mapped to products_etl.csv
[2023-08-27T08:40:49.465+0000] {python.py:177} INFO - Done. Returned value was: ['products_etl.csv']
[2023-08-27T08:40:49.511+0000] {taskinstance.py:1406} INFO - Marking task as SUCCESS. dag_id=nikeProducts_dag, task_id=extract_task, execution_date=20220301T000000, start_date=20230827T084048, end_date=20230827T084049
[2023-08-27T08:40:49.565+0000] {local_task_job.py:164} INFO - Task exited with return code 0
[2023-08-27T08:40:49.807+0000] {local_task_job.py:273} INFO - 1 downstream tasks scheduled from follow-on schedule check
[2023-08-27T08:42:40.536+0000] {taskinstance.py:1165} INFO - Dependencies all met for <TaskInstance: nikeProducts_dag.extract_task scheduled__2022-03-01T00:00:00+00:00 [queued]>
[2023-08-27T08:42:40.562+0000] {taskinstance.py:1165} INFO - Dependencies all met for <TaskInstance: nikeProducts_dag.extract_task scheduled__2022-03-01T00:00:00+00:00 [queued]>
[2023-08-27T08:42:40.563+0000] {taskinstance.py:1362} INFO - 
--------------------------------------------------------------------------------
[2023-08-27T08:42:40.563+0000] {taskinstance.py:1363} INFO - Starting attempt 1 of 2
[2023-08-27T08:42:40.564+0000] {taskinstance.py:1364} INFO - 
--------------------------------------------------------------------------------
[2023-08-27T08:42:40.583+0000] {taskinstance.py:1383} INFO - Executing <Task(PythonOperator): extract_task> on 2022-03-01 00:00:00+00:00
[2023-08-27T08:42:40.595+0000] {standard_task_runner.py:55} INFO - Started process 65 to run task
[2023-08-27T08:42:40.613+0000] {standard_task_runner.py:82} INFO - Running: ['***', 'tasks', 'run', 'nikeProducts_dag', 'extract_task', 'scheduled__2022-03-01T00:00:00+00:00', '--job-id', '32', '--raw', '--subdir', 'DAGS_FOLDER/nikeProducts_dag.py', '--cfg-path', '/tmp/tmp11bqihgu']
[2023-08-27T08:42:40.628+0000] {standard_task_runner.py:83} INFO - Job 32: Subtask extract_task
[2023-08-27T08:42:40.751+0000] {task_command.py:376} INFO - Running <TaskInstance: nikeProducts_dag.extract_task scheduled__2022-03-01T00:00:00+00:00 [running]> on host c4cd47d0799f
[2023-08-27T08:42:40.830+0000] {taskinstance.py:1592} INFO - Exporting the following env vars:
AIRFLOW_CTX_DAG_OWNER=***
AIRFLOW_CTX_DAG_ID=nikeProducts_dag
AIRFLOW_CTX_TASK_ID=extract_task
AIRFLOW_CTX_EXECUTION_DATE=2022-03-01T00:00:00+00:00
AIRFLOW_CTX_TRY_NUMBER=1
AIRFLOW_CTX_DAG_RUN_ID=scheduled__2022-03-01T00:00:00+00:00
[2023-08-27T08:42:40.837+0000] {logging_mixin.py:120} INFO - nike_22AUG2023_1912.csv mapped to products_etl.csv
[2023-08-27T08:42:41.850+0000] {python.py:177} INFO - Done. Returned value was: ['products_etl.csv']
[2023-08-27T08:42:41.885+0000] {taskinstance.py:1406} INFO - Marking task as SUCCESS. dag_id=nikeProducts_dag, task_id=extract_task, execution_date=20220301T000000, start_date=20230827T084240, end_date=20230827T084241
[2023-08-27T08:42:41.914+0000] {local_task_job.py:164} INFO - Task exited with return code 0
[2023-08-27T08:42:41.940+0000] {local_task_job.py:273} INFO - 1 downstream tasks scheduled from follow-on schedule check
