[2023-08-28T18:17:33.247+0000] {taskinstance.py:1165} INFO - Dependencies all met for <TaskInstance: nikeDates_dag.transform_task manual__2023-08-28T18:17:31.469651+00:00 [queued]>
[2023-08-28T18:17:33.253+0000] {taskinstance.py:1165} INFO - Dependencies all met for <TaskInstance: nikeDates_dag.transform_task manual__2023-08-28T18:17:31.469651+00:00 [queued]>
[2023-08-28T18:17:33.254+0000] {taskinstance.py:1362} INFO - 
--------------------------------------------------------------------------------
[2023-08-28T18:17:33.254+0000] {taskinstance.py:1363} INFO - Starting attempt 1 of 2
[2023-08-28T18:17:33.255+0000] {taskinstance.py:1364} INFO - 
--------------------------------------------------------------------------------
[2023-08-28T18:17:33.263+0000] {taskinstance.py:1383} INFO - Executing <Task(PythonOperator): transform_task> on 2023-08-28 18:17:31.469651+00:00
[2023-08-28T18:17:33.268+0000] {standard_task_runner.py:55} INFO - Started process 1145 to run task
[2023-08-28T18:17:33.271+0000] {standard_task_runner.py:82} INFO - Running: ['***', 'tasks', 'run', 'nikeDates_dag', 'transform_task', 'manual__2023-08-28T18:17:31.469651+00:00', '--job-id', '39', '--raw', '--subdir', 'DAGS_FOLDER/nikeDates_dag.py', '--cfg-path', '/tmp/tmp2l9luady']
[2023-08-28T18:17:33.273+0000] {standard_task_runner.py:83} INFO - Job 39: Subtask transform_task
[2023-08-28T18:17:33.326+0000] {task_command.py:376} INFO - Running <TaskInstance: nikeDates_dag.transform_task manual__2023-08-28T18:17:31.469651+00:00 [running]> on host 7eee6ddbeacd
[2023-08-28T18:17:33.373+0000] {taskinstance.py:1592} INFO - Exporting the following env vars:
AIRFLOW_CTX_DAG_OWNER=***
AIRFLOW_CTX_DAG_ID=nikeDates_dag
AIRFLOW_CTX_TASK_ID=transform_task
AIRFLOW_CTX_EXECUTION_DATE=2023-08-28T18:17:31.469651+00:00
AIRFLOW_CTX_TRY_NUMBER=1
AIRFLOW_CTX_DAG_RUN_ID=manual__2023-08-28T18:17:31.469651+00:00
[2023-08-28T18:17:33.382+0000] {logging_mixin.py:120} INFO - dates_etl.csv
[2023-08-28T18:17:33.430+0000] {python.py:177} INFO - Done. Returned value was: ['dates_etl.csv']
[2023-08-28T18:17:33.448+0000] {taskinstance.py:1406} INFO - Marking task as SUCCESS. dag_id=nikeDates_dag, task_id=transform_task, execution_date=20230828T181731, start_date=20230828T181733, end_date=20230828T181733
[2023-08-28T18:17:33.484+0000] {local_task_job.py:164} INFO - Task exited with return code 0
[2023-08-28T18:17:33.503+0000] {local_task_job.py:273} INFO - 1 downstream tasks scheduled from follow-on schedule check
