[2023-08-28T18:11:26.463+0000] {taskinstance.py:1165} INFO - Dependencies all met for <TaskInstance: nikeCategory_dag.extract_task manual__2023-08-28T18:11:25.586282+00:00 [queued]>
[2023-08-28T18:11:26.471+0000] {taskinstance.py:1165} INFO - Dependencies all met for <TaskInstance: nikeCategory_dag.extract_task manual__2023-08-28T18:11:25.586282+00:00 [queued]>
[2023-08-28T18:11:26.472+0000] {taskinstance.py:1362} INFO - 
--------------------------------------------------------------------------------
[2023-08-28T18:11:26.472+0000] {taskinstance.py:1363} INFO - Starting attempt 1 of 2
[2023-08-28T18:11:26.473+0000] {taskinstance.py:1364} INFO - 
--------------------------------------------------------------------------------
[2023-08-28T18:11:26.482+0000] {taskinstance.py:1383} INFO - Executing <Task(PythonOperator): extract_task> on 2023-08-28 18:11:25.586282+00:00
[2023-08-28T18:11:26.489+0000] {standard_task_runner.py:55} INFO - Started process 800 to run task
[2023-08-28T18:11:26.493+0000] {standard_task_runner.py:82} INFO - Running: ['***', 'tasks', 'run', 'nikeCategory_dag', 'extract_task', 'manual__2023-08-28T18:11:25.586282+00:00', '--job-id', '23', '--raw', '--subdir', 'DAGS_FOLDER/nikeCategory_dag.py', '--cfg-path', '/tmp/tmpfvnq8bax']
[2023-08-28T18:11:26.496+0000] {standard_task_runner.py:83} INFO - Job 23: Subtask extract_task
[2023-08-28T18:11:26.558+0000] {task_command.py:376} INFO - Running <TaskInstance: nikeCategory_dag.extract_task manual__2023-08-28T18:11:25.586282+00:00 [running]> on host 7eee6ddbeacd
[2023-08-28T18:11:26.617+0000] {taskinstance.py:1592} INFO - Exporting the following env vars:
AIRFLOW_CTX_DAG_OWNER=***
AIRFLOW_CTX_DAG_ID=nikeCategory_dag
AIRFLOW_CTX_TASK_ID=extract_task
AIRFLOW_CTX_EXECUTION_DATE=2023-08-28T18:11:25.586282+00:00
AIRFLOW_CTX_TRY_NUMBER=1
AIRFLOW_CTX_DAG_RUN_ID=manual__2023-08-28T18:11:25.586282+00:00
[2023-08-28T18:11:26.618+0000] {logging_mixin.py:120} INFO - nike_22AUG2023_1912.csv mapped to category_etl.csv
[2023-08-28T18:11:27.202+0000] {python.py:177} INFO - Done. Returned value was: ['category_etl.csv']
[2023-08-28T18:11:27.224+0000] {taskinstance.py:1406} INFO - Marking task as SUCCESS. dag_id=nikeCategory_dag, task_id=extract_task, execution_date=20230828T181125, start_date=20230828T181126, end_date=20230828T181127
[2023-08-28T18:11:27.270+0000] {local_task_job.py:164} INFO - Task exited with return code 0
[2023-08-28T18:11:27.298+0000] {local_task_job.py:273} INFO - 1 downstream tasks scheduled from follow-on schedule check
