[2023-08-28T16:27:48.569+0000] {processor.py:154} INFO - Started process (PID=35) to work on /opt/airflow/dags/nikeSales_dag.py
[2023-08-28T16:27:48.570+0000] {processor.py:756} INFO - Processing file /opt/airflow/dags/nikeSales_dag.py for tasks to queue
[2023-08-28T16:27:48.572+0000] {logging_mixin.py:120} INFO - [2023-08-28T16:27:48.572+0000] {dagbag.py:537} INFO - Filling up the DagBag from /opt/airflow/dags/nikeSales_dag.py
[2023-08-28T16:27:49.062+0000] {processor.py:766} INFO - DAG(s) dict_keys(['nikeSales_dag']) retrieved from /opt/airflow/dags/nikeSales_dag.py
[2023-08-28T16:27:49.115+0000] {logging_mixin.py:120} INFO - [2023-08-28T16:27:49.114+0000] {dag.py:2585} INFO - Sync 1 DAGs
[2023-08-28T16:27:49.148+0000] {logging_mixin.py:120} INFO - [2023-08-28T16:27:49.148+0000] {dag.py:3340} INFO - Setting next_dagrun for nikeSales_dag to None, run_after=None
[2023-08-28T16:27:49.208+0000] {processor.py:176} INFO - Processing /opt/airflow/dags/nikeSales_dag.py took 0.643 seconds
[2023-08-28T16:28:19.485+0000] {processor.py:154} INFO - Started process (PID=65) to work on /opt/airflow/dags/nikeSales_dag.py
[2023-08-28T16:28:19.487+0000] {processor.py:756} INFO - Processing file /opt/airflow/dags/nikeSales_dag.py for tasks to queue
[2023-08-28T16:28:19.489+0000] {logging_mixin.py:120} INFO - [2023-08-28T16:28:19.489+0000] {dagbag.py:537} INFO - Filling up the DagBag from /opt/airflow/dags/nikeSales_dag.py
[2023-08-28T16:28:19.684+0000] {processor.py:766} INFO - DAG(s) dict_keys(['nikeSales_dag']) retrieved from /opt/airflow/dags/nikeSales_dag.py
[2023-08-28T16:28:19.714+0000] {logging_mixin.py:120} INFO - [2023-08-28T16:28:19.714+0000] {dag.py:2585} INFO - Sync 1 DAGs
[2023-08-28T16:28:19.730+0000] {logging_mixin.py:120} INFO - [2023-08-28T16:28:19.730+0000] {dag.py:3340} INFO - Setting next_dagrun for nikeSales_dag to None, run_after=None
[2023-08-28T16:28:19.741+0000] {processor.py:176} INFO - Processing /opt/airflow/dags/nikeSales_dag.py took 0.264 seconds
[2023-08-28T16:28:49.959+0000] {processor.py:154} INFO - Started process (PID=95) to work on /opt/airflow/dags/nikeSales_dag.py
[2023-08-28T16:28:49.960+0000] {processor.py:756} INFO - Processing file /opt/airflow/dags/nikeSales_dag.py for tasks to queue
[2023-08-28T16:28:49.961+0000] {logging_mixin.py:120} INFO - [2023-08-28T16:28:49.961+0000] {dagbag.py:537} INFO - Filling up the DagBag from /opt/airflow/dags/nikeSales_dag.py
[2023-08-28T16:28:50.194+0000] {processor.py:766} INFO - DAG(s) dict_keys(['nikeSales_dag']) retrieved from /opt/airflow/dags/nikeSales_dag.py
[2023-08-28T16:28:50.237+0000] {logging_mixin.py:120} INFO - [2023-08-28T16:28:50.236+0000] {dag.py:2585} INFO - Sync 1 DAGs
[2023-08-28T16:28:50.255+0000] {logging_mixin.py:120} INFO - [2023-08-28T16:28:50.255+0000] {dag.py:3340} INFO - Setting next_dagrun for nikeSales_dag to None, run_after=None
[2023-08-28T16:28:50.269+0000] {processor.py:176} INFO - Processing /opt/airflow/dags/nikeSales_dag.py took 0.313 seconds
[2023-08-28T16:29:20.602+0000] {processor.py:154} INFO - Started process (PID=125) to work on /opt/airflow/dags/nikeSales_dag.py
[2023-08-28T16:29:20.604+0000] {processor.py:756} INFO - Processing file /opt/airflow/dags/nikeSales_dag.py for tasks to queue
[2023-08-28T16:29:20.605+0000] {logging_mixin.py:120} INFO - [2023-08-28T16:29:20.605+0000] {dagbag.py:537} INFO - Filling up the DagBag from /opt/airflow/dags/nikeSales_dag.py
[2023-08-28T16:29:20.785+0000] {processor.py:766} INFO - DAG(s) dict_keys(['nikeSales_dag']) retrieved from /opt/airflow/dags/nikeSales_dag.py
[2023-08-28T16:29:20.822+0000] {logging_mixin.py:120} INFO - [2023-08-28T16:29:20.822+0000] {dag.py:2585} INFO - Sync 1 DAGs
[2023-08-28T16:29:20.840+0000] {logging_mixin.py:120} INFO - [2023-08-28T16:29:20.840+0000] {dag.py:3340} INFO - Setting next_dagrun for nikeSales_dag to None, run_after=None
[2023-08-28T16:29:20.852+0000] {processor.py:176} INFO - Processing /opt/airflow/dags/nikeSales_dag.py took 0.252 seconds
[2023-08-28T16:29:51.261+0000] {processor.py:154} INFO - Started process (PID=147) to work on /opt/airflow/dags/nikeSales_dag.py
[2023-08-28T16:29:51.262+0000] {processor.py:756} INFO - Processing file /opt/airflow/dags/nikeSales_dag.py for tasks to queue
[2023-08-28T16:29:51.263+0000] {logging_mixin.py:120} INFO - [2023-08-28T16:29:51.263+0000] {dagbag.py:537} INFO - Filling up the DagBag from /opt/airflow/dags/nikeSales_dag.py
[2023-08-28T16:29:51.425+0000] {processor.py:766} INFO - DAG(s) dict_keys(['nikeSales_dag']) retrieved from /opt/airflow/dags/nikeSales_dag.py
[2023-08-28T16:29:51.455+0000] {logging_mixin.py:120} INFO - [2023-08-28T16:29:51.455+0000] {dag.py:2585} INFO - Sync 1 DAGs
[2023-08-28T16:29:51.472+0000] {logging_mixin.py:120} INFO - [2023-08-28T16:29:51.472+0000] {dag.py:3340} INFO - Setting next_dagrun for nikeSales_dag to None, run_after=None
[2023-08-28T16:29:51.485+0000] {processor.py:176} INFO - Processing /opt/airflow/dags/nikeSales_dag.py took 0.226 seconds
[2023-08-28T16:30:21.857+0000] {processor.py:154} INFO - Started process (PID=178) to work on /opt/airflow/dags/nikeSales_dag.py
[2023-08-28T16:30:21.860+0000] {processor.py:756} INFO - Processing file /opt/airflow/dags/nikeSales_dag.py for tasks to queue
[2023-08-28T16:30:21.861+0000] {logging_mixin.py:120} INFO - [2023-08-28T16:30:21.861+0000] {dagbag.py:537} INFO - Filling up the DagBag from /opt/airflow/dags/nikeSales_dag.py
[2023-08-28T16:30:22.056+0000] {processor.py:766} INFO - DAG(s) dict_keys(['nikeSales_dag']) retrieved from /opt/airflow/dags/nikeSales_dag.py
[2023-08-28T16:30:22.087+0000] {logging_mixin.py:120} INFO - [2023-08-28T16:30:22.087+0000] {dag.py:2585} INFO - Sync 1 DAGs
[2023-08-28T16:30:22.103+0000] {logging_mixin.py:120} INFO - [2023-08-28T16:30:22.103+0000] {dag.py:3340} INFO - Setting next_dagrun for nikeSales_dag to None, run_after=None
[2023-08-28T16:30:22.114+0000] {processor.py:176} INFO - Processing /opt/airflow/dags/nikeSales_dag.py took 0.260 seconds
[2023-08-28T16:30:52.450+0000] {processor.py:154} INFO - Started process (PID=209) to work on /opt/airflow/dags/nikeSales_dag.py
[2023-08-28T16:30:52.452+0000] {processor.py:756} INFO - Processing file /opt/airflow/dags/nikeSales_dag.py for tasks to queue
[2023-08-28T16:30:52.453+0000] {logging_mixin.py:120} INFO - [2023-08-28T16:30:52.453+0000] {dagbag.py:537} INFO - Filling up the DagBag from /opt/airflow/dags/nikeSales_dag.py
[2023-08-28T16:30:52.614+0000] {processor.py:766} INFO - DAG(s) dict_keys(['nikeSales_dag']) retrieved from /opt/airflow/dags/nikeSales_dag.py
[2023-08-28T16:30:52.643+0000] {logging_mixin.py:120} INFO - [2023-08-28T16:30:52.643+0000] {dag.py:2585} INFO - Sync 1 DAGs
[2023-08-28T16:30:52.661+0000] {logging_mixin.py:120} INFO - [2023-08-28T16:30:52.660+0000] {dag.py:3340} INFO - Setting next_dagrun for nikeSales_dag to None, run_after=None
[2023-08-28T16:30:52.673+0000] {processor.py:176} INFO - Processing /opt/airflow/dags/nikeSales_dag.py took 0.225 seconds
[2023-08-28T16:31:22.807+0000] {processor.py:154} INFO - Started process (PID=241) to work on /opt/airflow/dags/nikeSales_dag.py
[2023-08-28T16:31:22.809+0000] {processor.py:756} INFO - Processing file /opt/airflow/dags/nikeSales_dag.py for tasks to queue
[2023-08-28T16:31:22.810+0000] {logging_mixin.py:120} INFO - [2023-08-28T16:31:22.810+0000] {dagbag.py:537} INFO - Filling up the DagBag from /opt/airflow/dags/nikeSales_dag.py
[2023-08-28T16:31:22.990+0000] {processor.py:766} INFO - DAG(s) dict_keys(['nikeSales_dag']) retrieved from /opt/airflow/dags/nikeSales_dag.py
[2023-08-28T16:31:23.018+0000] {logging_mixin.py:120} INFO - [2023-08-28T16:31:23.018+0000] {dag.py:2585} INFO - Sync 1 DAGs
[2023-08-28T16:31:23.034+0000] {logging_mixin.py:120} INFO - [2023-08-28T16:31:23.033+0000] {dag.py:3340} INFO - Setting next_dagrun for nikeSales_dag to None, run_after=None
[2023-08-28T16:31:23.044+0000] {processor.py:176} INFO - Processing /opt/airflow/dags/nikeSales_dag.py took 0.240 seconds
[2023-08-28T16:31:53.453+0000] {processor.py:154} INFO - Started process (PID=272) to work on /opt/airflow/dags/nikeSales_dag.py
[2023-08-28T16:31:53.454+0000] {processor.py:756} INFO - Processing file /opt/airflow/dags/nikeSales_dag.py for tasks to queue
[2023-08-28T16:31:53.456+0000] {logging_mixin.py:120} INFO - [2023-08-28T16:31:53.456+0000] {dagbag.py:537} INFO - Filling up the DagBag from /opt/airflow/dags/nikeSales_dag.py
[2023-08-28T16:31:53.637+0000] {processor.py:766} INFO - DAG(s) dict_keys(['nikeSales_dag']) retrieved from /opt/airflow/dags/nikeSales_dag.py
[2023-08-28T16:31:53.670+0000] {logging_mixin.py:120} INFO - [2023-08-28T16:31:53.670+0000] {dag.py:2585} INFO - Sync 1 DAGs
[2023-08-28T16:31:53.688+0000] {logging_mixin.py:120} INFO - [2023-08-28T16:31:53.688+0000] {dag.py:3340} INFO - Setting next_dagrun for nikeSales_dag to None, run_after=None
[2023-08-28T16:31:53.699+0000] {processor.py:176} INFO - Processing /opt/airflow/dags/nikeSales_dag.py took 0.249 seconds
[2023-08-28T16:32:23.822+0000] {processor.py:154} INFO - Started process (PID=304) to work on /opt/airflow/dags/nikeSales_dag.py
[2023-08-28T16:32:23.825+0000] {processor.py:756} INFO - Processing file /opt/airflow/dags/nikeSales_dag.py for tasks to queue
[2023-08-28T16:32:23.829+0000] {logging_mixin.py:120} INFO - [2023-08-28T16:32:23.829+0000] {dagbag.py:537} INFO - Filling up the DagBag from /opt/airflow/dags/nikeSales_dag.py
[2023-08-28T16:32:24.024+0000] {processor.py:766} INFO - DAG(s) dict_keys(['nikeSales_dag']) retrieved from /opt/airflow/dags/nikeSales_dag.py
[2023-08-28T16:32:24.061+0000] {logging_mixin.py:120} INFO - [2023-08-28T16:32:24.061+0000] {dag.py:2585} INFO - Sync 1 DAGs
[2023-08-28T16:32:24.078+0000] {logging_mixin.py:120} INFO - [2023-08-28T16:32:24.078+0000] {dag.py:3340} INFO - Setting next_dagrun for nikeSales_dag to None, run_after=None
[2023-08-28T16:32:24.090+0000] {processor.py:176} INFO - Processing /opt/airflow/dags/nikeSales_dag.py took 0.279 seconds
[2023-08-28T16:32:54.498+0000] {processor.py:154} INFO - Started process (PID=325) to work on /opt/airflow/dags/nikeSales_dag.py
[2023-08-28T16:32:54.500+0000] {processor.py:756} INFO - Processing file /opt/airflow/dags/nikeSales_dag.py for tasks to queue
[2023-08-28T16:32:54.501+0000] {logging_mixin.py:120} INFO - [2023-08-28T16:32:54.501+0000] {dagbag.py:537} INFO - Filling up the DagBag from /opt/airflow/dags/nikeSales_dag.py
[2023-08-28T16:32:54.696+0000] {processor.py:766} INFO - DAG(s) dict_keys(['nikeSales_dag']) retrieved from /opt/airflow/dags/nikeSales_dag.py
[2023-08-28T16:32:54.751+0000] {logging_mixin.py:120} INFO - [2023-08-28T16:32:54.750+0000] {dag.py:2585} INFO - Sync 1 DAGs
[2023-08-28T16:32:54.766+0000] {logging_mixin.py:120} INFO - [2023-08-28T16:32:54.766+0000] {dag.py:3340} INFO - Setting next_dagrun for nikeSales_dag to None, run_after=None
[2023-08-28T16:32:54.779+0000] {processor.py:176} INFO - Processing /opt/airflow/dags/nikeSales_dag.py took 0.283 seconds
[2023-08-28T16:33:25.110+0000] {processor.py:154} INFO - Started process (PID=356) to work on /opt/airflow/dags/nikeSales_dag.py
[2023-08-28T16:33:25.114+0000] {processor.py:756} INFO - Processing file /opt/airflow/dags/nikeSales_dag.py for tasks to queue
[2023-08-28T16:33:25.116+0000] {logging_mixin.py:120} INFO - [2023-08-28T16:33:25.116+0000] {dagbag.py:537} INFO - Filling up the DagBag from /opt/airflow/dags/nikeSales_dag.py
[2023-08-28T16:33:25.335+0000] {processor.py:766} INFO - DAG(s) dict_keys(['nikeSales_dag']) retrieved from /opt/airflow/dags/nikeSales_dag.py
[2023-08-28T16:33:25.366+0000] {logging_mixin.py:120} INFO - [2023-08-28T16:33:25.366+0000] {dag.py:2585} INFO - Sync 1 DAGs
[2023-08-28T16:33:25.382+0000] {logging_mixin.py:120} INFO - [2023-08-28T16:33:25.382+0000] {dag.py:3340} INFO - Setting next_dagrun for nikeSales_dag to None, run_after=None
[2023-08-28T16:33:25.396+0000] {processor.py:176} INFO - Processing /opt/airflow/dags/nikeSales_dag.py took 0.292 seconds
[2023-08-28T16:33:55.777+0000] {processor.py:154} INFO - Started process (PID=386) to work on /opt/airflow/dags/nikeSales_dag.py
[2023-08-28T16:33:55.780+0000] {processor.py:756} INFO - Processing file /opt/airflow/dags/nikeSales_dag.py for tasks to queue
[2023-08-28T16:33:55.781+0000] {logging_mixin.py:120} INFO - [2023-08-28T16:33:55.781+0000] {dagbag.py:537} INFO - Filling up the DagBag from /opt/airflow/dags/nikeSales_dag.py
[2023-08-28T16:33:55.976+0000] {processor.py:766} INFO - DAG(s) dict_keys(['nikeSales_dag']) retrieved from /opt/airflow/dags/nikeSales_dag.py
[2023-08-28T16:33:56.009+0000] {logging_mixin.py:120} INFO - [2023-08-28T16:33:56.009+0000] {dag.py:2585} INFO - Sync 1 DAGs
[2023-08-28T16:33:56.028+0000] {logging_mixin.py:120} INFO - [2023-08-28T16:33:56.028+0000] {dag.py:3340} INFO - Setting next_dagrun for nikeSales_dag to None, run_after=None
[2023-08-28T16:33:56.040+0000] {processor.py:176} INFO - Processing /opt/airflow/dags/nikeSales_dag.py took 0.268 seconds
[2023-08-28T16:34:26.401+0000] {processor.py:154} INFO - Started process (PID=417) to work on /opt/airflow/dags/nikeSales_dag.py
[2023-08-28T16:34:26.404+0000] {processor.py:756} INFO - Processing file /opt/airflow/dags/nikeSales_dag.py for tasks to queue
[2023-08-28T16:34:26.406+0000] {logging_mixin.py:120} INFO - [2023-08-28T16:34:26.405+0000] {dagbag.py:537} INFO - Filling up the DagBag from /opt/airflow/dags/nikeSales_dag.py
[2023-08-28T16:34:26.598+0000] {processor.py:766} INFO - DAG(s) dict_keys(['nikeSales_dag']) retrieved from /opt/airflow/dags/nikeSales_dag.py
[2023-08-28T16:34:26.631+0000] {logging_mixin.py:120} INFO - [2023-08-28T16:34:26.631+0000] {dag.py:2585} INFO - Sync 1 DAGs
[2023-08-28T16:34:26.653+0000] {logging_mixin.py:120} INFO - [2023-08-28T16:34:26.653+0000] {dag.py:3340} INFO - Setting next_dagrun for nikeSales_dag to None, run_after=None
[2023-08-28T16:34:26.670+0000] {processor.py:176} INFO - Processing /opt/airflow/dags/nikeSales_dag.py took 0.272 seconds
[2023-08-28T16:34:57.000+0000] {processor.py:154} INFO - Started process (PID=448) to work on /opt/airflow/dags/nikeSales_dag.py
[2023-08-28T16:34:57.001+0000] {processor.py:756} INFO - Processing file /opt/airflow/dags/nikeSales_dag.py for tasks to queue
[2023-08-28T16:34:57.003+0000] {logging_mixin.py:120} INFO - [2023-08-28T16:34:57.002+0000] {dagbag.py:537} INFO - Filling up the DagBag from /opt/airflow/dags/nikeSales_dag.py
[2023-08-28T16:34:57.199+0000] {processor.py:766} INFO - DAG(s) dict_keys(['nikeSales_dag']) retrieved from /opt/airflow/dags/nikeSales_dag.py
[2023-08-28T16:34:57.231+0000] {logging_mixin.py:120} INFO - [2023-08-28T16:34:57.231+0000] {dag.py:2585} INFO - Sync 1 DAGs
[2023-08-28T16:34:57.248+0000] {logging_mixin.py:120} INFO - [2023-08-28T16:34:57.248+0000] {dag.py:3340} INFO - Setting next_dagrun for nikeSales_dag to None, run_after=None
[2023-08-28T16:34:57.261+0000] {processor.py:176} INFO - Processing /opt/airflow/dags/nikeSales_dag.py took 0.266 seconds
[2023-08-28T16:35:27.584+0000] {processor.py:154} INFO - Started process (PID=479) to work on /opt/airflow/dags/nikeSales_dag.py
[2023-08-28T16:35:27.585+0000] {processor.py:756} INFO - Processing file /opt/airflow/dags/nikeSales_dag.py for tasks to queue
[2023-08-28T16:35:27.587+0000] {logging_mixin.py:120} INFO - [2023-08-28T16:35:27.587+0000] {dagbag.py:537} INFO - Filling up the DagBag from /opt/airflow/dags/nikeSales_dag.py
[2023-08-28T16:35:27.764+0000] {processor.py:766} INFO - DAG(s) dict_keys(['nikeSales_dag']) retrieved from /opt/airflow/dags/nikeSales_dag.py
[2023-08-28T16:35:27.797+0000] {logging_mixin.py:120} INFO - [2023-08-28T16:35:27.796+0000] {dag.py:2585} INFO - Sync 1 DAGs
[2023-08-28T16:35:27.813+0000] {logging_mixin.py:120} INFO - [2023-08-28T16:35:27.813+0000] {dag.py:3340} INFO - Setting next_dagrun for nikeSales_dag to None, run_after=None
[2023-08-28T16:35:27.825+0000] {processor.py:176} INFO - Processing /opt/airflow/dags/nikeSales_dag.py took 0.247 seconds
[2023-08-28T16:35:58.128+0000] {processor.py:154} INFO - Started process (PID=501) to work on /opt/airflow/dags/nikeSales_dag.py
[2023-08-28T16:35:58.133+0000] {processor.py:756} INFO - Processing file /opt/airflow/dags/nikeSales_dag.py for tasks to queue
[2023-08-28T16:35:58.134+0000] {logging_mixin.py:120} INFO - [2023-08-28T16:35:58.134+0000] {dagbag.py:537} INFO - Filling up the DagBag from /opt/airflow/dags/nikeSales_dag.py
[2023-08-28T16:35:58.309+0000] {processor.py:766} INFO - DAG(s) dict_keys(['nikeSales_dag']) retrieved from /opt/airflow/dags/nikeSales_dag.py
[2023-08-28T16:35:58.344+0000] {logging_mixin.py:120} INFO - [2023-08-28T16:35:58.344+0000] {dag.py:2585} INFO - Sync 1 DAGs
[2023-08-28T16:35:58.371+0000] {logging_mixin.py:120} INFO - [2023-08-28T16:35:58.371+0000] {dag.py:3340} INFO - Setting next_dagrun for nikeSales_dag to 2022-03-01T00:00:00+00:00, run_after=2022-03-01T00:00:00+00:00
[2023-08-28T16:35:58.384+0000] {processor.py:176} INFO - Processing /opt/airflow/dags/nikeSales_dag.py took 0.261 seconds
[2023-08-28T16:36:28.790+0000] {processor.py:154} INFO - Started process (PID=536) to work on /opt/airflow/dags/nikeSales_dag.py
[2023-08-28T16:36:28.793+0000] {processor.py:756} INFO - Processing file /opt/airflow/dags/nikeSales_dag.py for tasks to queue
[2023-08-28T16:36:28.795+0000] {logging_mixin.py:120} INFO - [2023-08-28T16:36:28.795+0000] {dagbag.py:537} INFO - Filling up the DagBag from /opt/airflow/dags/nikeSales_dag.py
[2023-08-28T16:36:29.007+0000] {processor.py:766} INFO - DAG(s) dict_keys(['nikeSales_dag']) retrieved from /opt/airflow/dags/nikeSales_dag.py
[2023-08-28T16:36:29.054+0000] {logging_mixin.py:120} INFO - [2023-08-28T16:36:29.054+0000] {dag.py:2585} INFO - Sync 1 DAGs
[2023-08-28T16:36:29.073+0000] {logging_mixin.py:120} INFO - [2023-08-28T16:36:29.073+0000] {dag.py:3340} INFO - Setting next_dagrun for nikeSales_dag to None, run_after=None
[2023-08-28T16:36:29.086+0000] {processor.py:176} INFO - Processing /opt/airflow/dags/nikeSales_dag.py took 0.300 seconds
[2023-08-28T16:36:59.357+0000] {processor.py:154} INFO - Started process (PID=567) to work on /opt/airflow/dags/nikeSales_dag.py
[2023-08-28T16:36:59.359+0000] {processor.py:756} INFO - Processing file /opt/airflow/dags/nikeSales_dag.py for tasks to queue
[2023-08-28T16:36:59.360+0000] {logging_mixin.py:120} INFO - [2023-08-28T16:36:59.360+0000] {dagbag.py:537} INFO - Filling up the DagBag from /opt/airflow/dags/nikeSales_dag.py
[2023-08-28T16:36:59.558+0000] {processor.py:766} INFO - DAG(s) dict_keys(['nikeSales_dag']) retrieved from /opt/airflow/dags/nikeSales_dag.py
[2023-08-28T16:36:59.592+0000] {logging_mixin.py:120} INFO - [2023-08-28T16:36:59.592+0000] {dag.py:2585} INFO - Sync 1 DAGs
[2023-08-28T16:36:59.610+0000] {logging_mixin.py:120} INFO - [2023-08-28T16:36:59.610+0000] {dag.py:3340} INFO - Setting next_dagrun for nikeSales_dag to None, run_after=None
[2023-08-28T16:36:59.623+0000] {processor.py:176} INFO - Processing /opt/airflow/dags/nikeSales_dag.py took 0.270 seconds
[2023-08-28T16:37:29.934+0000] {processor.py:154} INFO - Started process (PID=598) to work on /opt/airflow/dags/nikeSales_dag.py
[2023-08-28T16:37:29.936+0000] {processor.py:756} INFO - Processing file /opt/airflow/dags/nikeSales_dag.py for tasks to queue
[2023-08-28T16:37:29.938+0000] {logging_mixin.py:120} INFO - [2023-08-28T16:37:29.938+0000] {dagbag.py:537} INFO - Filling up the DagBag from /opt/airflow/dags/nikeSales_dag.py
[2023-08-28T16:37:30.144+0000] {processor.py:766} INFO - DAG(s) dict_keys(['nikeSales_dag']) retrieved from /opt/airflow/dags/nikeSales_dag.py
[2023-08-28T16:37:30.188+0000] {logging_mixin.py:120} INFO - [2023-08-28T16:37:30.188+0000] {dag.py:2585} INFO - Sync 1 DAGs
[2023-08-28T16:37:30.208+0000] {logging_mixin.py:120} INFO - [2023-08-28T16:37:30.208+0000] {dag.py:3340} INFO - Setting next_dagrun for nikeSales_dag to None, run_after=None
[2023-08-28T16:37:30.221+0000] {processor.py:176} INFO - Processing /opt/airflow/dags/nikeSales_dag.py took 0.291 seconds
[2023-08-28T16:38:00.635+0000] {processor.py:154} INFO - Started process (PID=629) to work on /opt/airflow/dags/nikeSales_dag.py
[2023-08-28T16:38:00.637+0000] {processor.py:756} INFO - Processing file /opt/airflow/dags/nikeSales_dag.py for tasks to queue
[2023-08-28T16:38:00.638+0000] {logging_mixin.py:120} INFO - [2023-08-28T16:38:00.638+0000] {dagbag.py:537} INFO - Filling up the DagBag from /opt/airflow/dags/nikeSales_dag.py
[2023-08-28T16:38:00.813+0000] {processor.py:766} INFO - DAG(s) dict_keys(['nikeSales_dag']) retrieved from /opt/airflow/dags/nikeSales_dag.py
[2023-08-28T16:38:00.847+0000] {logging_mixin.py:120} INFO - [2023-08-28T16:38:00.847+0000] {dag.py:2585} INFO - Sync 1 DAGs
[2023-08-28T16:38:00.864+0000] {logging_mixin.py:120} INFO - [2023-08-28T16:38:00.864+0000] {dag.py:3340} INFO - Setting next_dagrun for nikeSales_dag to 2022-03-01T00:00:00+00:00, run_after=2022-03-01T00:00:00+00:00
[2023-08-28T16:38:00.876+0000] {processor.py:176} INFO - Processing /opt/airflow/dags/nikeSales_dag.py took 0.246 seconds
[2023-08-28T16:38:31.214+0000] {processor.py:154} INFO - Started process (PID=672) to work on /opt/airflow/dags/nikeSales_dag.py
[2023-08-28T16:38:31.216+0000] {processor.py:756} INFO - Processing file /opt/airflow/dags/nikeSales_dag.py for tasks to queue
[2023-08-28T16:38:31.218+0000] {logging_mixin.py:120} INFO - [2023-08-28T16:38:31.218+0000] {dagbag.py:537} INFO - Filling up the DagBag from /opt/airflow/dags/nikeSales_dag.py
[2023-08-28T16:38:31.496+0000] {processor.py:766} INFO - DAG(s) dict_keys(['nikeSales_dag']) retrieved from /opt/airflow/dags/nikeSales_dag.py
[2023-08-28T16:38:31.549+0000] {logging_mixin.py:120} INFO - [2023-08-28T16:38:31.549+0000] {dag.py:2585} INFO - Sync 1 DAGs
[2023-08-28T16:38:31.570+0000] {logging_mixin.py:120} INFO - [2023-08-28T16:38:31.569+0000] {dag.py:3340} INFO - Setting next_dagrun for nikeSales_dag to None, run_after=None
[2023-08-28T16:38:31.584+0000] {processor.py:176} INFO - Processing /opt/airflow/dags/nikeSales_dag.py took 0.374 seconds
[2023-08-28T16:39:01.912+0000] {processor.py:154} INFO - Started process (PID=694) to work on /opt/airflow/dags/nikeSales_dag.py
[2023-08-28T16:39:01.913+0000] {processor.py:756} INFO - Processing file /opt/airflow/dags/nikeSales_dag.py for tasks to queue
[2023-08-28T16:39:01.915+0000] {logging_mixin.py:120} INFO - [2023-08-28T16:39:01.914+0000] {dagbag.py:537} INFO - Filling up the DagBag from /opt/airflow/dags/nikeSales_dag.py
[2023-08-28T16:39:02.097+0000] {processor.py:766} INFO - DAG(s) dict_keys(['nikeSales_dag']) retrieved from /opt/airflow/dags/nikeSales_dag.py
[2023-08-28T16:39:02.132+0000] {logging_mixin.py:120} INFO - [2023-08-28T16:39:02.132+0000] {dag.py:2585} INFO - Sync 1 DAGs
[2023-08-28T16:39:02.149+0000] {logging_mixin.py:120} INFO - [2023-08-28T16:39:02.149+0000] {dag.py:3340} INFO - Setting next_dagrun for nikeSales_dag to None, run_after=None
[2023-08-28T16:39:02.161+0000] {processor.py:176} INFO - Processing /opt/airflow/dags/nikeSales_dag.py took 0.251 seconds
[2023-08-28T16:39:32.589+0000] {processor.py:154} INFO - Started process (PID=726) to work on /opt/airflow/dags/nikeSales_dag.py
[2023-08-28T16:39:32.591+0000] {processor.py:756} INFO - Processing file /opt/airflow/dags/nikeSales_dag.py for tasks to queue
[2023-08-28T16:39:32.592+0000] {logging_mixin.py:120} INFO - [2023-08-28T16:39:32.592+0000] {dagbag.py:537} INFO - Filling up the DagBag from /opt/airflow/dags/nikeSales_dag.py
[2023-08-28T16:39:32.793+0000] {processor.py:766} INFO - DAG(s) dict_keys(['nikeSales_dag']) retrieved from /opt/airflow/dags/nikeSales_dag.py
[2023-08-28T16:39:32.829+0000] {logging_mixin.py:120} INFO - [2023-08-28T16:39:32.829+0000] {dag.py:2585} INFO - Sync 1 DAGs
[2023-08-28T16:39:32.846+0000] {logging_mixin.py:120} INFO - [2023-08-28T16:39:32.846+0000] {dag.py:3340} INFO - Setting next_dagrun for nikeSales_dag to None, run_after=None
[2023-08-28T16:39:32.857+0000] {processor.py:176} INFO - Processing /opt/airflow/dags/nikeSales_dag.py took 0.272 seconds
