[2023-08-28T16:27:48.549+0000] {processor.py:154} INFO - Started process (PID=34) to work on /opt/airflow/dags/nikeProducts_dag.py
[2023-08-28T16:27:48.551+0000] {processor.py:756} INFO - Processing file /opt/airflow/dags/nikeProducts_dag.py for tasks to queue
[2023-08-28T16:27:48.552+0000] {logging_mixin.py:120} INFO - [2023-08-28T16:27:48.552+0000] {dagbag.py:537} INFO - Filling up the DagBag from /opt/airflow/dags/nikeProducts_dag.py
[2023-08-28T16:27:49.062+0000] {processor.py:766} INFO - DAG(s) dict_keys(['nikeProducts_dag']) retrieved from /opt/airflow/dags/nikeProducts_dag.py
[2023-08-28T16:27:49.115+0000] {logging_mixin.py:120} INFO - [2023-08-28T16:27:49.115+0000] {dag.py:2585} INFO - Sync 1 DAGs
[2023-08-28T16:27:49.147+0000] {logging_mixin.py:120} INFO - [2023-08-28T16:27:49.147+0000] {dag.py:3340} INFO - Setting next_dagrun for nikeProducts_dag to None, run_after=None
[2023-08-28T16:27:49.205+0000] {processor.py:176} INFO - Processing /opt/airflow/dags/nikeProducts_dag.py took 0.659 seconds
[2023-08-28T16:28:19.485+0000] {processor.py:154} INFO - Started process (PID=64) to work on /opt/airflow/dags/nikeProducts_dag.py
[2023-08-28T16:28:19.487+0000] {processor.py:756} INFO - Processing file /opt/airflow/dags/nikeProducts_dag.py for tasks to queue
[2023-08-28T16:28:19.489+0000] {logging_mixin.py:120} INFO - [2023-08-28T16:28:19.489+0000] {dagbag.py:537} INFO - Filling up the DagBag from /opt/airflow/dags/nikeProducts_dag.py
[2023-08-28T16:28:19.684+0000] {processor.py:766} INFO - DAG(s) dict_keys(['nikeProducts_dag']) retrieved from /opt/airflow/dags/nikeProducts_dag.py
[2023-08-28T16:28:19.714+0000] {logging_mixin.py:120} INFO - [2023-08-28T16:28:19.714+0000] {dag.py:2585} INFO - Sync 1 DAGs
[2023-08-28T16:28:19.730+0000] {logging_mixin.py:120} INFO - [2023-08-28T16:28:19.730+0000] {dag.py:3340} INFO - Setting next_dagrun for nikeProducts_dag to None, run_after=None
[2023-08-28T16:28:19.741+0000] {processor.py:176} INFO - Processing /opt/airflow/dags/nikeProducts_dag.py took 0.262 seconds
[2023-08-28T16:28:49.957+0000] {processor.py:154} INFO - Started process (PID=94) to work on /opt/airflow/dags/nikeProducts_dag.py
[2023-08-28T16:28:49.959+0000] {processor.py:756} INFO - Processing file /opt/airflow/dags/nikeProducts_dag.py for tasks to queue
[2023-08-28T16:28:49.960+0000] {logging_mixin.py:120} INFO - [2023-08-28T16:28:49.960+0000] {dagbag.py:537} INFO - Filling up the DagBag from /opt/airflow/dags/nikeProducts_dag.py
[2023-08-28T16:28:50.194+0000] {processor.py:766} INFO - DAG(s) dict_keys(['nikeProducts_dag']) retrieved from /opt/airflow/dags/nikeProducts_dag.py
[2023-08-28T16:28:50.237+0000] {logging_mixin.py:120} INFO - [2023-08-28T16:28:50.236+0000] {dag.py:2585} INFO - Sync 1 DAGs
[2023-08-28T16:28:50.255+0000] {logging_mixin.py:120} INFO - [2023-08-28T16:28:50.255+0000] {dag.py:3340} INFO - Setting next_dagrun for nikeProducts_dag to None, run_after=None
[2023-08-28T16:28:50.269+0000] {processor.py:176} INFO - Processing /opt/airflow/dags/nikeProducts_dag.py took 0.315 seconds
[2023-08-28T16:29:20.602+0000] {processor.py:154} INFO - Started process (PID=124) to work on /opt/airflow/dags/nikeProducts_dag.py
[2023-08-28T16:29:20.604+0000] {processor.py:756} INFO - Processing file /opt/airflow/dags/nikeProducts_dag.py for tasks to queue
[2023-08-28T16:29:20.605+0000] {logging_mixin.py:120} INFO - [2023-08-28T16:29:20.605+0000] {dagbag.py:537} INFO - Filling up the DagBag from /opt/airflow/dags/nikeProducts_dag.py
[2023-08-28T16:29:20.785+0000] {processor.py:766} INFO - DAG(s) dict_keys(['nikeProducts_dag']) retrieved from /opt/airflow/dags/nikeProducts_dag.py
[2023-08-28T16:29:20.822+0000] {logging_mixin.py:120} INFO - [2023-08-28T16:29:20.822+0000] {dag.py:2585} INFO - Sync 1 DAGs
[2023-08-28T16:29:20.839+0000] {logging_mixin.py:120} INFO - [2023-08-28T16:29:20.839+0000] {dag.py:3340} INFO - Setting next_dagrun for nikeProducts_dag to None, run_after=None
[2023-08-28T16:29:20.852+0000] {processor.py:176} INFO - Processing /opt/airflow/dags/nikeProducts_dag.py took 0.254 seconds
[2023-08-28T16:29:51.260+0000] {processor.py:154} INFO - Started process (PID=146) to work on /opt/airflow/dags/nikeProducts_dag.py
[2023-08-28T16:29:51.262+0000] {processor.py:756} INFO - Processing file /opt/airflow/dags/nikeProducts_dag.py for tasks to queue
[2023-08-28T16:29:51.263+0000] {logging_mixin.py:120} INFO - [2023-08-28T16:29:51.263+0000] {dagbag.py:537} INFO - Filling up the DagBag from /opt/airflow/dags/nikeProducts_dag.py
[2023-08-28T16:29:51.426+0000] {processor.py:766} INFO - DAG(s) dict_keys(['nikeProducts_dag']) retrieved from /opt/airflow/dags/nikeProducts_dag.py
[2023-08-28T16:29:51.455+0000] {logging_mixin.py:120} INFO - [2023-08-28T16:29:51.455+0000] {dag.py:2585} INFO - Sync 1 DAGs
[2023-08-28T16:29:51.472+0000] {logging_mixin.py:120} INFO - [2023-08-28T16:29:51.472+0000] {dag.py:3340} INFO - Setting next_dagrun for nikeProducts_dag to None, run_after=None
[2023-08-28T16:29:51.485+0000] {processor.py:176} INFO - Processing /opt/airflow/dags/nikeProducts_dag.py took 0.228 seconds
[2023-08-28T16:30:21.857+0000] {processor.py:154} INFO - Started process (PID=177) to work on /opt/airflow/dags/nikeProducts_dag.py
[2023-08-28T16:30:21.860+0000] {processor.py:756} INFO - Processing file /opt/airflow/dags/nikeProducts_dag.py for tasks to queue
[2023-08-28T16:30:21.861+0000] {logging_mixin.py:120} INFO - [2023-08-28T16:30:21.861+0000] {dagbag.py:537} INFO - Filling up the DagBag from /opt/airflow/dags/nikeProducts_dag.py
[2023-08-28T16:30:22.055+0000] {processor.py:766} INFO - DAG(s) dict_keys(['nikeProducts_dag']) retrieved from /opt/airflow/dags/nikeProducts_dag.py
[2023-08-28T16:30:22.087+0000] {logging_mixin.py:120} INFO - [2023-08-28T16:30:22.087+0000] {dag.py:2585} INFO - Sync 1 DAGs
[2023-08-28T16:30:22.103+0000] {logging_mixin.py:120} INFO - [2023-08-28T16:30:22.103+0000] {dag.py:3340} INFO - Setting next_dagrun for nikeProducts_dag to None, run_after=None
[2023-08-28T16:30:22.114+0000] {processor.py:176} INFO - Processing /opt/airflow/dags/nikeProducts_dag.py took 0.261 seconds
[2023-08-28T16:30:52.447+0000] {processor.py:154} INFO - Started process (PID=208) to work on /opt/airflow/dags/nikeProducts_dag.py
[2023-08-28T16:30:52.448+0000] {processor.py:756} INFO - Processing file /opt/airflow/dags/nikeProducts_dag.py for tasks to queue
[2023-08-28T16:30:52.450+0000] {logging_mixin.py:120} INFO - [2023-08-28T16:30:52.450+0000] {dagbag.py:537} INFO - Filling up the DagBag from /opt/airflow/dags/nikeProducts_dag.py
[2023-08-28T16:30:52.614+0000] {processor.py:766} INFO - DAG(s) dict_keys(['nikeProducts_dag']) retrieved from /opt/airflow/dags/nikeProducts_dag.py
[2023-08-28T16:30:52.643+0000] {logging_mixin.py:120} INFO - [2023-08-28T16:30:52.643+0000] {dag.py:2585} INFO - Sync 1 DAGs
[2023-08-28T16:30:52.661+0000] {logging_mixin.py:120} INFO - [2023-08-28T16:30:52.660+0000] {dag.py:3340} INFO - Setting next_dagrun for nikeProducts_dag to None, run_after=None
[2023-08-28T16:30:52.673+0000] {processor.py:176} INFO - Processing /opt/airflow/dags/nikeProducts_dag.py took 0.229 seconds
[2023-08-28T16:31:22.807+0000] {processor.py:154} INFO - Started process (PID=240) to work on /opt/airflow/dags/nikeProducts_dag.py
[2023-08-28T16:31:22.809+0000] {processor.py:756} INFO - Processing file /opt/airflow/dags/nikeProducts_dag.py for tasks to queue
[2023-08-28T16:31:22.810+0000] {logging_mixin.py:120} INFO - [2023-08-28T16:31:22.810+0000] {dagbag.py:537} INFO - Filling up the DagBag from /opt/airflow/dags/nikeProducts_dag.py
[2023-08-28T16:31:22.990+0000] {processor.py:766} INFO - DAG(s) dict_keys(['nikeProducts_dag']) retrieved from /opt/airflow/dags/nikeProducts_dag.py
[2023-08-28T16:31:23.018+0000] {logging_mixin.py:120} INFO - [2023-08-28T16:31:23.018+0000] {dag.py:2585} INFO - Sync 1 DAGs
[2023-08-28T16:31:23.034+0000] {logging_mixin.py:120} INFO - [2023-08-28T16:31:23.033+0000] {dag.py:3340} INFO - Setting next_dagrun for nikeProducts_dag to None, run_after=None
[2023-08-28T16:31:23.044+0000] {processor.py:176} INFO - Processing /opt/airflow/dags/nikeProducts_dag.py took 0.242 seconds
[2023-08-28T16:31:53.450+0000] {processor.py:154} INFO - Started process (PID=271) to work on /opt/airflow/dags/nikeProducts_dag.py
[2023-08-28T16:31:53.453+0000] {processor.py:756} INFO - Processing file /opt/airflow/dags/nikeProducts_dag.py for tasks to queue
[2023-08-28T16:31:53.454+0000] {logging_mixin.py:120} INFO - [2023-08-28T16:31:53.454+0000] {dagbag.py:537} INFO - Filling up the DagBag from /opt/airflow/dags/nikeProducts_dag.py
[2023-08-28T16:31:53.637+0000] {processor.py:766} INFO - DAG(s) dict_keys(['nikeProducts_dag']) retrieved from /opt/airflow/dags/nikeProducts_dag.py
[2023-08-28T16:31:53.671+0000] {logging_mixin.py:120} INFO - [2023-08-28T16:31:53.670+0000] {dag.py:2585} INFO - Sync 1 DAGs
[2023-08-28T16:31:53.688+0000] {logging_mixin.py:120} INFO - [2023-08-28T16:31:53.688+0000] {dag.py:3340} INFO - Setting next_dagrun for nikeProducts_dag to None, run_after=None
[2023-08-28T16:31:53.699+0000] {processor.py:176} INFO - Processing /opt/airflow/dags/nikeProducts_dag.py took 0.254 seconds
[2023-08-28T16:32:23.817+0000] {processor.py:154} INFO - Started process (PID=303) to work on /opt/airflow/dags/nikeProducts_dag.py
[2023-08-28T16:32:23.822+0000] {processor.py:756} INFO - Processing file /opt/airflow/dags/nikeProducts_dag.py for tasks to queue
[2023-08-28T16:32:23.829+0000] {logging_mixin.py:120} INFO - [2023-08-28T16:32:23.829+0000] {dagbag.py:537} INFO - Filling up the DagBag from /opt/airflow/dags/nikeProducts_dag.py
[2023-08-28T16:32:24.024+0000] {processor.py:766} INFO - DAG(s) dict_keys(['nikeProducts_dag']) retrieved from /opt/airflow/dags/nikeProducts_dag.py
[2023-08-28T16:32:24.062+0000] {logging_mixin.py:120} INFO - [2023-08-28T16:32:24.061+0000] {dag.py:2585} INFO - Sync 1 DAGs
[2023-08-28T16:32:24.078+0000] {logging_mixin.py:120} INFO - [2023-08-28T16:32:24.078+0000] {dag.py:3340} INFO - Setting next_dagrun for nikeProducts_dag to None, run_after=None
[2023-08-28T16:32:24.090+0000] {processor.py:176} INFO - Processing /opt/airflow/dags/nikeProducts_dag.py took 0.279 seconds
[2023-08-28T16:32:54.496+0000] {processor.py:154} INFO - Started process (PID=324) to work on /opt/airflow/dags/nikeProducts_dag.py
[2023-08-28T16:32:54.500+0000] {processor.py:756} INFO - Processing file /opt/airflow/dags/nikeProducts_dag.py for tasks to queue
[2023-08-28T16:32:54.501+0000] {logging_mixin.py:120} INFO - [2023-08-28T16:32:54.501+0000] {dagbag.py:537} INFO - Filling up the DagBag from /opt/airflow/dags/nikeProducts_dag.py
[2023-08-28T16:32:54.696+0000] {processor.py:766} INFO - DAG(s) dict_keys(['nikeProducts_dag']) retrieved from /opt/airflow/dags/nikeProducts_dag.py
[2023-08-28T16:32:54.750+0000] {logging_mixin.py:120} INFO - [2023-08-28T16:32:54.750+0000] {dag.py:2585} INFO - Sync 1 DAGs
[2023-08-28T16:32:54.766+0000] {logging_mixin.py:120} INFO - [2023-08-28T16:32:54.766+0000] {dag.py:3340} INFO - Setting next_dagrun for nikeProducts_dag to None, run_after=None
[2023-08-28T16:32:54.779+0000] {processor.py:176} INFO - Processing /opt/airflow/dags/nikeProducts_dag.py took 0.287 seconds
[2023-08-28T16:33:25.110+0000] {processor.py:154} INFO - Started process (PID=355) to work on /opt/airflow/dags/nikeProducts_dag.py
[2023-08-28T16:33:25.114+0000] {processor.py:756} INFO - Processing file /opt/airflow/dags/nikeProducts_dag.py for tasks to queue
[2023-08-28T16:33:25.116+0000] {logging_mixin.py:120} INFO - [2023-08-28T16:33:25.116+0000] {dagbag.py:537} INFO - Filling up the DagBag from /opt/airflow/dags/nikeProducts_dag.py
[2023-08-28T16:33:25.335+0000] {processor.py:766} INFO - DAG(s) dict_keys(['nikeProducts_dag']) retrieved from /opt/airflow/dags/nikeProducts_dag.py
[2023-08-28T16:33:25.366+0000] {logging_mixin.py:120} INFO - [2023-08-28T16:33:25.366+0000] {dag.py:2585} INFO - Sync 1 DAGs
[2023-08-28T16:33:25.382+0000] {logging_mixin.py:120} INFO - [2023-08-28T16:33:25.382+0000] {dag.py:3340} INFO - Setting next_dagrun for nikeProducts_dag to None, run_after=None
[2023-08-28T16:33:25.396+0000] {processor.py:176} INFO - Processing /opt/airflow/dags/nikeProducts_dag.py took 0.293 seconds
[2023-08-28T16:33:55.777+0000] {processor.py:154} INFO - Started process (PID=385) to work on /opt/airflow/dags/nikeProducts_dag.py
[2023-08-28T16:33:55.781+0000] {processor.py:756} INFO - Processing file /opt/airflow/dags/nikeProducts_dag.py for tasks to queue
[2023-08-28T16:33:55.782+0000] {logging_mixin.py:120} INFO - [2023-08-28T16:33:55.782+0000] {dagbag.py:537} INFO - Filling up the DagBag from /opt/airflow/dags/nikeProducts_dag.py
[2023-08-28T16:33:55.976+0000] {processor.py:766} INFO - DAG(s) dict_keys(['nikeProducts_dag']) retrieved from /opt/airflow/dags/nikeProducts_dag.py
[2023-08-28T16:33:56.010+0000] {logging_mixin.py:120} INFO - [2023-08-28T16:33:56.009+0000] {dag.py:2585} INFO - Sync 1 DAGs
[2023-08-28T16:33:56.028+0000] {logging_mixin.py:120} INFO - [2023-08-28T16:33:56.028+0000] {dag.py:3340} INFO - Setting next_dagrun for nikeProducts_dag to None, run_after=None
[2023-08-28T16:33:56.040+0000] {processor.py:176} INFO - Processing /opt/airflow/dags/nikeProducts_dag.py took 0.268 seconds
[2023-08-28T16:34:26.400+0000] {processor.py:154} INFO - Started process (PID=416) to work on /opt/airflow/dags/nikeProducts_dag.py
[2023-08-28T16:34:26.404+0000] {processor.py:756} INFO - Processing file /opt/airflow/dags/nikeProducts_dag.py for tasks to queue
[2023-08-28T16:34:26.407+0000] {logging_mixin.py:120} INFO - [2023-08-28T16:34:26.406+0000] {dagbag.py:537} INFO - Filling up the DagBag from /opt/airflow/dags/nikeProducts_dag.py
[2023-08-28T16:34:26.597+0000] {processor.py:766} INFO - DAG(s) dict_keys(['nikeProducts_dag']) retrieved from /opt/airflow/dags/nikeProducts_dag.py
[2023-08-28T16:34:26.631+0000] {logging_mixin.py:120} INFO - [2023-08-28T16:34:26.631+0000] {dag.py:2585} INFO - Sync 1 DAGs
[2023-08-28T16:34:26.653+0000] {logging_mixin.py:120} INFO - [2023-08-28T16:34:26.653+0000] {dag.py:3340} INFO - Setting next_dagrun for nikeProducts_dag to None, run_after=None
[2023-08-28T16:34:26.670+0000] {processor.py:176} INFO - Processing /opt/airflow/dags/nikeProducts_dag.py took 0.274 seconds
[2023-08-28T16:34:56.998+0000] {processor.py:154} INFO - Started process (PID=447) to work on /opt/airflow/dags/nikeProducts_dag.py
[2023-08-28T16:34:57.000+0000] {processor.py:756} INFO - Processing file /opt/airflow/dags/nikeProducts_dag.py for tasks to queue
[2023-08-28T16:34:57.001+0000] {logging_mixin.py:120} INFO - [2023-08-28T16:34:57.001+0000] {dagbag.py:537} INFO - Filling up the DagBag from /opt/airflow/dags/nikeProducts_dag.py
[2023-08-28T16:34:57.199+0000] {processor.py:766} INFO - DAG(s) dict_keys(['nikeProducts_dag']) retrieved from /opt/airflow/dags/nikeProducts_dag.py
[2023-08-28T16:34:57.231+0000] {logging_mixin.py:120} INFO - [2023-08-28T16:34:57.231+0000] {dag.py:2585} INFO - Sync 1 DAGs
[2023-08-28T16:34:57.248+0000] {logging_mixin.py:120} INFO - [2023-08-28T16:34:57.248+0000] {dag.py:3340} INFO - Setting next_dagrun for nikeProducts_dag to None, run_after=None
[2023-08-28T16:34:57.261+0000] {processor.py:176} INFO - Processing /opt/airflow/dags/nikeProducts_dag.py took 0.271 seconds
[2023-08-28T16:35:27.580+0000] {processor.py:154} INFO - Started process (PID=478) to work on /opt/airflow/dags/nikeProducts_dag.py
[2023-08-28T16:35:27.583+0000] {processor.py:756} INFO - Processing file /opt/airflow/dags/nikeProducts_dag.py for tasks to queue
[2023-08-28T16:35:27.584+0000] {logging_mixin.py:120} INFO - [2023-08-28T16:35:27.584+0000] {dagbag.py:537} INFO - Filling up the DagBag from /opt/airflow/dags/nikeProducts_dag.py
[2023-08-28T16:35:27.765+0000] {processor.py:766} INFO - DAG(s) dict_keys(['nikeProducts_dag']) retrieved from /opt/airflow/dags/nikeProducts_dag.py
[2023-08-28T16:35:27.797+0000] {logging_mixin.py:120} INFO - [2023-08-28T16:35:27.796+0000] {dag.py:2585} INFO - Sync 1 DAGs
[2023-08-28T16:35:27.813+0000] {logging_mixin.py:120} INFO - [2023-08-28T16:35:27.813+0000] {dag.py:3340} INFO - Setting next_dagrun for nikeProducts_dag to None, run_after=None
[2023-08-28T16:35:27.825+0000] {processor.py:176} INFO - Processing /opt/airflow/dags/nikeProducts_dag.py took 0.252 seconds
[2023-08-28T16:35:58.128+0000] {processor.py:154} INFO - Started process (PID=500) to work on /opt/airflow/dags/nikeProducts_dag.py
[2023-08-28T16:35:58.133+0000] {processor.py:756} INFO - Processing file /opt/airflow/dags/nikeProducts_dag.py for tasks to queue
[2023-08-28T16:35:58.135+0000] {logging_mixin.py:120} INFO - [2023-08-28T16:35:58.135+0000] {dagbag.py:537} INFO - Filling up the DagBag from /opt/airflow/dags/nikeProducts_dag.py
[2023-08-28T16:35:58.309+0000] {processor.py:766} INFO - DAG(s) dict_keys(['nikeProducts_dag']) retrieved from /opt/airflow/dags/nikeProducts_dag.py
[2023-08-28T16:35:58.344+0000] {logging_mixin.py:120} INFO - [2023-08-28T16:35:58.344+0000] {dag.py:2585} INFO - Sync 1 DAGs
[2023-08-28T16:35:58.371+0000] {logging_mixin.py:120} INFO - [2023-08-28T16:35:58.371+0000] {dag.py:3340} INFO - Setting next_dagrun for nikeProducts_dag to 2022-03-01T00:00:00+00:00, run_after=2022-03-01T00:00:00+00:00
[2023-08-28T16:35:58.384+0000] {processor.py:176} INFO - Processing /opt/airflow/dags/nikeProducts_dag.py took 0.262 seconds
[2023-08-28T16:36:28.790+0000] {processor.py:154} INFO - Started process (PID=535) to work on /opt/airflow/dags/nikeProducts_dag.py
[2023-08-28T16:36:28.793+0000] {processor.py:756} INFO - Processing file /opt/airflow/dags/nikeProducts_dag.py for tasks to queue
[2023-08-28T16:36:28.794+0000] {logging_mixin.py:120} INFO - [2023-08-28T16:36:28.794+0000] {dagbag.py:537} INFO - Filling up the DagBag from /opt/airflow/dags/nikeProducts_dag.py
[2023-08-28T16:36:29.007+0000] {processor.py:766} INFO - DAG(s) dict_keys(['nikeProducts_dag']) retrieved from /opt/airflow/dags/nikeProducts_dag.py
[2023-08-28T16:36:29.054+0000] {logging_mixin.py:120} INFO - [2023-08-28T16:36:29.054+0000] {dag.py:2585} INFO - Sync 1 DAGs
[2023-08-28T16:36:29.073+0000] {logging_mixin.py:120} INFO - [2023-08-28T16:36:29.073+0000] {dag.py:3340} INFO - Setting next_dagrun for nikeProducts_dag to None, run_after=None
[2023-08-28T16:36:29.086+0000] {processor.py:176} INFO - Processing /opt/airflow/dags/nikeProducts_dag.py took 0.300 seconds
[2023-08-28T16:36:59.358+0000] {processor.py:154} INFO - Started process (PID=566) to work on /opt/airflow/dags/nikeProducts_dag.py
[2023-08-28T16:36:59.360+0000] {processor.py:756} INFO - Processing file /opt/airflow/dags/nikeProducts_dag.py for tasks to queue
[2023-08-28T16:36:59.361+0000] {logging_mixin.py:120} INFO - [2023-08-28T16:36:59.361+0000] {dagbag.py:537} INFO - Filling up the DagBag from /opt/airflow/dags/nikeProducts_dag.py
[2023-08-28T16:36:59.558+0000] {processor.py:766} INFO - DAG(s) dict_keys(['nikeProducts_dag']) retrieved from /opt/airflow/dags/nikeProducts_dag.py
[2023-08-28T16:36:59.592+0000] {logging_mixin.py:120} INFO - [2023-08-28T16:36:59.592+0000] {dag.py:2585} INFO - Sync 1 DAGs
[2023-08-28T16:36:59.611+0000] {logging_mixin.py:120} INFO - [2023-08-28T16:36:59.610+0000] {dag.py:3340} INFO - Setting next_dagrun for nikeProducts_dag to None, run_after=None
[2023-08-28T16:36:59.623+0000] {processor.py:176} INFO - Processing /opt/airflow/dags/nikeProducts_dag.py took 0.269 seconds
[2023-08-28T16:37:29.934+0000] {processor.py:154} INFO - Started process (PID=597) to work on /opt/airflow/dags/nikeProducts_dag.py
[2023-08-28T16:37:29.936+0000] {processor.py:756} INFO - Processing file /opt/airflow/dags/nikeProducts_dag.py for tasks to queue
[2023-08-28T16:37:29.938+0000] {logging_mixin.py:120} INFO - [2023-08-28T16:37:29.938+0000] {dagbag.py:537} INFO - Filling up the DagBag from /opt/airflow/dags/nikeProducts_dag.py
[2023-08-28T16:37:30.144+0000] {processor.py:766} INFO - DAG(s) dict_keys(['nikeProducts_dag']) retrieved from /opt/airflow/dags/nikeProducts_dag.py
[2023-08-28T16:37:30.188+0000] {logging_mixin.py:120} INFO - [2023-08-28T16:37:30.188+0000] {dag.py:2585} INFO - Sync 1 DAGs
[2023-08-28T16:37:30.209+0000] {logging_mixin.py:120} INFO - [2023-08-28T16:37:30.208+0000] {dag.py:3340} INFO - Setting next_dagrun for nikeProducts_dag to None, run_after=None
[2023-08-28T16:37:30.221+0000] {processor.py:176} INFO - Processing /opt/airflow/dags/nikeProducts_dag.py took 0.291 seconds
[2023-08-28T16:38:00.635+0000] {processor.py:154} INFO - Started process (PID=628) to work on /opt/airflow/dags/nikeProducts_dag.py
[2023-08-28T16:38:00.637+0000] {processor.py:756} INFO - Processing file /opt/airflow/dags/nikeProducts_dag.py for tasks to queue
[2023-08-28T16:38:00.638+0000] {logging_mixin.py:120} INFO - [2023-08-28T16:38:00.638+0000] {dagbag.py:537} INFO - Filling up the DagBag from /opt/airflow/dags/nikeProducts_dag.py
[2023-08-28T16:38:00.813+0000] {processor.py:766} INFO - DAG(s) dict_keys(['nikeProducts_dag']) retrieved from /opt/airflow/dags/nikeProducts_dag.py
[2023-08-28T16:38:00.847+0000] {logging_mixin.py:120} INFO - [2023-08-28T16:38:00.847+0000] {dag.py:2585} INFO - Sync 1 DAGs
[2023-08-28T16:38:00.864+0000] {logging_mixin.py:120} INFO - [2023-08-28T16:38:00.864+0000] {dag.py:3340} INFO - Setting next_dagrun for nikeProducts_dag to 2022-03-01T00:00:00+00:00, run_after=2022-03-01T00:00:00+00:00
[2023-08-28T16:38:00.876+0000] {processor.py:176} INFO - Processing /opt/airflow/dags/nikeProducts_dag.py took 0.248 seconds
