[2023-08-28T20:32:14.371+0000] {taskinstance.py:1165} INFO - Dependencies all met for <TaskInstance: nikeProducts_dag.load_task manual__2023-08-28T20:32:08.691315+00:00 [queued]>
[2023-08-28T20:32:14.379+0000] {taskinstance.py:1165} INFO - Dependencies all met for <TaskInstance: nikeProducts_dag.load_task manual__2023-08-28T20:32:08.691315+00:00 [queued]>
[2023-08-28T20:32:14.380+0000] {taskinstance.py:1362} INFO - 
--------------------------------------------------------------------------------
[2023-08-28T20:32:14.381+0000] {taskinstance.py:1363} INFO - Starting attempt 1 of 2
[2023-08-28T20:32:14.381+0000] {taskinstance.py:1364} INFO - 
--------------------------------------------------------------------------------
[2023-08-28T20:32:14.392+0000] {taskinstance.py:1383} INFO - Executing <Task(PythonOperator): load_task> on 2023-08-28 20:32:08.691315+00:00
[2023-08-28T20:32:14.397+0000] {standard_task_runner.py:55} INFO - Started process 7750 to run task
[2023-08-28T20:32:14.400+0000] {standard_task_runner.py:82} INFO - Running: ['***', 'tasks', 'run', 'nikeProducts_dag', 'load_task', 'manual__2023-08-28T20:32:08.691315+00:00', '--job-id', '64', '--raw', '--subdir', 'DAGS_FOLDER/nikeProducts_dag.py', '--cfg-path', '/tmp/tmpg_fe0uji']
[2023-08-28T20:32:14.402+0000] {standard_task_runner.py:83} INFO - Job 64: Subtask load_task
[2023-08-28T20:32:14.454+0000] {task_command.py:376} INFO - Running <TaskInstance: nikeProducts_dag.load_task manual__2023-08-28T20:32:08.691315+00:00 [running]> on host 7eee6ddbeacd
[2023-08-28T20:32:14.503+0000] {taskinstance.py:1592} INFO - Exporting the following env vars:
AIRFLOW_CTX_DAG_OWNER=***
AIRFLOW_CTX_DAG_ID=nikeProducts_dag
AIRFLOW_CTX_TASK_ID=load_task
AIRFLOW_CTX_EXECUTION_DATE=2023-08-28T20:32:08.691315+00:00
AIRFLOW_CTX_TRY_NUMBER=1
AIRFLOW_CTX_DAG_RUN_ID=manual__2023-08-28T20:32:08.691315+00:00
[2023-08-28T20:32:15.116+0000] {python.py:177} INFO - Done. Returned value was: None
[2023-08-28T20:32:15.132+0000] {taskinstance.py:1406} INFO - Marking task as SUCCESS. dag_id=nikeProducts_dag, task_id=load_task, execution_date=20230828T203208, start_date=20230828T203214, end_date=20230828T203215
[2023-08-28T20:32:15.180+0000] {local_task_job.py:164} INFO - Task exited with return code 0
[2023-08-28T20:32:15.203+0000] {local_task_job.py:273} INFO - 0 downstream tasks scheduled from follow-on schedule check
