[2023-08-28T18:08:16.765+0000] {taskinstance.py:1165} INFO - Dependencies all met for <TaskInstance: nikeCategory_dag.transform_task manual__2023-08-28T18:08:14.135252+00:00 [queued]>
[2023-08-28T18:08:16.771+0000] {taskinstance.py:1165} INFO - Dependencies all met for <TaskInstance: nikeCategory_dag.transform_task manual__2023-08-28T18:08:14.135252+00:00 [queued]>
[2023-08-28T18:08:16.772+0000] {taskinstance.py:1362} INFO - 
--------------------------------------------------------------------------------
[2023-08-28T18:08:16.772+0000] {taskinstance.py:1363} INFO - Starting attempt 1 of 2
[2023-08-28T18:08:16.773+0000] {taskinstance.py:1364} INFO - 
--------------------------------------------------------------------------------
[2023-08-28T18:08:16.781+0000] {taskinstance.py:1383} INFO - Executing <Task(PythonOperator): transform_task> on 2023-08-28 18:08:14.135252+00:00
[2023-08-28T18:08:16.785+0000] {standard_task_runner.py:55} INFO - Started process 640 to run task
[2023-08-28T18:08:16.788+0000] {standard_task_runner.py:82} INFO - Running: ['***', 'tasks', 'run', 'nikeCategory_dag', 'transform_task', 'manual__2023-08-28T18:08:14.135252+00:00', '--job-id', '21', '--raw', '--subdir', 'DAGS_FOLDER/nikeCategory_dag.py', '--cfg-path', '/tmp/tmpnrdgaszb']
[2023-08-28T18:08:16.790+0000] {standard_task_runner.py:83} INFO - Job 21: Subtask transform_task
[2023-08-28T18:08:16.843+0000] {task_command.py:376} INFO - Running <TaskInstance: nikeCategory_dag.transform_task manual__2023-08-28T18:08:14.135252+00:00 [running]> on host 7eee6ddbeacd
[2023-08-28T18:08:16.893+0000] {taskinstance.py:1592} INFO - Exporting the following env vars:
AIRFLOW_CTX_DAG_OWNER=***
AIRFLOW_CTX_DAG_ID=nikeCategory_dag
AIRFLOW_CTX_TASK_ID=transform_task
AIRFLOW_CTX_EXECUTION_DATE=2023-08-28T18:08:14.135252+00:00
AIRFLOW_CTX_TRY_NUMBER=1
AIRFLOW_CTX_DAG_RUN_ID=manual__2023-08-28T18:08:14.135252+00:00
[2023-08-28T18:08:16.903+0000] {logging_mixin.py:120} INFO - category_etl.csv
[2023-08-28T18:08:17.527+0000] {python.py:177} INFO - Done. Returned value was: ['category_etl.csv']
[2023-08-28T18:08:17.559+0000] {taskinstance.py:1406} INFO - Marking task as SUCCESS. dag_id=nikeCategory_dag, task_id=transform_task, execution_date=20230828T180814, start_date=20230828T180816, end_date=20230828T180817
[2023-08-28T18:08:17.606+0000] {local_task_job.py:164} INFO - Task exited with return code 0
[2023-08-28T18:08:17.681+0000] {local_task_job.py:273} INFO - 1 downstream tasks scheduled from follow-on schedule check
