[2023-08-28T20:59:37.793+0000] {taskinstance.py:1165} INFO - Dependencies all met for <TaskInstance: nikeProducts_dag.load_task manual__2023-08-28T20:59:31.187888+00:00 [queued]>
[2023-08-28T20:59:37.799+0000] {taskinstance.py:1165} INFO - Dependencies all met for <TaskInstance: nikeProducts_dag.load_task manual__2023-08-28T20:59:31.187888+00:00 [queued]>
[2023-08-28T20:59:37.800+0000] {taskinstance.py:1362} INFO - 
--------------------------------------------------------------------------------
[2023-08-28T20:59:37.800+0000] {taskinstance.py:1363} INFO - Starting attempt 1 of 2
[2023-08-28T20:59:37.800+0000] {taskinstance.py:1364} INFO - 
--------------------------------------------------------------------------------
[2023-08-28T20:59:37.809+0000] {taskinstance.py:1383} INFO - Executing <Task(PythonOperator): load_task> on 2023-08-28 20:59:31.187888+00:00
[2023-08-28T20:59:37.813+0000] {standard_task_runner.py:55} INFO - Started process 9119 to run task
[2023-08-28T20:59:37.817+0000] {standard_task_runner.py:82} INFO - Running: ['***', 'tasks', 'run', 'nikeProducts_dag', 'load_task', 'manual__2023-08-28T20:59:31.187888+00:00', '--job-id', '73', '--raw', '--subdir', 'DAGS_FOLDER/nikeProducts_dag.py', '--cfg-path', '/tmp/tmpom4lngv0']
[2023-08-28T20:59:37.819+0000] {standard_task_runner.py:83} INFO - Job 73: Subtask load_task
[2023-08-28T20:59:37.873+0000] {task_command.py:376} INFO - Running <TaskInstance: nikeProducts_dag.load_task manual__2023-08-28T20:59:31.187888+00:00 [running]> on host 7eee6ddbeacd
[2023-08-28T20:59:37.923+0000] {taskinstance.py:1592} INFO - Exporting the following env vars:
AIRFLOW_CTX_DAG_OWNER=***
AIRFLOW_CTX_DAG_ID=nikeProducts_dag
AIRFLOW_CTX_TASK_ID=load_task
AIRFLOW_CTX_EXECUTION_DATE=2023-08-28T20:59:31.187888+00:00
AIRFLOW_CTX_TRY_NUMBER=1
AIRFLOW_CTX_DAG_RUN_ID=manual__2023-08-28T20:59:31.187888+00:00
[2023-08-28T20:59:38.558+0000] {python.py:177} INFO - Done. Returned value was: None
[2023-08-28T20:59:38.570+0000] {taskinstance.py:1406} INFO - Marking task as SUCCESS. dag_id=nikeProducts_dag, task_id=load_task, execution_date=20230828T205931, start_date=20230828T205937, end_date=20230828T205938
[2023-08-28T20:59:38.592+0000] {local_task_job.py:164} INFO - Task exited with return code 0
[2023-08-28T20:59:38.612+0000] {local_task_job.py:273} INFO - 0 downstream tasks scheduled from follow-on schedule check
