[2023-08-28T18:27:50.246+0000] {taskinstance.py:1165} INFO - Dependencies all met for <TaskInstance: nikeProducts_dag.extract_task manual__2023-08-28T18:27:48.881637+00:00 [queued]>
[2023-08-28T18:27:50.262+0000] {taskinstance.py:1165} INFO - Dependencies all met for <TaskInstance: nikeProducts_dag.extract_task manual__2023-08-28T18:27:48.881637+00:00 [queued]>
[2023-08-28T18:27:50.263+0000] {taskinstance.py:1362} INFO - 
--------------------------------------------------------------------------------
[2023-08-28T18:27:50.264+0000] {taskinstance.py:1363} INFO - Starting attempt 1 of 2
[2023-08-28T18:27:50.264+0000] {taskinstance.py:1364} INFO - 
--------------------------------------------------------------------------------
[2023-08-28T18:27:50.277+0000] {taskinstance.py:1383} INFO - Executing <Task(PythonOperator): extract_task> on 2023-08-28 18:27:48.881637+00:00
[2023-08-28T18:27:50.283+0000] {standard_task_runner.py:55} INFO - Started process 1681 to run task
[2023-08-28T18:27:50.286+0000] {standard_task_runner.py:82} INFO - Running: ['***', 'tasks', 'run', 'nikeProducts_dag', 'extract_task', 'manual__2023-08-28T18:27:48.881637+00:00', '--job-id', '50', '--raw', '--subdir', 'DAGS_FOLDER/nikeProducts_dag.py', '--cfg-path', '/tmp/tmp9mx5ifwy']
[2023-08-28T18:27:50.289+0000] {standard_task_runner.py:83} INFO - Job 50: Subtask extract_task
[2023-08-28T18:27:50.377+0000] {task_command.py:376} INFO - Running <TaskInstance: nikeProducts_dag.extract_task manual__2023-08-28T18:27:48.881637+00:00 [running]> on host 7eee6ddbeacd
[2023-08-28T18:27:50.436+0000] {taskinstance.py:1592} INFO - Exporting the following env vars:
AIRFLOW_CTX_DAG_OWNER=***
AIRFLOW_CTX_DAG_ID=nikeProducts_dag
AIRFLOW_CTX_TASK_ID=extract_task
AIRFLOW_CTX_EXECUTION_DATE=2023-08-28T18:27:48.881637+00:00
AIRFLOW_CTX_TRY_NUMBER=1
AIRFLOW_CTX_DAG_RUN_ID=manual__2023-08-28T18:27:48.881637+00:00
[2023-08-28T18:27:50.438+0000] {logging_mixin.py:120} INFO - nike_22AUG2023_1912.csv mapped to products_etl.csv
[2023-08-28T18:27:50.950+0000] {python.py:177} INFO - Done. Returned value was: ['products_etl.csv']
[2023-08-28T18:27:50.971+0000] {taskinstance.py:1406} INFO - Marking task as SUCCESS. dag_id=nikeProducts_dag, task_id=extract_task, execution_date=20230828T182748, start_date=20230828T182750, end_date=20230828T182750
[2023-08-28T18:27:51.025+0000] {local_task_job.py:164} INFO - Task exited with return code 0
[2023-08-28T18:27:51.052+0000] {local_task_job.py:273} INFO - 1 downstream tasks scheduled from follow-on schedule check
