[2023-08-28T18:15:17.330+0000] {taskinstance.py:1165} INFO - Dependencies all met for <TaskInstance: nikeColor_dag.extract_task manual__2023-08-28T18:15:16.375411+00:00 [queued]>
[2023-08-28T18:15:17.338+0000] {taskinstance.py:1165} INFO - Dependencies all met for <TaskInstance: nikeColor_dag.extract_task manual__2023-08-28T18:15:16.375411+00:00 [queued]>
[2023-08-28T18:15:17.339+0000] {taskinstance.py:1362} INFO - 
--------------------------------------------------------------------------------
[2023-08-28T18:15:17.340+0000] {taskinstance.py:1363} INFO - Starting attempt 1 of 2
[2023-08-28T18:15:17.340+0000] {taskinstance.py:1364} INFO - 
--------------------------------------------------------------------------------
[2023-08-28T18:15:17.350+0000] {taskinstance.py:1383} INFO - Executing <Task(PythonOperator): extract_task> on 2023-08-28 18:15:16.375411+00:00
[2023-08-28T18:15:17.355+0000] {standard_task_runner.py:55} INFO - Started process 1023 to run task
[2023-08-28T18:15:17.359+0000] {standard_task_runner.py:82} INFO - Running: ['***', 'tasks', 'run', 'nikeColor_dag', 'extract_task', 'manual__2023-08-28T18:15:16.375411+00:00', '--job-id', '35', '--raw', '--subdir', 'DAGS_FOLDER/nikeColor_dag.py', '--cfg-path', '/tmp/tmpqbmfusdf']
[2023-08-28T18:15:17.362+0000] {standard_task_runner.py:83} INFO - Job 35: Subtask extract_task
[2023-08-28T18:15:17.444+0000] {task_command.py:376} INFO - Running <TaskInstance: nikeColor_dag.extract_task manual__2023-08-28T18:15:16.375411+00:00 [running]> on host 7eee6ddbeacd
[2023-08-28T18:15:17.515+0000] {taskinstance.py:1592} INFO - Exporting the following env vars:
AIRFLOW_CTX_DAG_OWNER=***
AIRFLOW_CTX_DAG_ID=nikeColor_dag
AIRFLOW_CTX_TASK_ID=extract_task
AIRFLOW_CTX_EXECUTION_DATE=2023-08-28T18:15:16.375411+00:00
AIRFLOW_CTX_TRY_NUMBER=1
AIRFLOW_CTX_DAG_RUN_ID=manual__2023-08-28T18:15:16.375411+00:00
[2023-08-28T18:15:17.516+0000] {logging_mixin.py:120} INFO - nike_22AUG2023_1912.csv mapped to color_etl.csv
[2023-08-28T18:15:18.101+0000] {python.py:177} INFO - Done. Returned value was: ['color_etl.csv']
[2023-08-28T18:15:18.124+0000] {taskinstance.py:1406} INFO - Marking task as SUCCESS. dag_id=nikeColor_dag, task_id=extract_task, execution_date=20230828T181516, start_date=20230828T181517, end_date=20230828T181518
[2023-08-28T18:15:18.176+0000] {local_task_job.py:164} INFO - Task exited with return code 0
[2023-08-28T18:15:18.393+0000] {local_task_job.py:273} INFO - 1 downstream tasks scheduled from follow-on schedule check
