[2023-08-28T20:55:30.931+0000] {taskinstance.py:1165} INFO - Dependencies all met for <TaskInstance: nikeProducts_dag.load_task manual__2023-08-28T20:55:26.380076+00:00 [queued]>
[2023-08-28T20:55:30.938+0000] {taskinstance.py:1165} INFO - Dependencies all met for <TaskInstance: nikeProducts_dag.load_task manual__2023-08-28T20:55:26.380076+00:00 [queued]>
[2023-08-28T20:55:30.939+0000] {taskinstance.py:1362} INFO - 
--------------------------------------------------------------------------------
[2023-08-28T20:55:30.939+0000] {taskinstance.py:1363} INFO - Starting attempt 1 of 2
[2023-08-28T20:55:30.940+0000] {taskinstance.py:1364} INFO - 
--------------------------------------------------------------------------------
[2023-08-28T20:55:30.949+0000] {taskinstance.py:1383} INFO - Executing <Task(PythonOperator): load_task> on 2023-08-28 20:55:26.380076+00:00
[2023-08-28T20:55:30.954+0000] {standard_task_runner.py:55} INFO - Started process 8893 to run task
[2023-08-28T20:55:30.958+0000] {standard_task_runner.py:82} INFO - Running: ['***', 'tasks', 'run', 'nikeProducts_dag', 'load_task', 'manual__2023-08-28T20:55:26.380076+00:00', '--job-id', '67', '--raw', '--subdir', 'DAGS_FOLDER/nikeProducts_dag.py', '--cfg-path', '/tmp/tmp1aeew380']
[2023-08-28T20:55:30.960+0000] {standard_task_runner.py:83} INFO - Job 67: Subtask load_task
[2023-08-28T20:55:31.023+0000] {task_command.py:376} INFO - Running <TaskInstance: nikeProducts_dag.load_task manual__2023-08-28T20:55:26.380076+00:00 [running]> on host 7eee6ddbeacd
[2023-08-28T20:55:31.085+0000] {taskinstance.py:1592} INFO - Exporting the following env vars:
AIRFLOW_CTX_DAG_OWNER=***
AIRFLOW_CTX_DAG_ID=nikeProducts_dag
AIRFLOW_CTX_TASK_ID=load_task
AIRFLOW_CTX_EXECUTION_DATE=2023-08-28T20:55:26.380076+00:00
AIRFLOW_CTX_TRY_NUMBER=1
AIRFLOW_CTX_DAG_RUN_ID=manual__2023-08-28T20:55:26.380076+00:00
[2023-08-28T20:55:31.739+0000] {python.py:177} INFO - Done. Returned value was: None
[2023-08-28T20:55:31.754+0000] {taskinstance.py:1406} INFO - Marking task as SUCCESS. dag_id=nikeProducts_dag, task_id=load_task, execution_date=20230828T205526, start_date=20230828T205530, end_date=20230828T205531
[2023-08-28T20:55:31.815+0000] {local_task_job.py:164} INFO - Task exited with return code 0
[2023-08-28T20:55:31.863+0000] {local_task_job.py:273} INFO - 0 downstream tasks scheduled from follow-on schedule check
