[2023-08-28T18:04:56.591+0000] {taskinstance.py:1165} INFO - Dependencies all met for <TaskInstance: nikeProducts_dag.load_task scheduled__2022-03-01T00:00:00+00:00 [queued]>
[2023-08-28T18:04:56.598+0000] {taskinstance.py:1165} INFO - Dependencies all met for <TaskInstance: nikeProducts_dag.load_task scheduled__2022-03-01T00:00:00+00:00 [queued]>
[2023-08-28T18:04:56.599+0000] {taskinstance.py:1362} INFO - 
--------------------------------------------------------------------------------
[2023-08-28T18:04:56.600+0000] {taskinstance.py:1363} INFO - Starting attempt 1 of 2
[2023-08-28T18:04:56.600+0000] {taskinstance.py:1364} INFO - 
--------------------------------------------------------------------------------
[2023-08-28T18:04:56.609+0000] {taskinstance.py:1383} INFO - Executing <Task(PythonOperator): load_task> on 2022-03-01 00:00:00+00:00
[2023-08-28T18:04:56.615+0000] {standard_task_runner.py:55} INFO - Started process 464 to run task
[2023-08-28T18:04:56.619+0000] {standard_task_runner.py:82} INFO - Running: ['***', 'tasks', 'run', 'nikeProducts_dag', 'load_task', 'scheduled__2022-03-01T00:00:00+00:00', '--job-id', '19', '--raw', '--subdir', 'DAGS_FOLDER/nikeProducts_dag.py', '--cfg-path', '/tmp/tmpgangmetd']
[2023-08-28T18:04:56.621+0000] {standard_task_runner.py:83} INFO - Job 19: Subtask load_task
[2023-08-28T18:04:56.671+0000] {task_command.py:376} INFO - Running <TaskInstance: nikeProducts_dag.load_task scheduled__2022-03-01T00:00:00+00:00 [running]> on host 7eee6ddbeacd
[2023-08-28T18:04:56.719+0000] {taskinstance.py:1592} INFO - Exporting the following env vars:
AIRFLOW_CTX_DAG_OWNER=***
AIRFLOW_CTX_DAG_ID=nikeProducts_dag
AIRFLOW_CTX_TASK_ID=load_task
AIRFLOW_CTX_EXECUTION_DATE=2022-03-01T00:00:00+00:00
AIRFLOW_CTX_TRY_NUMBER=1
AIRFLOW_CTX_DAG_RUN_ID=scheduled__2022-03-01T00:00:00+00:00
[2023-08-28T18:04:57.312+0000] {python.py:177} INFO - Done. Returned value was: None
[2023-08-28T18:04:57.323+0000] {taskinstance.py:1406} INFO - Marking task as SUCCESS. dag_id=nikeProducts_dag, task_id=load_task, execution_date=20220301T000000, start_date=20230828T180456, end_date=20230828T180457
[2023-08-28T18:04:57.362+0000] {local_task_job.py:164} INFO - Task exited with return code 0
[2023-08-28T18:04:57.381+0000] {local_task_job.py:273} INFO - 0 downstream tasks scheduled from follow-on schedule check
