[2023-08-28T18:11:56.328+0000] {taskinstance.py:1165} INFO - Dependencies all met for <TaskInstance: nikeColor_dag.load_task manual__2023-08-28T18:11:50.959313+00:00 [queued]>
[2023-08-28T18:11:56.337+0000] {taskinstance.py:1165} INFO - Dependencies all met for <TaskInstance: nikeColor_dag.load_task manual__2023-08-28T18:11:50.959313+00:00 [queued]>
[2023-08-28T18:11:56.338+0000] {taskinstance.py:1362} INFO - 
--------------------------------------------------------------------------------
[2023-08-28T18:11:56.339+0000] {taskinstance.py:1363} INFO - Starting attempt 1 of 2
[2023-08-28T18:11:56.339+0000] {taskinstance.py:1364} INFO - 
--------------------------------------------------------------------------------
[2023-08-28T18:11:56.351+0000] {taskinstance.py:1383} INFO - Executing <Task(PythonOperator): load_task> on 2023-08-28 18:11:50.959313+00:00
[2023-08-28T18:11:56.358+0000] {standard_task_runner.py:55} INFO - Started process 842 to run task
[2023-08-28T18:11:56.365+0000] {standard_task_runner.py:82} INFO - Running: ['***', 'tasks', 'run', 'nikeColor_dag', 'load_task', 'manual__2023-08-28T18:11:50.959313+00:00', '--job-id', '28', '--raw', '--subdir', 'DAGS_FOLDER/nikeColor_dag.py', '--cfg-path', '/tmp/tmp9_d6i7jq']
[2023-08-28T18:11:56.367+0000] {standard_task_runner.py:83} INFO - Job 28: Subtask load_task
[2023-08-28T18:11:56.432+0000] {task_command.py:376} INFO - Running <TaskInstance: nikeColor_dag.load_task manual__2023-08-28T18:11:50.959313+00:00 [running]> on host 7eee6ddbeacd
[2023-08-28T18:11:56.480+0000] {taskinstance.py:1592} INFO - Exporting the following env vars:
AIRFLOW_CTX_DAG_OWNER=***
AIRFLOW_CTX_DAG_ID=nikeColor_dag
AIRFLOW_CTX_TASK_ID=load_task
AIRFLOW_CTX_EXECUTION_DATE=2023-08-28T18:11:50.959313+00:00
AIRFLOW_CTX_TRY_NUMBER=1
AIRFLOW_CTX_DAG_RUN_ID=manual__2023-08-28T18:11:50.959313+00:00
[2023-08-28T18:11:56.952+0000] {python.py:177} INFO - Done. Returned value was: None
[2023-08-28T18:11:56.961+0000] {taskinstance.py:1406} INFO - Marking task as SUCCESS. dag_id=nikeColor_dag, task_id=load_task, execution_date=20230828T181150, start_date=20230828T181156, end_date=20230828T181156
[2023-08-28T18:11:56.979+0000] {local_task_job.py:164} INFO - Task exited with return code 0
[2023-08-28T18:11:56.996+0000] {local_task_job.py:273} INFO - 0 downstream tasks scheduled from follow-on schedule check
