[2023-08-26T04:08:14.726+0000] {taskinstance.py:1165} INFO - Dependencies all met for <TaskInstance: nikeProducts_dag.transform_task manual__2023-08-26T04:08:12.029213+00:00 [queued]>
[2023-08-26T04:08:14.732+0000] {taskinstance.py:1165} INFO - Dependencies all met for <TaskInstance: nikeProducts_dag.transform_task manual__2023-08-26T04:08:12.029213+00:00 [queued]>
[2023-08-26T04:08:14.733+0000] {taskinstance.py:1362} INFO - 
--------------------------------------------------------------------------------
[2023-08-26T04:08:14.734+0000] {taskinstance.py:1363} INFO - Starting attempt 1 of 2
[2023-08-26T04:08:14.734+0000] {taskinstance.py:1364} INFO - 
--------------------------------------------------------------------------------
[2023-08-26T04:08:14.742+0000] {taskinstance.py:1383} INFO - Executing <Task(PythonOperator): transform_task> on 2023-08-26 04:08:12.029213+00:00
[2023-08-26T04:08:14.746+0000] {standard_task_runner.py:55} INFO - Started process 831 to run task
[2023-08-26T04:08:14.750+0000] {standard_task_runner.py:82} INFO - Running: ['***', 'tasks', 'run', 'nikeProducts_dag', 'transform_task', 'manual__2023-08-26T04:08:12.029213+00:00', '--job-id', '118', '--raw', '--subdir', 'DAGS_FOLDER/nikeProducts_dag.py', '--cfg-path', '/tmp/tmpfebljzuc']
[2023-08-26T04:08:14.751+0000] {standard_task_runner.py:83} INFO - Job 118: Subtask transform_task
[2023-08-26T04:08:14.803+0000] {task_command.py:376} INFO - Running <TaskInstance: nikeProducts_dag.transform_task manual__2023-08-26T04:08:12.029213+00:00 [running]> on host 9f01d644bb11
[2023-08-26T04:08:14.851+0000] {taskinstance.py:1592} INFO - Exporting the following env vars:
AIRFLOW_CTX_DAG_OWNER=***
AIRFLOW_CTX_DAG_ID=nikeProducts_dag
AIRFLOW_CTX_TASK_ID=transform_task
AIRFLOW_CTX_EXECUTION_DATE=2023-08-26T04:08:12.029213+00:00
AIRFLOW_CTX_TRY_NUMBER=1
AIRFLOW_CTX_DAG_RUN_ID=manual__2023-08-26T04:08:12.029213+00:00
[2023-08-26T04:08:14.860+0000] {logging_mixin.py:120} INFO - products_etl.csv
[2023-08-26T04:08:15.722+0000] {python.py:177} INFO - Done. Returned value was: ['products_etl.csv']
[2023-08-26T04:08:15.741+0000] {taskinstance.py:1406} INFO - Marking task as SUCCESS. dag_id=nikeProducts_dag, task_id=transform_task, execution_date=20230826T040812, start_date=20230826T040814, end_date=20230826T040815
[2023-08-26T04:08:15.771+0000] {local_task_job.py:164} INFO - Task exited with return code 0
[2023-08-26T04:08:15.793+0000] {local_task_job.py:273} INFO - 1 downstream tasks scheduled from follow-on schedule check
