[2023-08-24T18:22:11.094+0000] {taskinstance.py:1165} INFO - Dependencies all met for <TaskInstance: nikeProducts_dag.step_2_task manual__2023-08-24T18:22:08.500250+00:00 [queued]>
[2023-08-24T18:22:11.105+0000] {taskinstance.py:1165} INFO - Dependencies all met for <TaskInstance: nikeProducts_dag.step_2_task manual__2023-08-24T18:22:08.500250+00:00 [queued]>
[2023-08-24T18:22:11.106+0000] {taskinstance.py:1362} INFO - 
--------------------------------------------------------------------------------
[2023-08-24T18:22:11.107+0000] {taskinstance.py:1363} INFO - Starting attempt 1 of 2
[2023-08-24T18:22:11.108+0000] {taskinstance.py:1364} INFO - 
--------------------------------------------------------------------------------
[2023-08-24T18:22:11.119+0000] {taskinstance.py:1383} INFO - Executing <Task(PythonOperator): step_2_task> on 2023-08-24 18:22:08.500250+00:00
[2023-08-24T18:22:11.125+0000] {standard_task_runner.py:55} INFO - Started process 43648 to run task
[2023-08-24T18:22:11.129+0000] {standard_task_runner.py:82} INFO - Running: ['***', 'tasks', 'run', 'nikeProducts_dag', 'step_2_task', 'manual__2023-08-24T18:22:08.500250+00:00', '--job-id', '97', '--raw', '--subdir', 'DAGS_FOLDER/nikeProducts_dag.py', '--cfg-path', '/tmp/tmpvarmo4bh']
[2023-08-24T18:22:11.132+0000] {standard_task_runner.py:83} INFO - Job 97: Subtask step_2_task
[2023-08-24T18:22:11.195+0000] {task_command.py:376} INFO - Running <TaskInstance: nikeProducts_dag.step_2_task manual__2023-08-24T18:22:08.500250+00:00 [running]> on host 5879ed69cda2
[2023-08-24T18:22:11.251+0000] {taskinstance.py:1592} INFO - Exporting the following env vars:
AIRFLOW_CTX_DAG_OWNER=***
AIRFLOW_CTX_DAG_ID=nikeProducts_dag
AIRFLOW_CTX_TASK_ID=step_2_task
AIRFLOW_CTX_EXECUTION_DATE=2023-08-24T18:22:08.500250+00:00
AIRFLOW_CTX_TRY_NUMBER=1
AIRFLOW_CTX_DAG_RUN_ID=manual__2023-08-24T18:22:08.500250+00:00
[2023-08-24T18:22:11.269+0000] {logging_mixin.py:120} INFO - products_etl.csv
[2023-08-24T18:22:11.884+0000] {python.py:177} INFO - Done. Returned value was: ['products_etl.csv']
[2023-08-24T18:22:11.910+0000] {taskinstance.py:1406} INFO - Marking task as SUCCESS. dag_id=nikeProducts_dag, task_id=step_2_task, execution_date=20230824T182208, start_date=20230824T182211, end_date=20230824T182211
[2023-08-24T18:22:11.946+0000] {local_task_job.py:164} INFO - Task exited with return code 0
[2023-08-24T18:22:11.967+0000] {local_task_job.py:273} INFO - 1 downstream tasks scheduled from follow-on schedule check
