[2023-08-28T20:59:35.882+0000] {taskinstance.py:1165} INFO - Dependencies all met for <TaskInstance: nikeProducts_dag.transform_task manual__2023-08-28T20:59:31.187888+00:00 [queued]>
[2023-08-28T20:59:35.889+0000] {taskinstance.py:1165} INFO - Dependencies all met for <TaskInstance: nikeProducts_dag.transform_task manual__2023-08-28T20:59:31.187888+00:00 [queued]>
[2023-08-28T20:59:35.890+0000] {taskinstance.py:1362} INFO - 
--------------------------------------------------------------------------------
[2023-08-28T20:59:35.890+0000] {taskinstance.py:1363} INFO - Starting attempt 1 of 2
[2023-08-28T20:59:35.891+0000] {taskinstance.py:1364} INFO - 
--------------------------------------------------------------------------------
[2023-08-28T20:59:35.899+0000] {taskinstance.py:1383} INFO - Executing <Task(PythonOperator): transform_task> on 2023-08-28 20:59:31.187888+00:00
[2023-08-28T20:59:35.904+0000] {standard_task_runner.py:55} INFO - Started process 9106 to run task
[2023-08-28T20:59:35.908+0000] {standard_task_runner.py:82} INFO - Running: ['***', 'tasks', 'run', 'nikeProducts_dag', 'transform_task', 'manual__2023-08-28T20:59:31.187888+00:00', '--job-id', '72', '--raw', '--subdir', 'DAGS_FOLDER/nikeProducts_dag.py', '--cfg-path', '/tmp/tmpre207hr7']
[2023-08-28T20:59:35.910+0000] {standard_task_runner.py:83} INFO - Job 72: Subtask transform_task
[2023-08-28T20:59:35.959+0000] {task_command.py:376} INFO - Running <TaskInstance: nikeProducts_dag.transform_task manual__2023-08-28T20:59:31.187888+00:00 [running]> on host 7eee6ddbeacd
[2023-08-28T20:59:36.010+0000] {taskinstance.py:1592} INFO - Exporting the following env vars:
AIRFLOW_CTX_DAG_OWNER=***
AIRFLOW_CTX_DAG_ID=nikeProducts_dag
AIRFLOW_CTX_TASK_ID=transform_task
AIRFLOW_CTX_EXECUTION_DATE=2023-08-28T20:59:31.187888+00:00
AIRFLOW_CTX_TRY_NUMBER=1
AIRFLOW_CTX_DAG_RUN_ID=manual__2023-08-28T20:59:31.187888+00:00
[2023-08-28T20:59:36.020+0000] {logging_mixin.py:120} INFO - products_etl.csv
[2023-08-28T20:59:36.834+0000] {python.py:177} INFO - Done. Returned value was: ['products_etl.csv']
[2023-08-28T20:59:36.857+0000] {taskinstance.py:1406} INFO - Marking task as SUCCESS. dag_id=nikeProducts_dag, task_id=transform_task, execution_date=20230828T205931, start_date=20230828T205935, end_date=20230828T205936
[2023-08-28T20:59:36.887+0000] {local_task_job.py:164} INFO - Task exited with return code 0
[2023-08-28T20:59:36.916+0000] {local_task_job.py:273} INFO - 1 downstream tasks scheduled from follow-on schedule check
