[2023-08-27T08:41:22.820+0000] {taskinstance.py:1165} INFO - Dependencies all met for <TaskInstance: nikeSales_dag.load_task scheduled__2022-03-01T00:00:00+00:00 [queued]>
[2023-08-27T08:41:22.835+0000] {taskinstance.py:1165} INFO - Dependencies all met for <TaskInstance: nikeSales_dag.load_task scheduled__2022-03-01T00:00:00+00:00 [queued]>
[2023-08-27T08:41:22.841+0000] {taskinstance.py:1362} INFO - 
--------------------------------------------------------------------------------
[2023-08-27T08:41:22.847+0000] {taskinstance.py:1363} INFO - Starting attempt 1 of 2
[2023-08-27T08:41:22.851+0000] {taskinstance.py:1364} INFO - 
--------------------------------------------------------------------------------
[2023-08-27T08:41:22.882+0000] {taskinstance.py:1383} INFO - Executing <Task(PythonOperator): load_task> on 2022-03-01 00:00:00+00:00
[2023-08-27T08:41:22.912+0000] {standard_task_runner.py:55} INFO - Started process 65 to run task
[2023-08-27T08:41:22.918+0000] {standard_task_runner.py:82} INFO - Running: ['***', 'tasks', 'run', 'nikeSales_dag', 'load_task', 'scheduled__2022-03-01T00:00:00+00:00', '--job-id', '27', '--raw', '--subdir', 'DAGS_FOLDER/nikeSales_dag.py', '--cfg-path', '/tmp/tmpqi0s6q6h']
[2023-08-27T08:41:22.925+0000] {standard_task_runner.py:83} INFO - Job 27: Subtask load_task
[2023-08-27T08:41:23.040+0000] {task_command.py:376} INFO - Running <TaskInstance: nikeSales_dag.load_task scheduled__2022-03-01T00:00:00+00:00 [running]> on host f79d19f9dd3f
[2023-08-27T08:41:23.116+0000] {taskinstance.py:1592} INFO - Exporting the following env vars:
AIRFLOW_CTX_DAG_OWNER=***
AIRFLOW_CTX_DAG_ID=nikeSales_dag
AIRFLOW_CTX_TASK_ID=load_task
AIRFLOW_CTX_EXECUTION_DATE=2022-03-01T00:00:00+00:00
AIRFLOW_CTX_TRY_NUMBER=1
AIRFLOW_CTX_DAG_RUN_ID=scheduled__2022-03-01T00:00:00+00:00
[2023-08-27T08:41:23.281+0000] {python.py:177} INFO - Done. Returned value was: None
[2023-08-27T08:41:23.295+0000] {taskinstance.py:1406} INFO - Marking task as SUCCESS. dag_id=nikeSales_dag, task_id=load_task, execution_date=20220301T000000, start_date=20230827T084122, end_date=20230827T084123
[2023-08-27T08:41:23.340+0000] {local_task_job.py:164} INFO - Task exited with return code 0
[2023-08-27T08:41:23.367+0000] {local_task_job.py:273} INFO - 0 downstream tasks scheduled from follow-on schedule check
[2023-08-27T08:42:43.367+0000] {taskinstance.py:1165} INFO - Dependencies all met for <TaskInstance: nikeSales_dag.load_task scheduled__2022-03-01T00:00:00+00:00 [queued]>
[2023-08-27T08:42:43.386+0000] {taskinstance.py:1165} INFO - Dependencies all met for <TaskInstance: nikeSales_dag.load_task scheduled__2022-03-01T00:00:00+00:00 [queued]>
[2023-08-27T08:42:43.387+0000] {taskinstance.py:1362} INFO - 
--------------------------------------------------------------------------------
[2023-08-27T08:42:43.388+0000] {taskinstance.py:1363} INFO - Starting attempt 1 of 2
[2023-08-27T08:42:43.389+0000] {taskinstance.py:1364} INFO - 
--------------------------------------------------------------------------------
[2023-08-27T08:42:43.402+0000] {taskinstance.py:1383} INFO - Executing <Task(PythonOperator): load_task> on 2022-03-01 00:00:00+00:00
[2023-08-27T08:42:43.408+0000] {standard_task_runner.py:55} INFO - Started process 75 to run task
[2023-08-27T08:42:43.413+0000] {standard_task_runner.py:82} INFO - Running: ['***', 'tasks', 'run', 'nikeSales_dag', 'load_task', 'scheduled__2022-03-01T00:00:00+00:00', '--job-id', '35', '--raw', '--subdir', 'DAGS_FOLDER/nikeSales_dag.py', '--cfg-path', '/tmp/tmpza6ku4q8']
[2023-08-27T08:42:43.416+0000] {standard_task_runner.py:83} INFO - Job 35: Subtask load_task
[2023-08-27T08:42:43.549+0000] {task_command.py:376} INFO - Running <TaskInstance: nikeSales_dag.load_task scheduled__2022-03-01T00:00:00+00:00 [running]> on host c4cd47d0799f
[2023-08-27T08:42:43.608+0000] {taskinstance.py:1592} INFO - Exporting the following env vars:
AIRFLOW_CTX_DAG_OWNER=***
AIRFLOW_CTX_DAG_ID=nikeSales_dag
AIRFLOW_CTX_TASK_ID=load_task
AIRFLOW_CTX_EXECUTION_DATE=2022-03-01T00:00:00+00:00
AIRFLOW_CTX_TRY_NUMBER=1
AIRFLOW_CTX_DAG_RUN_ID=scheduled__2022-03-01T00:00:00+00:00
[2023-08-27T08:42:43.705+0000] {python.py:177} INFO - Done. Returned value was: None
[2023-08-27T08:42:43.715+0000] {taskinstance.py:1406} INFO - Marking task as SUCCESS. dag_id=nikeSales_dag, task_id=load_task, execution_date=20220301T000000, start_date=20230827T084243, end_date=20230827T084243
[2023-08-27T08:42:43.747+0000] {local_task_job.py:164} INFO - Task exited with return code 0
[2023-08-27T08:42:43.766+0000] {local_task_job.py:273} INFO - 0 downstream tasks scheduled from follow-on schedule check
[2023-08-28T16:38:04.176+0000] {taskinstance.py:1165} INFO - Dependencies all met for <TaskInstance: nikeSales_dag.load_task scheduled__2022-03-01T00:00:00+00:00 [queued]>
[2023-08-28T16:38:04.182+0000] {taskinstance.py:1165} INFO - Dependencies all met for <TaskInstance: nikeSales_dag.load_task scheduled__2022-03-01T00:00:00+00:00 [queued]>
[2023-08-28T16:38:04.183+0000] {taskinstance.py:1362} INFO - 
--------------------------------------------------------------------------------
[2023-08-28T16:38:04.184+0000] {taskinstance.py:1363} INFO - Starting attempt 1 of 2
[2023-08-28T16:38:04.184+0000] {taskinstance.py:1364} INFO - 
--------------------------------------------------------------------------------
[2023-08-28T16:38:04.193+0000] {taskinstance.py:1383} INFO - Executing <Task(PythonOperator): load_task> on 2022-03-01 00:00:00+00:00
[2023-08-28T16:38:04.198+0000] {standard_task_runner.py:55} INFO - Started process 103 to run task
[2023-08-28T16:38:04.202+0000] {standard_task_runner.py:82} INFO - Running: ['***', 'tasks', 'run', 'nikeSales_dag', 'load_task', 'scheduled__2022-03-01T00:00:00+00:00', '--job-id', '46', '--raw', '--subdir', 'DAGS_FOLDER/nikeSales_dag.py', '--cfg-path', '/tmp/tmp6sqexbf2']
[2023-08-28T16:38:04.204+0000] {standard_task_runner.py:83} INFO - Job 46: Subtask load_task
[2023-08-28T16:38:04.252+0000] {task_command.py:376} INFO - Running <TaskInstance: nikeSales_dag.load_task scheduled__2022-03-01T00:00:00+00:00 [running]> on host c4cd47d0799f
[2023-08-28T16:38:04.298+0000] {taskinstance.py:1592} INFO - Exporting the following env vars:
AIRFLOW_CTX_DAG_OWNER=***
AIRFLOW_CTX_DAG_ID=nikeSales_dag
AIRFLOW_CTX_TASK_ID=load_task
AIRFLOW_CTX_EXECUTION_DATE=2022-03-01T00:00:00+00:00
AIRFLOW_CTX_TRY_NUMBER=1
AIRFLOW_CTX_DAG_RUN_ID=scheduled__2022-03-01T00:00:00+00:00
[2023-08-28T16:38:04.356+0000] {python.py:177} INFO - Done. Returned value was: None
[2023-08-28T16:38:04.365+0000] {taskinstance.py:1406} INFO - Marking task as SUCCESS. dag_id=nikeSales_dag, task_id=load_task, execution_date=20220301T000000, start_date=20230828T163804, end_date=20230828T163804
[2023-08-28T16:38:04.413+0000] {local_task_job.py:164} INFO - Task exited with return code 0
[2023-08-28T16:38:04.430+0000] {local_task_job.py:273} INFO - 0 downstream tasks scheduled from follow-on schedule check
