[2023-08-28T20:32:10.429+0000] {taskinstance.py:1165} INFO - Dependencies all met for <TaskInstance: nikeProducts_dag.extract_task manual__2023-08-28T20:32:08.691315+00:00 [queued]>
[2023-08-28T20:32:10.445+0000] {taskinstance.py:1165} INFO - Dependencies all met for <TaskInstance: nikeProducts_dag.extract_task manual__2023-08-28T20:32:08.691315+00:00 [queued]>
[2023-08-28T20:32:10.447+0000] {taskinstance.py:1362} INFO - 
--------------------------------------------------------------------------------
[2023-08-28T20:32:10.447+0000] {taskinstance.py:1363} INFO - Starting attempt 1 of 2
[2023-08-28T20:32:10.448+0000] {taskinstance.py:1364} INFO - 
--------------------------------------------------------------------------------
[2023-08-28T20:32:10.477+0000] {taskinstance.py:1383} INFO - Executing <Task(PythonOperator): extract_task> on 2023-08-28 20:32:08.691315+00:00
[2023-08-28T20:32:10.491+0000] {standard_task_runner.py:55} INFO - Started process 7735 to run task
[2023-08-28T20:32:10.496+0000] {standard_task_runner.py:82} INFO - Running: ['***', 'tasks', 'run', 'nikeProducts_dag', 'extract_task', 'manual__2023-08-28T20:32:08.691315+00:00', '--job-id', '62', '--raw', '--subdir', 'DAGS_FOLDER/nikeProducts_dag.py', '--cfg-path', '/tmp/tmppk_b33_2']
[2023-08-28T20:32:10.499+0000] {standard_task_runner.py:83} INFO - Job 62: Subtask extract_task
[2023-08-28T20:32:10.579+0000] {task_command.py:376} INFO - Running <TaskInstance: nikeProducts_dag.extract_task manual__2023-08-28T20:32:08.691315+00:00 [running]> on host 7eee6ddbeacd
[2023-08-28T20:32:10.632+0000] {taskinstance.py:1592} INFO - Exporting the following env vars:
AIRFLOW_CTX_DAG_OWNER=***
AIRFLOW_CTX_DAG_ID=nikeProducts_dag
AIRFLOW_CTX_TASK_ID=extract_task
AIRFLOW_CTX_EXECUTION_DATE=2023-08-28T20:32:08.691315+00:00
AIRFLOW_CTX_TRY_NUMBER=1
AIRFLOW_CTX_DAG_RUN_ID=manual__2023-08-28T20:32:08.691315+00:00
[2023-08-28T20:32:10.634+0000] {logging_mixin.py:120} INFO - nike_22AUG2023_1912.csv mapped to products_etl.csv
[2023-08-28T20:32:11.394+0000] {python.py:177} INFO - Done. Returned value was: ['products_etl.csv']
[2023-08-28T20:32:11.427+0000] {taskinstance.py:1406} INFO - Marking task as SUCCESS. dag_id=nikeProducts_dag, task_id=extract_task, execution_date=20230828T203208, start_date=20230828T203210, end_date=20230828T203211
[2023-08-28T20:32:11.474+0000] {local_task_job.py:164} INFO - Task exited with return code 0
[2023-08-28T20:32:11.509+0000] {local_task_job.py:273} INFO - 1 downstream tasks scheduled from follow-on schedule check
