[2023-08-28T18:04:54.559+0000] {taskinstance.py:1165} INFO - Dependencies all met for <TaskInstance: nikeProducts_dag.transform_task scheduled__2022-03-01T00:00:00+00:00 [queued]>
[2023-08-28T18:04:54.567+0000] {taskinstance.py:1165} INFO - Dependencies all met for <TaskInstance: nikeProducts_dag.transform_task scheduled__2022-03-01T00:00:00+00:00 [queued]>
[2023-08-28T18:04:54.568+0000] {taskinstance.py:1362} INFO - 
--------------------------------------------------------------------------------
[2023-08-28T18:04:54.568+0000] {taskinstance.py:1363} INFO - Starting attempt 2 of 2
[2023-08-28T18:04:54.569+0000] {taskinstance.py:1364} INFO - 
--------------------------------------------------------------------------------
[2023-08-28T18:04:54.578+0000] {taskinstance.py:1383} INFO - Executing <Task(PythonOperator): transform_task> on 2022-03-01 00:00:00+00:00
[2023-08-28T18:04:54.583+0000] {standard_task_runner.py:55} INFO - Started process 460 to run task
[2023-08-28T18:04:54.586+0000] {standard_task_runner.py:82} INFO - Running: ['***', 'tasks', 'run', 'nikeProducts_dag', 'transform_task', 'scheduled__2022-03-01T00:00:00+00:00', '--job-id', '17', '--raw', '--subdir', 'DAGS_FOLDER/nikeProducts_dag.py', '--cfg-path', '/tmp/tmpu5r803nn']
[2023-08-28T18:04:54.589+0000] {standard_task_runner.py:83} INFO - Job 17: Subtask transform_task
[2023-08-28T18:04:54.644+0000] {task_command.py:376} INFO - Running <TaskInstance: nikeProducts_dag.transform_task scheduled__2022-03-01T00:00:00+00:00 [running]> on host 7eee6ddbeacd
[2023-08-28T18:04:54.695+0000] {taskinstance.py:1592} INFO - Exporting the following env vars:
AIRFLOW_CTX_DAG_OWNER=***
AIRFLOW_CTX_DAG_ID=nikeProducts_dag
AIRFLOW_CTX_TASK_ID=transform_task
AIRFLOW_CTX_EXECUTION_DATE=2022-03-01T00:00:00+00:00
AIRFLOW_CTX_TRY_NUMBER=2
AIRFLOW_CTX_DAG_RUN_ID=scheduled__2022-03-01T00:00:00+00:00
[2023-08-28T18:04:54.705+0000] {logging_mixin.py:120} INFO - products_etl.csv
[2023-08-28T18:04:55.428+0000] {python.py:177} INFO - Done. Returned value was: ['products_etl.csv']
[2023-08-28T18:04:55.445+0000] {taskinstance.py:1406} INFO - Marking task as SUCCESS. dag_id=nikeProducts_dag, task_id=transform_task, execution_date=20220301T000000, start_date=20230828T180454, end_date=20230828T180455
[2023-08-28T18:04:55.486+0000] {local_task_job.py:164} INFO - Task exited with return code 0
[2023-08-28T18:04:55.507+0000] {local_task_job.py:273} INFO - 1 downstream tasks scheduled from follow-on schedule check
