[2023-08-28T21:01:01.686+0000] {taskinstance.py:1165} INFO - Dependencies all met for <TaskInstance: nikeProducts_dag.extract_task manual__2023-08-28T21:01:00.431347+00:00 [queued]>
[2023-08-28T21:01:01.692+0000] {taskinstance.py:1165} INFO - Dependencies all met for <TaskInstance: nikeProducts_dag.extract_task manual__2023-08-28T21:01:00.431347+00:00 [queued]>
[2023-08-28T21:01:01.692+0000] {taskinstance.py:1362} INFO - 
--------------------------------------------------------------------------------
[2023-08-28T21:01:01.693+0000] {taskinstance.py:1363} INFO - Starting attempt 1 of 2
[2023-08-28T21:01:01.693+0000] {taskinstance.py:1364} INFO - 
--------------------------------------------------------------------------------
[2023-08-28T21:01:01.702+0000] {taskinstance.py:1383} INFO - Executing <Task(PythonOperator): extract_task> on 2023-08-28 21:01:00.431347+00:00
[2023-08-28T21:01:01.709+0000] {standard_task_runner.py:55} INFO - Started process 9185 to run task
[2023-08-28T21:01:01.714+0000] {standard_task_runner.py:82} INFO - Running: ['***', 'tasks', 'run', 'nikeProducts_dag', 'extract_task', 'manual__2023-08-28T21:01:00.431347+00:00', '--job-id', '74', '--raw', '--subdir', 'DAGS_FOLDER/nikeProducts_dag.py', '--cfg-path', '/tmp/tmpr8g5xger']
[2023-08-28T21:01:01.718+0000] {standard_task_runner.py:83} INFO - Job 74: Subtask extract_task
[2023-08-28T21:01:01.774+0000] {task_command.py:376} INFO - Running <TaskInstance: nikeProducts_dag.extract_task manual__2023-08-28T21:01:00.431347+00:00 [running]> on host 7eee6ddbeacd
[2023-08-28T21:01:01.826+0000] {taskinstance.py:1592} INFO - Exporting the following env vars:
AIRFLOW_CTX_DAG_OWNER=***
AIRFLOW_CTX_DAG_ID=nikeProducts_dag
AIRFLOW_CTX_TASK_ID=extract_task
AIRFLOW_CTX_EXECUTION_DATE=2023-08-28T21:01:00.431347+00:00
AIRFLOW_CTX_TRY_NUMBER=1
AIRFLOW_CTX_DAG_RUN_ID=manual__2023-08-28T21:01:00.431347+00:00
[2023-08-28T21:01:01.828+0000] {logging_mixin.py:120} INFO - nike_22AUG2023_1912.csv mapped to products_etl.csv
[2023-08-28T21:01:02.416+0000] {python.py:177} INFO - Done. Returned value was: ['products_etl.csv']
[2023-08-28T21:01:02.439+0000] {taskinstance.py:1406} INFO - Marking task as SUCCESS. dag_id=nikeProducts_dag, task_id=extract_task, execution_date=20230828T210100, start_date=20230828T210101, end_date=20230828T210102
[2023-08-28T21:01:02.491+0000] {local_task_job.py:164} INFO - Task exited with return code 0
[2023-08-28T21:01:02.547+0000] {local_task_job.py:273} INFO - 1 downstream tasks scheduled from follow-on schedule check
