[2023-08-27T07:06:26.464+0000] {processor.py:154} INFO - Started process (PID=35) to work on /opt/airflow/dags/sales_scripts/get_data.py
[2023-08-27T07:06:26.466+0000] {processor.py:756} INFO - Processing file /opt/airflow/dags/sales_scripts/get_data.py for tasks to queue
[2023-08-27T07:06:26.468+0000] {logging_mixin.py:120} INFO - [2023-08-27T07:06:26.468+0000] {dagbag.py:537} INFO - Filling up the DagBag from /opt/airflow/dags/sales_scripts/get_data.py
[2023-08-27T07:06:27.553+0000] {processor.py:768} WARNING - No viable dags retrieved from /opt/airflow/dags/sales_scripts/get_data.py
[2023-08-27T07:06:27.579+0000] {processor.py:176} INFO - Processing /opt/airflow/dags/sales_scripts/get_data.py took 1.124 seconds
[2023-08-27T07:06:57.835+0000] {processor.py:154} INFO - Started process (PID=71) to work on /opt/airflow/dags/sales_scripts/get_data.py
[2023-08-27T07:06:57.836+0000] {processor.py:756} INFO - Processing file /opt/airflow/dags/sales_scripts/get_data.py for tasks to queue
[2023-08-27T07:06:57.837+0000] {logging_mixin.py:120} INFO - [2023-08-27T07:06:57.837+0000] {dagbag.py:537} INFO - Filling up the DagBag from /opt/airflow/dags/sales_scripts/get_data.py
[2023-08-27T07:06:58.388+0000] {processor.py:768} WARNING - No viable dags retrieved from /opt/airflow/dags/sales_scripts/get_data.py
[2023-08-27T07:06:58.420+0000] {processor.py:176} INFO - Processing /opt/airflow/dags/sales_scripts/get_data.py took 0.589 seconds
[2023-08-27T07:07:28.504+0000] {processor.py:154} INFO - Started process (PID=106) to work on /opt/airflow/dags/sales_scripts/get_data.py
[2023-08-27T07:07:28.506+0000] {processor.py:756} INFO - Processing file /opt/airflow/dags/sales_scripts/get_data.py for tasks to queue
[2023-08-27T07:07:28.508+0000] {logging_mixin.py:120} INFO - [2023-08-27T07:07:28.507+0000] {dagbag.py:537} INFO - Filling up the DagBag from /opt/airflow/dags/sales_scripts/get_data.py
[2023-08-27T07:07:29.049+0000] {processor.py:768} WARNING - No viable dags retrieved from /opt/airflow/dags/sales_scripts/get_data.py
[2023-08-27T07:07:29.075+0000] {processor.py:176} INFO - Processing /opt/airflow/dags/sales_scripts/get_data.py took 0.573 seconds
[2023-08-27T07:10:01.615+0000] {processor.py:154} INFO - Started process (PID=35) to work on /opt/airflow/dags/sales_scripts/get_data.py
[2023-08-27T07:10:01.618+0000] {processor.py:756} INFO - Processing file /opt/airflow/dags/sales_scripts/get_data.py for tasks to queue
[2023-08-27T07:10:01.620+0000] {logging_mixin.py:120} INFO - [2023-08-27T07:10:01.620+0000] {dagbag.py:537} INFO - Filling up the DagBag from /opt/airflow/dags/sales_scripts/get_data.py
[2023-08-27T07:10:02.726+0000] {processor.py:768} WARNING - No viable dags retrieved from /opt/airflow/dags/sales_scripts/get_data.py
[2023-08-27T07:10:02.749+0000] {processor.py:176} INFO - Processing /opt/airflow/dags/sales_scripts/get_data.py took 1.137 seconds
[2023-08-27T07:10:33.038+0000] {processor.py:154} INFO - Started process (PID=70) to work on /opt/airflow/dags/sales_scripts/get_data.py
[2023-08-27T07:10:33.041+0000] {processor.py:756} INFO - Processing file /opt/airflow/dags/sales_scripts/get_data.py for tasks to queue
[2023-08-27T07:10:33.042+0000] {logging_mixin.py:120} INFO - [2023-08-27T07:10:33.042+0000] {dagbag.py:537} INFO - Filling up the DagBag from /opt/airflow/dags/sales_scripts/get_data.py
[2023-08-27T07:10:33.558+0000] {processor.py:768} WARNING - No viable dags retrieved from /opt/airflow/dags/sales_scripts/get_data.py
[2023-08-27T07:10:33.576+0000] {processor.py:176} INFO - Processing /opt/airflow/dags/sales_scripts/get_data.py took 0.540 seconds
[2023-08-27T07:11:04.278+0000] {processor.py:154} INFO - Started process (PID=105) to work on /opt/airflow/dags/sales_scripts/get_data.py
[2023-08-27T07:11:04.280+0000] {processor.py:756} INFO - Processing file /opt/airflow/dags/sales_scripts/get_data.py for tasks to queue
[2023-08-27T07:11:04.281+0000] {logging_mixin.py:120} INFO - [2023-08-27T07:11:04.281+0000] {dagbag.py:537} INFO - Filling up the DagBag from /opt/airflow/dags/sales_scripts/get_data.py
[2023-08-27T07:11:04.671+0000] {processor.py:768} WARNING - No viable dags retrieved from /opt/airflow/dags/sales_scripts/get_data.py
[2023-08-27T07:11:04.691+0000] {processor.py:176} INFO - Processing /opt/airflow/dags/sales_scripts/get_data.py took 0.417 seconds
[2023-08-27T07:11:35.402+0000] {processor.py:154} INFO - Started process (PID=141) to work on /opt/airflow/dags/sales_scripts/get_data.py
[2023-08-27T07:11:35.404+0000] {processor.py:756} INFO - Processing file /opt/airflow/dags/sales_scripts/get_data.py for tasks to queue
[2023-08-27T07:11:35.406+0000] {logging_mixin.py:120} INFO - [2023-08-27T07:11:35.406+0000] {dagbag.py:537} INFO - Filling up the DagBag from /opt/airflow/dags/sales_scripts/get_data.py
[2023-08-27T07:11:35.850+0000] {processor.py:768} WARNING - No viable dags retrieved from /opt/airflow/dags/sales_scripts/get_data.py
[2023-08-27T07:11:35.872+0000] {processor.py:176} INFO - Processing /opt/airflow/dags/sales_scripts/get_data.py took 0.474 seconds
[2023-08-27T07:12:06.188+0000] {processor.py:154} INFO - Started process (PID=176) to work on /opt/airflow/dags/sales_scripts/get_data.py
[2023-08-27T07:12:06.189+0000] {processor.py:756} INFO - Processing file /opt/airflow/dags/sales_scripts/get_data.py for tasks to queue
[2023-08-27T07:12:06.191+0000] {logging_mixin.py:120} INFO - [2023-08-27T07:12:06.190+0000] {dagbag.py:537} INFO - Filling up the DagBag from /opt/airflow/dags/sales_scripts/get_data.py
[2023-08-27T07:12:06.636+0000] {processor.py:768} WARNING - No viable dags retrieved from /opt/airflow/dags/sales_scripts/get_data.py
[2023-08-27T07:12:06.653+0000] {processor.py:176} INFO - Processing /opt/airflow/dags/sales_scripts/get_data.py took 0.469 seconds
[2023-08-27T07:12:36.745+0000] {processor.py:154} INFO - Started process (PID=204) to work on /opt/airflow/dags/sales_scripts/get_data.py
[2023-08-27T07:12:36.748+0000] {processor.py:756} INFO - Processing file /opt/airflow/dags/sales_scripts/get_data.py for tasks to queue
[2023-08-27T07:12:36.749+0000] {logging_mixin.py:120} INFO - [2023-08-27T07:12:36.749+0000] {dagbag.py:537} INFO - Filling up the DagBag from /opt/airflow/dags/sales_scripts/get_data.py
[2023-08-27T07:12:37.003+0000] {processor.py:768} WARNING - No viable dags retrieved from /opt/airflow/dags/sales_scripts/get_data.py
[2023-08-27T07:12:37.026+0000] {processor.py:176} INFO - Processing /opt/airflow/dags/sales_scripts/get_data.py took 0.285 seconds
[2023-08-27T07:12:49.484+0000] {processor.py:154} INFO - Started process (PID=228) to work on /opt/airflow/dags/sales_scripts/get_data.py
[2023-08-27T07:12:49.486+0000] {processor.py:756} INFO - Processing file /opt/airflow/dags/sales_scripts/get_data.py for tasks to queue
[2023-08-27T07:12:49.487+0000] {logging_mixin.py:120} INFO - [2023-08-27T07:12:49.487+0000] {dagbag.py:537} INFO - Filling up the DagBag from /opt/airflow/dags/sales_scripts/get_data.py
[2023-08-27T07:12:49.490+0000] {logging_mixin.py:120} INFO - [2023-08-27T07:12:49.490+0000] {dagbag.py:319} INFO - File /opt/airflow/dags/sales_scripts/get_data.py assumed to contain no DAGs. Skipping.
[2023-08-27T07:12:49.491+0000] {processor.py:768} WARNING - No viable dags retrieved from /opt/airflow/dags/sales_scripts/get_data.py
[2023-08-27T07:12:49.509+0000] {processor.py:176} INFO - Processing /opt/airflow/dags/sales_scripts/get_data.py took 0.028 seconds
[2023-08-27T07:13:19.796+0000] {processor.py:154} INFO - Started process (PID=252) to work on /opt/airflow/dags/sales_scripts/get_data.py
[2023-08-27T07:13:19.798+0000] {processor.py:756} INFO - Processing file /opt/airflow/dags/sales_scripts/get_data.py for tasks to queue
[2023-08-27T07:13:19.799+0000] {logging_mixin.py:120} INFO - [2023-08-27T07:13:19.799+0000] {dagbag.py:537} INFO - Filling up the DagBag from /opt/airflow/dags/sales_scripts/get_data.py
[2023-08-27T07:13:19.801+0000] {logging_mixin.py:120} INFO - [2023-08-27T07:13:19.801+0000] {dagbag.py:319} INFO - File /opt/airflow/dags/sales_scripts/get_data.py assumed to contain no DAGs. Skipping.
[2023-08-27T07:13:19.802+0000] {processor.py:768} WARNING - No viable dags retrieved from /opt/airflow/dags/sales_scripts/get_data.py
[2023-08-27T07:13:19.823+0000] {processor.py:176} INFO - Processing /opt/airflow/dags/sales_scripts/get_data.py took 0.032 seconds
[2023-08-27T07:13:49.930+0000] {processor.py:154} INFO - Started process (PID=286) to work on /opt/airflow/dags/sales_scripts/get_data.py
[2023-08-27T07:13:49.933+0000] {processor.py:756} INFO - Processing file /opt/airflow/dags/sales_scripts/get_data.py for tasks to queue
[2023-08-27T07:13:49.934+0000] {logging_mixin.py:120} INFO - [2023-08-27T07:13:49.934+0000] {dagbag.py:537} INFO - Filling up the DagBag from /opt/airflow/dags/sales_scripts/get_data.py
[2023-08-27T07:13:49.936+0000] {logging_mixin.py:120} INFO - [2023-08-27T07:13:49.936+0000] {dagbag.py:319} INFO - File /opt/airflow/dags/sales_scripts/get_data.py assumed to contain no DAGs. Skipping.
[2023-08-27T07:13:49.937+0000] {processor.py:768} WARNING - No viable dags retrieved from /opt/airflow/dags/sales_scripts/get_data.py
[2023-08-27T07:13:49.955+0000] {processor.py:176} INFO - Processing /opt/airflow/dags/sales_scripts/get_data.py took 0.029 seconds
[2023-08-27T07:14:20.892+0000] {processor.py:154} INFO - Started process (PID=319) to work on /opt/airflow/dags/sales_scripts/get_data.py
[2023-08-27T07:14:20.894+0000] {processor.py:756} INFO - Processing file /opt/airflow/dags/sales_scripts/get_data.py for tasks to queue
[2023-08-27T07:14:20.896+0000] {logging_mixin.py:120} INFO - [2023-08-27T07:14:20.896+0000] {dagbag.py:537} INFO - Filling up the DagBag from /opt/airflow/dags/sales_scripts/get_data.py
[2023-08-27T07:14:20.898+0000] {logging_mixin.py:120} INFO - [2023-08-27T07:14:20.898+0000] {dagbag.py:319} INFO - File /opt/airflow/dags/sales_scripts/get_data.py assumed to contain no DAGs. Skipping.
[2023-08-27T07:14:20.899+0000] {processor.py:768} WARNING - No viable dags retrieved from /opt/airflow/dags/sales_scripts/get_data.py
[2023-08-27T07:14:20.918+0000] {processor.py:176} INFO - Processing /opt/airflow/dags/sales_scripts/get_data.py took 0.030 seconds
[2023-08-27T07:14:51.240+0000] {processor.py:154} INFO - Started process (PID=352) to work on /opt/airflow/dags/sales_scripts/get_data.py
[2023-08-27T07:14:51.242+0000] {processor.py:756} INFO - Processing file /opt/airflow/dags/sales_scripts/get_data.py for tasks to queue
[2023-08-27T07:14:51.243+0000] {logging_mixin.py:120} INFO - [2023-08-27T07:14:51.243+0000] {dagbag.py:537} INFO - Filling up the DagBag from /opt/airflow/dags/sales_scripts/get_data.py
[2023-08-27T07:14:51.245+0000] {logging_mixin.py:120} INFO - [2023-08-27T07:14:51.245+0000] {dagbag.py:319} INFO - File /opt/airflow/dags/sales_scripts/get_data.py assumed to contain no DAGs. Skipping.
[2023-08-27T07:14:51.246+0000] {processor.py:768} WARNING - No viable dags retrieved from /opt/airflow/dags/sales_scripts/get_data.py
[2023-08-27T07:14:51.264+0000] {processor.py:176} INFO - Processing /opt/airflow/dags/sales_scripts/get_data.py took 0.028 seconds
[2023-08-27T07:14:57.375+0000] {processor.py:154} INFO - Started process (PID=353) to work on /opt/airflow/dags/sales_scripts/get_data.py
[2023-08-27T07:14:57.376+0000] {processor.py:756} INFO - Processing file /opt/airflow/dags/sales_scripts/get_data.py for tasks to queue
[2023-08-27T07:14:57.377+0000] {logging_mixin.py:120} INFO - [2023-08-27T07:14:57.377+0000] {dagbag.py:537} INFO - Filling up the DagBag from /opt/airflow/dags/sales_scripts/get_data.py
[2023-08-27T07:14:57.381+0000] {logging_mixin.py:120} INFO - [2023-08-27T07:14:57.381+0000] {dagbag.py:319} INFO - File /opt/airflow/dags/sales_scripts/get_data.py assumed to contain no DAGs. Skipping.
[2023-08-27T07:14:57.382+0000] {processor.py:768} WARNING - No viable dags retrieved from /opt/airflow/dags/sales_scripts/get_data.py
[2023-08-27T07:14:57.403+0000] {processor.py:176} INFO - Processing /opt/airflow/dags/sales_scripts/get_data.py took 0.032 seconds
