[2023-08-24T18:32:22.872+0000] {taskinstance.py:1165} INFO - Dependencies all met for <TaskInstance: nikeProducts_dag.step_1_task manual__2023-08-24T18:32:21.854856+00:00 [queued]>
[2023-08-24T18:32:22.879+0000] {taskinstance.py:1165} INFO - Dependencies all met for <TaskInstance: nikeProducts_dag.step_1_task manual__2023-08-24T18:32:21.854856+00:00 [queued]>
[2023-08-24T18:32:22.879+0000] {taskinstance.py:1362} INFO - 
--------------------------------------------------------------------------------
[2023-08-24T18:32:22.880+0000] {taskinstance.py:1363} INFO - Starting attempt 1 of 2
[2023-08-24T18:32:22.880+0000] {taskinstance.py:1364} INFO - 
--------------------------------------------------------------------------------
[2023-08-24T18:32:22.890+0000] {taskinstance.py:1383} INFO - Executing <Task(PythonOperator): step_1_task> on 2023-08-24 18:32:21.854856+00:00
[2023-08-24T18:32:22.895+0000] {standard_task_runner.py:55} INFO - Started process 44185 to run task
[2023-08-24T18:32:22.899+0000] {standard_task_runner.py:82} INFO - Running: ['***', 'tasks', 'run', 'nikeProducts_dag', 'step_1_task', 'manual__2023-08-24T18:32:21.854856+00:00', '--job-id', '108', '--raw', '--subdir', 'DAGS_FOLDER/nikeProducts_dag.py', '--cfg-path', '/tmp/tmpt_f7hkaa']
[2023-08-24T18:32:22.901+0000] {standard_task_runner.py:83} INFO - Job 108: Subtask step_1_task
[2023-08-24T18:32:22.961+0000] {task_command.py:376} INFO - Running <TaskInstance: nikeProducts_dag.step_1_task manual__2023-08-24T18:32:21.854856+00:00 [running]> on host 5879ed69cda2
[2023-08-24T18:32:23.024+0000] {taskinstance.py:1592} INFO - Exporting the following env vars:
AIRFLOW_CTX_DAG_OWNER=***
AIRFLOW_CTX_DAG_ID=nikeProducts_dag
AIRFLOW_CTX_TASK_ID=step_1_task
AIRFLOW_CTX_EXECUTION_DATE=2023-08-24T18:32:21.854856+00:00
AIRFLOW_CTX_TRY_NUMBER=1
AIRFLOW_CTX_DAG_RUN_ID=manual__2023-08-24T18:32:21.854856+00:00
[2023-08-24T18:32:23.026+0000] {logging_mixin.py:120} INFO - products.csv mapped to products_etl.csv
[2023-08-24T18:32:23.544+0000] {python.py:177} INFO - Done. Returned value was: ['products_etl.csv']
[2023-08-24T18:32:23.571+0000] {taskinstance.py:1406} INFO - Marking task as SUCCESS. dag_id=nikeProducts_dag, task_id=step_1_task, execution_date=20230824T183221, start_date=20230824T183222, end_date=20230824T183223
[2023-08-24T18:32:23.593+0000] {local_task_job.py:164} INFO - Task exited with return code 0
[2023-08-24T18:32:23.619+0000] {local_task_job.py:273} INFO - 1 downstream tasks scheduled from follow-on schedule check
