[2023-08-24T16:52:05.087+0000] {taskinstance.py:1165} INFO - Dependencies all met for <TaskInstance: nikeProducts_dag.step_1_task manual__2023-08-24T16:52:03.373327+00:00 [queued]>
[2023-08-24T16:52:05.094+0000] {taskinstance.py:1165} INFO - Dependencies all met for <TaskInstance: nikeProducts_dag.step_1_task manual__2023-08-24T16:52:03.373327+00:00 [queued]>
[2023-08-24T16:52:05.094+0000] {taskinstance.py:1362} INFO - 
--------------------------------------------------------------------------------
[2023-08-24T16:52:05.095+0000] {taskinstance.py:1363} INFO - Starting attempt 1 of 2
[2023-08-24T16:52:05.095+0000] {taskinstance.py:1364} INFO - 
--------------------------------------------------------------------------------
[2023-08-24T16:52:05.105+0000] {taskinstance.py:1383} INFO - Executing <Task(PythonOperator): step_1_task> on 2023-08-24 16:52:03.373327+00:00
[2023-08-24T16:52:05.110+0000] {standard_task_runner.py:55} INFO - Started process 39128 to run task
[2023-08-24T16:52:05.113+0000] {standard_task_runner.py:82} INFO - Running: ['***', 'tasks', 'run', 'nikeProducts_dag', 'step_1_task', 'manual__2023-08-24T16:52:03.373327+00:00', '--job-id', '61', '--raw', '--subdir', 'DAGS_FOLDER/nikeProducts_dag.py', '--cfg-path', '/tmp/tmpzjdli9bq']
[2023-08-24T16:52:05.115+0000] {standard_task_runner.py:83} INFO - Job 61: Subtask step_1_task
[2023-08-24T16:52:05.171+0000] {task_command.py:376} INFO - Running <TaskInstance: nikeProducts_dag.step_1_task manual__2023-08-24T16:52:03.373327+00:00 [running]> on host 5879ed69cda2
[2023-08-24T16:52:05.230+0000] {taskinstance.py:1592} INFO - Exporting the following env vars:
AIRFLOW_CTX_DAG_OWNER=***
AIRFLOW_CTX_DAG_ID=nikeProducts_dag
AIRFLOW_CTX_TASK_ID=step_1_task
AIRFLOW_CTX_EXECUTION_DATE=2023-08-24T16:52:03.373327+00:00
AIRFLOW_CTX_TRY_NUMBER=1
AIRFLOW_CTX_DAG_RUN_ID=manual__2023-08-24T16:52:03.373327+00:00
[2023-08-24T16:52:05.232+0000] {logging_mixin.py:120} INFO - products.csv mapped to products_etl.csv
[2023-08-24T16:52:05.850+0000] {python.py:177} INFO - Done. Returned value was: ['products_etl.csv']
[2023-08-24T16:52:05.875+0000] {taskinstance.py:1406} INFO - Marking task as SUCCESS. dag_id=nikeProducts_dag, task_id=step_1_task, execution_date=20230824T165203, start_date=20230824T165205, end_date=20230824T165205
[2023-08-24T16:52:05.931+0000] {local_task_job.py:164} INFO - Task exited with return code 0
[2023-08-24T16:52:05.960+0000] {local_task_job.py:273} INFO - 1 downstream tasks scheduled from follow-on schedule check
