[2023-08-28T18:14:51.157+0000] {taskinstance.py:1165} INFO - Dependencies all met for <TaskInstance: nikeColor_dag.extract_task manual__2023-08-28T18:14:49.877475+00:00 [queued]>
[2023-08-28T18:14:51.165+0000] {taskinstance.py:1165} INFO - Dependencies all met for <TaskInstance: nikeColor_dag.extract_task manual__2023-08-28T18:14:49.877475+00:00 [queued]>
[2023-08-28T18:14:51.166+0000] {taskinstance.py:1362} INFO - 
--------------------------------------------------------------------------------
[2023-08-28T18:14:51.167+0000] {taskinstance.py:1363} INFO - Starting attempt 1 of 2
[2023-08-28T18:14:51.167+0000] {taskinstance.py:1364} INFO - 
--------------------------------------------------------------------------------
[2023-08-28T18:14:51.177+0000] {taskinstance.py:1383} INFO - Executing <Task(PythonOperator): extract_task> on 2023-08-28 18:14:49.877475+00:00
[2023-08-28T18:14:51.183+0000] {standard_task_runner.py:55} INFO - Started process 987 to run task
[2023-08-28T18:14:51.187+0000] {standard_task_runner.py:82} INFO - Running: ['***', 'tasks', 'run', 'nikeColor_dag', 'extract_task', 'manual__2023-08-28T18:14:49.877475+00:00', '--job-id', '32', '--raw', '--subdir', 'DAGS_FOLDER/nikeColor_dag.py', '--cfg-path', '/tmp/tmpkyr8tdev']
[2023-08-28T18:14:51.189+0000] {standard_task_runner.py:83} INFO - Job 32: Subtask extract_task
[2023-08-28T18:14:51.252+0000] {task_command.py:376} INFO - Running <TaskInstance: nikeColor_dag.extract_task manual__2023-08-28T18:14:49.877475+00:00 [running]> on host 7eee6ddbeacd
[2023-08-28T18:14:51.309+0000] {taskinstance.py:1592} INFO - Exporting the following env vars:
AIRFLOW_CTX_DAG_OWNER=***
AIRFLOW_CTX_DAG_ID=nikeColor_dag
AIRFLOW_CTX_TASK_ID=extract_task
AIRFLOW_CTX_EXECUTION_DATE=2023-08-28T18:14:49.877475+00:00
AIRFLOW_CTX_TRY_NUMBER=1
AIRFLOW_CTX_DAG_RUN_ID=manual__2023-08-28T18:14:49.877475+00:00
[2023-08-28T18:14:51.311+0000] {logging_mixin.py:120} INFO - nike_22AUG2023_1912.csv mapped to color_etl.csv
[2023-08-28T18:14:52.253+0000] {python.py:177} INFO - Done. Returned value was: ['color_etl.csv']
[2023-08-28T18:14:52.303+0000] {taskinstance.py:1406} INFO - Marking task as SUCCESS. dag_id=nikeColor_dag, task_id=extract_task, execution_date=20230828T181449, start_date=20230828T181451, end_date=20230828T181452
[2023-08-28T18:14:52.352+0000] {local_task_job.py:164} INFO - Task exited with return code 0
[2023-08-28T18:14:52.413+0000] {local_task_job.py:273} INFO - 1 downstream tasks scheduled from follow-on schedule check
