[2023-08-28T17:59:49.825+0000] {taskinstance.py:1165} INFO - Dependencies all met for <TaskInstance: nikeColor_dag.extract_task scheduled__2022-03-01T00:00:00+00:00 [queued]>
[2023-08-28T17:59:49.832+0000] {taskinstance.py:1165} INFO - Dependencies all met for <TaskInstance: nikeColor_dag.extract_task scheduled__2022-03-01T00:00:00+00:00 [queued]>
[2023-08-28T17:59:49.833+0000] {taskinstance.py:1362} INFO - 
--------------------------------------------------------------------------------
[2023-08-28T17:59:49.834+0000] {taskinstance.py:1363} INFO - Starting attempt 1 of 2
[2023-08-28T17:59:49.834+0000] {taskinstance.py:1364} INFO - 
--------------------------------------------------------------------------------
[2023-08-28T17:59:49.844+0000] {taskinstance.py:1383} INFO - Executing <Task(PythonOperator): extract_task> on 2022-03-01 00:00:00+00:00
[2023-08-28T17:59:49.850+0000] {standard_task_runner.py:55} INFO - Started process 165 to run task
[2023-08-28T17:59:49.856+0000] {standard_task_runner.py:82} INFO - Running: ['***', 'tasks', 'run', 'nikeColor_dag', 'extract_task', 'scheduled__2022-03-01T00:00:00+00:00', '--job-id', '4', '--raw', '--subdir', 'DAGS_FOLDER/nikeColor_dag.py', '--cfg-path', '/tmp/tmpactfszu_']
[2023-08-28T17:59:49.858+0000] {standard_task_runner.py:83} INFO - Job 4: Subtask extract_task
[2023-08-28T17:59:49.915+0000] {task_command.py:376} INFO - Running <TaskInstance: nikeColor_dag.extract_task scheduled__2022-03-01T00:00:00+00:00 [running]> on host 7eee6ddbeacd
[2023-08-28T17:59:49.968+0000] {taskinstance.py:1592} INFO - Exporting the following env vars:
AIRFLOW_CTX_DAG_OWNER=***
AIRFLOW_CTX_DAG_ID=nikeColor_dag
AIRFLOW_CTX_TASK_ID=extract_task
AIRFLOW_CTX_EXECUTION_DATE=2022-03-01T00:00:00+00:00
AIRFLOW_CTX_TRY_NUMBER=1
AIRFLOW_CTX_DAG_RUN_ID=scheduled__2022-03-01T00:00:00+00:00
[2023-08-28T17:59:49.973+0000] {logging_mixin.py:120} INFO - nike_22AUG2023_1912.csv mapped to products_etl.csv
[2023-08-28T17:59:51.426+0000] {python.py:177} INFO - Done. Returned value was: ['products_etl.csv']
[2023-08-28T17:59:51.465+0000] {taskinstance.py:1406} INFO - Marking task as SUCCESS. dag_id=nikeColor_dag, task_id=extract_task, execution_date=20220301T000000, start_date=20230828T175949, end_date=20230828T175951
[2023-08-28T17:59:51.518+0000] {local_task_job.py:164} INFO - Task exited with return code 0
[2023-08-28T17:59:51.560+0000] {local_task_job.py:273} INFO - 1 downstream tasks scheduled from follow-on schedule check
