[2023-08-26T04:12:27.850+0000] {taskinstance.py:1165} INFO - Dependencies all met for <TaskInstance: nikeSales_dag.load_task manual__2023-08-26T04:12:25.207701+00:00 [queued]>
[2023-08-26T04:12:27.856+0000] {taskinstance.py:1165} INFO - Dependencies all met for <TaskInstance: nikeSales_dag.load_task manual__2023-08-26T04:12:25.207701+00:00 [queued]>
[2023-08-26T04:12:27.856+0000] {taskinstance.py:1362} INFO - 
--------------------------------------------------------------------------------
[2023-08-26T04:12:27.856+0000] {taskinstance.py:1363} INFO - Starting attempt 1 of 2
[2023-08-26T04:12:27.857+0000] {taskinstance.py:1364} INFO - 
--------------------------------------------------------------------------------
[2023-08-26T04:12:27.864+0000] {taskinstance.py:1383} INFO - Executing <Task(PythonOperator): load_task> on 2023-08-26 04:12:25.207701+00:00
[2023-08-26T04:12:27.868+0000] {standard_task_runner.py:55} INFO - Started process 1068 to run task
[2023-08-26T04:12:27.871+0000] {standard_task_runner.py:82} INFO - Running: ['***', 'tasks', 'run', 'nikeSales_dag', 'load_task', 'manual__2023-08-26T04:12:25.207701+00:00', '--job-id', '125', '--raw', '--subdir', 'DAGS_FOLDER/nikeSales_dag.py', '--cfg-path', '/tmp/tmpc1r5a9ug']
[2023-08-26T04:12:27.873+0000] {standard_task_runner.py:83} INFO - Job 125: Subtask load_task
[2023-08-26T04:12:27.916+0000] {task_command.py:376} INFO - Running <TaskInstance: nikeSales_dag.load_task manual__2023-08-26T04:12:25.207701+00:00 [running]> on host 9f01d644bb11
[2023-08-26T04:12:27.956+0000] {taskinstance.py:1592} INFO - Exporting the following env vars:
AIRFLOW_CTX_DAG_OWNER=***
AIRFLOW_CTX_DAG_ID=nikeSales_dag
AIRFLOW_CTX_TASK_ID=load_task
AIRFLOW_CTX_EXECUTION_DATE=2023-08-26T04:12:25.207701+00:00
AIRFLOW_CTX_TRY_NUMBER=1
AIRFLOW_CTX_DAG_RUN_ID=manual__2023-08-26T04:12:25.207701+00:00
[2023-08-26T04:12:28.001+0000] {python.py:177} INFO - Done. Returned value was: None
[2023-08-26T04:12:28.009+0000] {taskinstance.py:1406} INFO - Marking task as SUCCESS. dag_id=nikeSales_dag, task_id=load_task, execution_date=20230826T041225, start_date=20230826T041227, end_date=20230826T041228
[2023-08-26T04:12:28.047+0000] {local_task_job.py:164} INFO - Task exited with return code 0
[2023-08-26T04:12:28.063+0000] {local_task_job.py:273} INFO - 0 downstream tasks scheduled from follow-on schedule check
