[2023-08-28T20:30:54.537+0000] {taskinstance.py:1165} INFO - Dependencies all met for <TaskInstance: nikeProducts_dag.transform_task manual__2023-08-28T20:30:52.246274+00:00 [queued]>
[2023-08-28T20:30:54.553+0000] {taskinstance.py:1165} INFO - Dependencies all met for <TaskInstance: nikeProducts_dag.transform_task manual__2023-08-28T20:30:52.246274+00:00 [queued]>
[2023-08-28T20:30:54.557+0000] {taskinstance.py:1362} INFO - 
--------------------------------------------------------------------------------
[2023-08-28T20:30:54.558+0000] {taskinstance.py:1363} INFO - Starting attempt 1 of 2
[2023-08-28T20:30:54.559+0000] {taskinstance.py:1364} INFO - 
--------------------------------------------------------------------------------
[2023-08-28T20:30:54.574+0000] {taskinstance.py:1383} INFO - Executing <Task(PythonOperator): transform_task> on 2023-08-28 20:30:52.246274+00:00
[2023-08-28T20:30:54.580+0000] {standard_task_runner.py:55} INFO - Started process 7666 to run task
[2023-08-28T20:30:54.585+0000] {standard_task_runner.py:82} INFO - Running: ['***', 'tasks', 'run', 'nikeProducts_dag', 'transform_task', 'manual__2023-08-28T20:30:52.246274+00:00', '--job-id', '60', '--raw', '--subdir', 'DAGS_FOLDER/nikeProducts_dag.py', '--cfg-path', '/tmp/tmpf9e19jax']
[2023-08-28T20:30:54.588+0000] {standard_task_runner.py:83} INFO - Job 60: Subtask transform_task
[2023-08-28T20:30:54.651+0000] {task_command.py:376} INFO - Running <TaskInstance: nikeProducts_dag.transform_task manual__2023-08-28T20:30:52.246274+00:00 [running]> on host 7eee6ddbeacd
[2023-08-28T20:30:54.708+0000] {taskinstance.py:1592} INFO - Exporting the following env vars:
AIRFLOW_CTX_DAG_OWNER=***
AIRFLOW_CTX_DAG_ID=nikeProducts_dag
AIRFLOW_CTX_TASK_ID=transform_task
AIRFLOW_CTX_EXECUTION_DATE=2023-08-28T20:30:52.246274+00:00
AIRFLOW_CTX_TRY_NUMBER=1
AIRFLOW_CTX_DAG_RUN_ID=manual__2023-08-28T20:30:52.246274+00:00
[2023-08-28T20:30:54.718+0000] {logging_mixin.py:120} INFO - products_etl.csv
[2023-08-28T20:30:55.561+0000] {python.py:177} INFO - Done. Returned value was: ['products_etl.csv']
[2023-08-28T20:30:55.584+0000] {taskinstance.py:1406} INFO - Marking task as SUCCESS. dag_id=nikeProducts_dag, task_id=transform_task, execution_date=20230828T203052, start_date=20230828T203054, end_date=20230828T203055
[2023-08-28T20:30:55.642+0000] {local_task_job.py:164} INFO - Task exited with return code 0
[2023-08-28T20:30:55.682+0000] {local_task_job.py:273} INFO - 1 downstream tasks scheduled from follow-on schedule check
