[2023-08-28T16:37:50.248+0000] {taskinstance.py:1165} INFO - Dependencies all met for <TaskInstance: nikeSales_dag.load_task manual__2023-08-28T16:37:41.255369+00:00 [queued]>
[2023-08-28T16:37:50.254+0000] {taskinstance.py:1165} INFO - Dependencies all met for <TaskInstance: nikeSales_dag.load_task manual__2023-08-28T16:37:41.255369+00:00 [queued]>
[2023-08-28T16:37:50.254+0000] {taskinstance.py:1362} INFO - 
--------------------------------------------------------------------------------
[2023-08-28T16:37:50.255+0000] {taskinstance.py:1363} INFO - Starting attempt 1 of 2
[2023-08-28T16:37:50.255+0000] {taskinstance.py:1364} INFO - 
--------------------------------------------------------------------------------
[2023-08-28T16:37:50.263+0000] {taskinstance.py:1383} INFO - Executing <Task(PythonOperator): load_task> on 2023-08-28 16:37:41.255369+00:00
[2023-08-28T16:37:50.267+0000] {standard_task_runner.py:55} INFO - Started process 67 to run task
[2023-08-28T16:37:50.271+0000] {standard_task_runner.py:82} INFO - Running: ['***', 'tasks', 'run', 'nikeSales_dag', 'load_task', 'manual__2023-08-28T16:37:41.255369+00:00', '--job-id', '41', '--raw', '--subdir', 'DAGS_FOLDER/nikeSales_dag.py', '--cfg-path', '/tmp/tmpvma6al1w']
[2023-08-28T16:37:50.273+0000] {standard_task_runner.py:83} INFO - Job 41: Subtask load_task
[2023-08-28T16:37:50.317+0000] {task_command.py:376} INFO - Running <TaskInstance: nikeSales_dag.load_task manual__2023-08-28T16:37:41.255369+00:00 [running]> on host c4cd47d0799f
[2023-08-28T16:37:50.357+0000] {taskinstance.py:1592} INFO - Exporting the following env vars:
AIRFLOW_CTX_DAG_OWNER=***
AIRFLOW_CTX_DAG_ID=nikeSales_dag
AIRFLOW_CTX_TASK_ID=load_task
AIRFLOW_CTX_EXECUTION_DATE=2023-08-28T16:37:41.255369+00:00
AIRFLOW_CTX_TRY_NUMBER=1
AIRFLOW_CTX_DAG_RUN_ID=manual__2023-08-28T16:37:41.255369+00:00
[2023-08-28T16:37:50.400+0000] {python.py:177} INFO - Done. Returned value was: None
[2023-08-28T16:37:50.408+0000] {taskinstance.py:1406} INFO - Marking task as SUCCESS. dag_id=nikeSales_dag, task_id=load_task, execution_date=20230828T163741, start_date=20230828T163750, end_date=20230828T163750
[2023-08-28T16:37:50.444+0000] {local_task_job.py:164} INFO - Task exited with return code 0
[2023-08-28T16:37:50.459+0000] {local_task_job.py:273} INFO - 0 downstream tasks scheduled from follow-on schedule check
