[2023-08-28T18:14:01.343+0000] {taskinstance.py:1165} INFO - Dependencies all met for <TaskInstance: nikeColor_dag.transform_task manual__2023-08-28T18:13:57.895565+00:00 [queued]>
[2023-08-28T18:14:01.348+0000] {taskinstance.py:1165} INFO - Dependencies all met for <TaskInstance: nikeColor_dag.transform_task manual__2023-08-28T18:13:57.895565+00:00 [queued]>
[2023-08-28T18:14:01.349+0000] {taskinstance.py:1362} INFO - 
--------------------------------------------------------------------------------
[2023-08-28T18:14:01.349+0000] {taskinstance.py:1363} INFO - Starting attempt 1 of 2
[2023-08-28T18:14:01.350+0000] {taskinstance.py:1364} INFO - 
--------------------------------------------------------------------------------
[2023-08-28T18:14:01.357+0000] {taskinstance.py:1383} INFO - Executing <Task(PythonOperator): transform_task> on 2023-08-28 18:13:57.895565+00:00
[2023-08-28T18:14:01.361+0000] {standard_task_runner.py:55} INFO - Started process 945 to run task
[2023-08-28T18:14:01.364+0000] {standard_task_runner.py:82} INFO - Running: ['***', 'tasks', 'run', 'nikeColor_dag', 'transform_task', 'manual__2023-08-28T18:13:57.895565+00:00', '--job-id', '30', '--raw', '--subdir', 'DAGS_FOLDER/nikeColor_dag.py', '--cfg-path', '/tmp/tmp9y7zgb5x']
[2023-08-28T18:14:01.366+0000] {standard_task_runner.py:83} INFO - Job 30: Subtask transform_task
[2023-08-28T18:14:01.414+0000] {task_command.py:376} INFO - Running <TaskInstance: nikeColor_dag.transform_task manual__2023-08-28T18:13:57.895565+00:00 [running]> on host 7eee6ddbeacd
[2023-08-28T18:14:01.459+0000] {taskinstance.py:1592} INFO - Exporting the following env vars:
AIRFLOW_CTX_DAG_OWNER=***
AIRFLOW_CTX_DAG_ID=nikeColor_dag
AIRFLOW_CTX_TASK_ID=transform_task
AIRFLOW_CTX_EXECUTION_DATE=2023-08-28T18:13:57.895565+00:00
AIRFLOW_CTX_TRY_NUMBER=1
AIRFLOW_CTX_DAG_RUN_ID=manual__2023-08-28T18:13:57.895565+00:00
[2023-08-28T18:14:01.468+0000] {logging_mixin.py:120} INFO - color_etl.csv
[2023-08-28T18:14:02.011+0000] {python.py:177} INFO - Done. Returned value was: ['color_etl.csv']
[2023-08-28T18:14:02.028+0000] {taskinstance.py:1406} INFO - Marking task as SUCCESS. dag_id=nikeColor_dag, task_id=transform_task, execution_date=20230828T181357, start_date=20230828T181401, end_date=20230828T181402
[2023-08-28T18:14:02.060+0000] {local_task_job.py:164} INFO - Task exited with return code 0
[2023-08-28T18:14:02.079+0000] {local_task_job.py:273} INFO - 1 downstream tasks scheduled from follow-on schedule check
