[2023-08-28T18:11:27.822+0000] {taskinstance.py:1165} INFO - Dependencies all met for <TaskInstance: nikeCategory_dag.transform_task manual__2023-08-28T18:11:25.586282+00:00 [queued]>
[2023-08-28T18:11:27.831+0000] {taskinstance.py:1165} INFO - Dependencies all met for <TaskInstance: nikeCategory_dag.transform_task manual__2023-08-28T18:11:25.586282+00:00 [queued]>
[2023-08-28T18:11:27.832+0000] {taskinstance.py:1362} INFO - 
--------------------------------------------------------------------------------
[2023-08-28T18:11:27.832+0000] {taskinstance.py:1363} INFO - Starting attempt 1 of 2
[2023-08-28T18:11:27.833+0000] {taskinstance.py:1364} INFO - 
--------------------------------------------------------------------------------
[2023-08-28T18:11:27.842+0000] {taskinstance.py:1383} INFO - Executing <Task(PythonOperator): transform_task> on 2023-08-28 18:11:25.586282+00:00
[2023-08-28T18:11:27.847+0000] {standard_task_runner.py:55} INFO - Started process 803 to run task
[2023-08-28T18:11:27.850+0000] {standard_task_runner.py:82} INFO - Running: ['***', 'tasks', 'run', 'nikeCategory_dag', 'transform_task', 'manual__2023-08-28T18:11:25.586282+00:00', '--job-id', '24', '--raw', '--subdir', 'DAGS_FOLDER/nikeCategory_dag.py', '--cfg-path', '/tmp/tmpzd8zru3u']
[2023-08-28T18:11:27.853+0000] {standard_task_runner.py:83} INFO - Job 24: Subtask transform_task
[2023-08-28T18:11:27.922+0000] {task_command.py:376} INFO - Running <TaskInstance: nikeCategory_dag.transform_task manual__2023-08-28T18:11:25.586282+00:00 [running]> on host 7eee6ddbeacd
[2023-08-28T18:11:28.000+0000] {taskinstance.py:1592} INFO - Exporting the following env vars:
AIRFLOW_CTX_DAG_OWNER=***
AIRFLOW_CTX_DAG_ID=nikeCategory_dag
AIRFLOW_CTX_TASK_ID=transform_task
AIRFLOW_CTX_EXECUTION_DATE=2023-08-28T18:11:25.586282+00:00
AIRFLOW_CTX_TRY_NUMBER=1
AIRFLOW_CTX_DAG_RUN_ID=manual__2023-08-28T18:11:25.586282+00:00
[2023-08-28T18:11:28.019+0000] {logging_mixin.py:120} INFO - category_etl.csv
[2023-08-28T18:11:28.156+0000] {python.py:177} INFO - Done. Returned value was: ['category_etl.csv']
[2023-08-28T18:11:28.177+0000] {taskinstance.py:1406} INFO - Marking task as SUCCESS. dag_id=nikeCategory_dag, task_id=transform_task, execution_date=20230828T181125, start_date=20230828T181127, end_date=20230828T181128
[2023-08-28T18:11:28.226+0000] {local_task_job.py:164} INFO - Task exited with return code 0
[2023-08-28T18:11:28.250+0000] {local_task_job.py:273} INFO - 1 downstream tasks scheduled from follow-on schedule check
