[2023-08-28T20:56:08.906+0000] {taskinstance.py:1165} INFO - Dependencies all met for <TaskInstance: nikeProducts_dag.extract_task manual__2023-08-28T20:56:07.350081+00:00 [queued]>
[2023-08-28T20:56:08.914+0000] {taskinstance.py:1165} INFO - Dependencies all met for <TaskInstance: nikeProducts_dag.extract_task manual__2023-08-28T20:56:07.350081+00:00 [queued]>
[2023-08-28T20:56:08.915+0000] {taskinstance.py:1362} INFO - 
--------------------------------------------------------------------------------
[2023-08-28T20:56:08.916+0000] {taskinstance.py:1363} INFO - Starting attempt 1 of 2
[2023-08-28T20:56:08.916+0000] {taskinstance.py:1364} INFO - 
--------------------------------------------------------------------------------
[2023-08-28T20:56:08.925+0000] {taskinstance.py:1383} INFO - Executing <Task(PythonOperator): extract_task> on 2023-08-28 20:56:07.350081+00:00
[2023-08-28T20:56:08.931+0000] {standard_task_runner.py:55} INFO - Started process 8933 to run task
[2023-08-28T20:56:08.935+0000] {standard_task_runner.py:82} INFO - Running: ['***', 'tasks', 'run', 'nikeProducts_dag', 'extract_task', 'manual__2023-08-28T20:56:07.350081+00:00', '--job-id', '68', '--raw', '--subdir', 'DAGS_FOLDER/nikeProducts_dag.py', '--cfg-path', '/tmp/tmpbl1d86c1']
[2023-08-28T20:56:08.937+0000] {standard_task_runner.py:83} INFO - Job 68: Subtask extract_task
[2023-08-28T20:56:09.004+0000] {task_command.py:376} INFO - Running <TaskInstance: nikeProducts_dag.extract_task manual__2023-08-28T20:56:07.350081+00:00 [running]> on host 7eee6ddbeacd
[2023-08-28T20:56:09.059+0000] {taskinstance.py:1592} INFO - Exporting the following env vars:
AIRFLOW_CTX_DAG_OWNER=***
AIRFLOW_CTX_DAG_ID=nikeProducts_dag
AIRFLOW_CTX_TASK_ID=extract_task
AIRFLOW_CTX_EXECUTION_DATE=2023-08-28T20:56:07.350081+00:00
AIRFLOW_CTX_TRY_NUMBER=1
AIRFLOW_CTX_DAG_RUN_ID=manual__2023-08-28T20:56:07.350081+00:00
[2023-08-28T20:56:09.060+0000] {logging_mixin.py:120} INFO - nike_22AUG2023_1912.csv mapped to products_etl.csv
[2023-08-28T20:56:09.738+0000] {python.py:177} INFO - Done. Returned value was: ['products_etl.csv']
[2023-08-28T20:56:09.762+0000] {taskinstance.py:1406} INFO - Marking task as SUCCESS. dag_id=nikeProducts_dag, task_id=extract_task, execution_date=20230828T205607, start_date=20230828T205608, end_date=20230828T205609
[2023-08-28T20:56:09.789+0000] {local_task_job.py:164} INFO - Task exited with return code 0
[2023-08-28T20:56:09.822+0000] {local_task_job.py:273} INFO - 1 downstream tasks scheduled from follow-on schedule check
