[2023-08-28T18:08:19.070+0000] {taskinstance.py:1165} INFO - Dependencies all met for <TaskInstance: nikeCategory_dag.load_task manual__2023-08-28T18:08:14.135252+00:00 [queued]>
[2023-08-28T18:08:19.091+0000] {taskinstance.py:1165} INFO - Dependencies all met for <TaskInstance: nikeCategory_dag.load_task manual__2023-08-28T18:08:14.135252+00:00 [queued]>
[2023-08-28T18:08:19.094+0000] {taskinstance.py:1362} INFO - 
--------------------------------------------------------------------------------
[2023-08-28T18:08:19.096+0000] {taskinstance.py:1363} INFO - Starting attempt 1 of 2
[2023-08-28T18:08:19.097+0000] {taskinstance.py:1364} INFO - 
--------------------------------------------------------------------------------
[2023-08-28T18:08:19.109+0000] {taskinstance.py:1383} INFO - Executing <Task(PythonOperator): load_task> on 2023-08-28 18:08:14.135252+00:00
[2023-08-28T18:08:19.115+0000] {standard_task_runner.py:55} INFO - Started process 643 to run task
[2023-08-28T18:08:19.120+0000] {standard_task_runner.py:82} INFO - Running: ['***', 'tasks', 'run', 'nikeCategory_dag', 'load_task', 'manual__2023-08-28T18:08:14.135252+00:00', '--job-id', '22', '--raw', '--subdir', 'DAGS_FOLDER/nikeCategory_dag.py', '--cfg-path', '/tmp/tmpaswbekt5']
[2023-08-28T18:08:19.129+0000] {standard_task_runner.py:83} INFO - Job 22: Subtask load_task
[2023-08-28T18:08:19.224+0000] {task_command.py:376} INFO - Running <TaskInstance: nikeCategory_dag.load_task manual__2023-08-28T18:08:14.135252+00:00 [running]> on host 7eee6ddbeacd
[2023-08-28T18:08:19.279+0000] {taskinstance.py:1592} INFO - Exporting the following env vars:
AIRFLOW_CTX_DAG_OWNER=***
AIRFLOW_CTX_DAG_ID=nikeCategory_dag
AIRFLOW_CTX_TASK_ID=load_task
AIRFLOW_CTX_EXECUTION_DATE=2023-08-28T18:08:14.135252+00:00
AIRFLOW_CTX_TRY_NUMBER=1
AIRFLOW_CTX_DAG_RUN_ID=manual__2023-08-28T18:08:14.135252+00:00
[2023-08-28T18:08:19.783+0000] {python.py:177} INFO - Done. Returned value was: None
[2023-08-28T18:08:19.791+0000] {taskinstance.py:1406} INFO - Marking task as SUCCESS. dag_id=nikeCategory_dag, task_id=load_task, execution_date=20230828T180814, start_date=20230828T180819, end_date=20230828T180819
[2023-08-28T18:08:19.818+0000] {local_task_job.py:164} INFO - Task exited with return code 0
[2023-08-28T18:08:19.835+0000] {local_task_job.py:273} INFO - 0 downstream tasks scheduled from follow-on schedule check
