[2023-08-24T16:51:05.059+0000] {taskinstance.py:1165} INFO - Dependencies all met for <TaskInstance: nikeProducts_dag.step_1_task manual__2023-08-24T16:51:04.087661+00:00 [queued]>
[2023-08-24T16:51:05.067+0000] {taskinstance.py:1165} INFO - Dependencies all met for <TaskInstance: nikeProducts_dag.step_1_task manual__2023-08-24T16:51:04.087661+00:00 [queued]>
[2023-08-24T16:51:05.068+0000] {taskinstance.py:1362} INFO - 
--------------------------------------------------------------------------------
[2023-08-24T16:51:05.069+0000] {taskinstance.py:1363} INFO - Starting attempt 1 of 2
[2023-08-24T16:51:05.070+0000] {taskinstance.py:1364} INFO - 
--------------------------------------------------------------------------------
[2023-08-24T16:51:05.086+0000] {taskinstance.py:1383} INFO - Executing <Task(PythonOperator): step_1_task> on 2023-08-24 16:51:04.087661+00:00
[2023-08-24T16:51:05.093+0000] {standard_task_runner.py:55} INFO - Started process 39068 to run task
[2023-08-24T16:51:05.097+0000] {standard_task_runner.py:82} INFO - Running: ['***', 'tasks', 'run', 'nikeProducts_dag', 'step_1_task', 'manual__2023-08-24T16:51:04.087661+00:00', '--job-id', '59', '--raw', '--subdir', 'DAGS_FOLDER/nikeProducts_dag.py', '--cfg-path', '/tmp/tmpbjoy5pnm']
[2023-08-24T16:51:05.100+0000] {standard_task_runner.py:83} INFO - Job 59: Subtask step_1_task
[2023-08-24T16:51:05.173+0000] {task_command.py:376} INFO - Running <TaskInstance: nikeProducts_dag.step_1_task manual__2023-08-24T16:51:04.087661+00:00 [running]> on host 5879ed69cda2
[2023-08-24T16:51:05.227+0000] {taskinstance.py:1592} INFO - Exporting the following env vars:
AIRFLOW_CTX_DAG_OWNER=***
AIRFLOW_CTX_DAG_ID=nikeProducts_dag
AIRFLOW_CTX_TASK_ID=step_1_task
AIRFLOW_CTX_EXECUTION_DATE=2023-08-24T16:51:04.087661+00:00
AIRFLOW_CTX_TRY_NUMBER=1
AIRFLOW_CTX_DAG_RUN_ID=manual__2023-08-24T16:51:04.087661+00:00
[2023-08-24T16:51:05.229+0000] {logging_mixin.py:120} INFO - products.csv mapped to products_etl.csv
[2023-08-24T16:51:05.828+0000] {python.py:177} INFO - Done. Returned value was: ['products_etl.csv']
[2023-08-24T16:51:05.850+0000] {taskinstance.py:1406} INFO - Marking task as SUCCESS. dag_id=nikeProducts_dag, task_id=step_1_task, execution_date=20230824T165104, start_date=20230824T165105, end_date=20230824T165105
[2023-08-24T16:51:05.875+0000] {local_task_job.py:164} INFO - Task exited with return code 0
[2023-08-24T16:51:05.898+0000] {local_task_job.py:273} INFO - 1 downstream tasks scheduled from follow-on schedule check
