[2023-08-28T16:37:48.559+0000] {taskinstance.py:1165} INFO - Dependencies all met for <TaskInstance: nikeSales_dag.extract_task manual__2023-08-28T16:37:41.255369+00:00 [queued]>
[2023-08-28T16:37:48.567+0000] {taskinstance.py:1165} INFO - Dependencies all met for <TaskInstance: nikeSales_dag.extract_task manual__2023-08-28T16:37:41.255369+00:00 [queued]>
[2023-08-28T16:37:48.568+0000] {taskinstance.py:1362} INFO - 
--------------------------------------------------------------------------------
[2023-08-28T16:37:48.568+0000] {taskinstance.py:1363} INFO - Starting attempt 1 of 2
[2023-08-28T16:37:48.569+0000] {taskinstance.py:1364} INFO - 
--------------------------------------------------------------------------------
[2023-08-28T16:37:48.578+0000] {taskinstance.py:1383} INFO - Executing <Task(PythonOperator): extract_task> on 2023-08-28 16:37:41.255369+00:00
[2023-08-28T16:37:48.583+0000] {standard_task_runner.py:55} INFO - Started process 61 to run task
[2023-08-28T16:37:48.587+0000] {standard_task_runner.py:82} INFO - Running: ['***', 'tasks', 'run', 'nikeSales_dag', 'extract_task', 'manual__2023-08-28T16:37:41.255369+00:00', '--job-id', '39', '--raw', '--subdir', 'DAGS_FOLDER/nikeSales_dag.py', '--cfg-path', '/tmp/tmp5c998lsv']
[2023-08-28T16:37:48.589+0000] {standard_task_runner.py:83} INFO - Job 39: Subtask extract_task
[2023-08-28T16:37:48.633+0000] {task_command.py:376} INFO - Running <TaskInstance: nikeSales_dag.extract_task manual__2023-08-28T16:37:41.255369+00:00 [running]> on host c4cd47d0799f
[2023-08-28T16:37:48.676+0000] {taskinstance.py:1592} INFO - Exporting the following env vars:
AIRFLOW_CTX_DAG_OWNER=***
AIRFLOW_CTX_DAG_ID=nikeSales_dag
AIRFLOW_CTX_TASK_ID=extract_task
AIRFLOW_CTX_EXECUTION_DATE=2023-08-28T16:37:41.255369+00:00
AIRFLOW_CTX_TRY_NUMBER=1
AIRFLOW_CTX_DAG_RUN_ID=manual__2023-08-28T16:37:41.255369+00:00
[2023-08-28T16:37:48.680+0000] {logging_mixin.py:120} INFO - nike_sales_2023_08_22.csv mapped to sales_etl.csv
[2023-08-28T16:37:48.761+0000] {python.py:177} INFO - Done. Returned value was: ['sales_etl.csv']
[2023-08-28T16:37:48.780+0000] {taskinstance.py:1406} INFO - Marking task as SUCCESS. dag_id=nikeSales_dag, task_id=extract_task, execution_date=20230828T163741, start_date=20230828T163748, end_date=20230828T163748
[2023-08-28T16:37:48.799+0000] {local_task_job.py:164} INFO - Task exited with return code 0
[2023-08-28T16:37:48.821+0000] {local_task_job.py:273} INFO - 1 downstream tasks scheduled from follow-on schedule check
