[2023-08-28T18:18:41.992+0000] {taskinstance.py:1165} INFO - Dependencies all met for <TaskInstance: nikeSales_dag.transform_task manual__2023-08-28T18:18:40.298327+00:00 [queued]>
[2023-08-28T18:18:41.998+0000] {taskinstance.py:1165} INFO - Dependencies all met for <TaskInstance: nikeSales_dag.transform_task manual__2023-08-28T18:18:40.298327+00:00 [queued]>
[2023-08-28T18:18:41.999+0000] {taskinstance.py:1362} INFO - 
--------------------------------------------------------------------------------
[2023-08-28T18:18:41.999+0000] {taskinstance.py:1363} INFO - Starting attempt 1 of 2
[2023-08-28T18:18:42.000+0000] {taskinstance.py:1364} INFO - 
--------------------------------------------------------------------------------
[2023-08-28T18:18:42.007+0000] {taskinstance.py:1383} INFO - Executing <Task(PythonOperator): transform_task> on 2023-08-28 18:18:40.298327+00:00
[2023-08-28T18:18:42.012+0000] {standard_task_runner.py:55} INFO - Started process 1207 to run task
[2023-08-28T18:18:42.015+0000] {standard_task_runner.py:82} INFO - Running: ['***', 'tasks', 'run', 'nikeSales_dag', 'transform_task', 'manual__2023-08-28T18:18:40.298327+00:00', '--job-id', '42', '--raw', '--subdir', 'DAGS_FOLDER/nikeSales_dag.py', '--cfg-path', '/tmp/tmpaxt4eplm']
[2023-08-28T18:18:42.017+0000] {standard_task_runner.py:83} INFO - Job 42: Subtask transform_task
[2023-08-28T18:18:42.065+0000] {task_command.py:376} INFO - Running <TaskInstance: nikeSales_dag.transform_task manual__2023-08-28T18:18:40.298327+00:00 [running]> on host 7eee6ddbeacd
[2023-08-28T18:18:42.117+0000] {taskinstance.py:1592} INFO - Exporting the following env vars:
AIRFLOW_CTX_DAG_OWNER=***
AIRFLOW_CTX_DAG_ID=nikeSales_dag
AIRFLOW_CTX_TASK_ID=transform_task
AIRFLOW_CTX_EXECUTION_DATE=2023-08-28T18:18:40.298327+00:00
AIRFLOW_CTX_TRY_NUMBER=1
AIRFLOW_CTX_DAG_RUN_ID=manual__2023-08-28T18:18:40.298327+00:00
[2023-08-28T18:18:42.126+0000] {logging_mixin.py:120} INFO - sales_etl.csv
[2023-08-28T18:18:42.197+0000] {python.py:177} INFO - Done. Returned value was: ['sales_etl.csv']
[2023-08-28T18:18:42.213+0000] {taskinstance.py:1406} INFO - Marking task as SUCCESS. dag_id=nikeSales_dag, task_id=transform_task, execution_date=20230828T181840, start_date=20230828T181841, end_date=20230828T181842
[2023-08-28T18:18:42.228+0000] {local_task_job.py:164} INFO - Task exited with return code 0
[2023-08-28T18:18:42.249+0000] {local_task_job.py:273} INFO - 1 downstream tasks scheduled from follow-on schedule check
