[2023-08-28T18:11:54.153+0000] {taskinstance.py:1165} INFO - Dependencies all met for <TaskInstance: nikeColor_dag.transform_task manual__2023-08-28T18:11:50.959313+00:00 [queued]>
[2023-08-28T18:11:54.160+0000] {taskinstance.py:1165} INFO - Dependencies all met for <TaskInstance: nikeColor_dag.transform_task manual__2023-08-28T18:11:50.959313+00:00 [queued]>
[2023-08-28T18:11:54.160+0000] {taskinstance.py:1362} INFO - 
--------------------------------------------------------------------------------
[2023-08-28T18:11:54.161+0000] {taskinstance.py:1363} INFO - Starting attempt 1 of 2
[2023-08-28T18:11:54.161+0000] {taskinstance.py:1364} INFO - 
--------------------------------------------------------------------------------
[2023-08-28T18:11:54.169+0000] {taskinstance.py:1383} INFO - Executing <Task(PythonOperator): transform_task> on 2023-08-28 18:11:50.959313+00:00
[2023-08-28T18:11:54.173+0000] {standard_task_runner.py:55} INFO - Started process 839 to run task
[2023-08-28T18:11:54.177+0000] {standard_task_runner.py:82} INFO - Running: ['***', 'tasks', 'run', 'nikeColor_dag', 'transform_task', 'manual__2023-08-28T18:11:50.959313+00:00', '--job-id', '27', '--raw', '--subdir', 'DAGS_FOLDER/nikeColor_dag.py', '--cfg-path', '/tmp/tmp9ee9aim2']
[2023-08-28T18:11:54.179+0000] {standard_task_runner.py:83} INFO - Job 27: Subtask transform_task
[2023-08-28T18:11:54.233+0000] {task_command.py:376} INFO - Running <TaskInstance: nikeColor_dag.transform_task manual__2023-08-28T18:11:50.959313+00:00 [running]> on host 7eee6ddbeacd
[2023-08-28T18:11:54.287+0000] {taskinstance.py:1592} INFO - Exporting the following env vars:
AIRFLOW_CTX_DAG_OWNER=***
AIRFLOW_CTX_DAG_ID=nikeColor_dag
AIRFLOW_CTX_TASK_ID=transform_task
AIRFLOW_CTX_EXECUTION_DATE=2023-08-28T18:11:50.959313+00:00
AIRFLOW_CTX_TRY_NUMBER=1
AIRFLOW_CTX_DAG_RUN_ID=manual__2023-08-28T18:11:50.959313+00:00
[2023-08-28T18:11:54.297+0000] {logging_mixin.py:120} INFO - products_etl.csv
[2023-08-28T18:11:54.867+0000] {python.py:177} INFO - Done. Returned value was: ['products_etl.csv']
[2023-08-28T18:11:54.885+0000] {taskinstance.py:1406} INFO - Marking task as SUCCESS. dag_id=nikeColor_dag, task_id=transform_task, execution_date=20230828T181150, start_date=20230828T181154, end_date=20230828T181154
[2023-08-28T18:11:54.911+0000] {local_task_job.py:164} INFO - Task exited with return code 0
[2023-08-28T18:11:54.931+0000] {local_task_job.py:273} INFO - 1 downstream tasks scheduled from follow-on schedule check
