[2023-08-24T17:33:05.117+0000] {taskinstance.py:1165} INFO - Dependencies all met for <TaskInstance: nikeProducts_dag.step_3_task manual__2023-08-24T17:33:00.759944+00:00 [queued]>
[2023-08-24T17:33:05.124+0000] {taskinstance.py:1165} INFO - Dependencies all met for <TaskInstance: nikeProducts_dag.step_3_task manual__2023-08-24T17:33:00.759944+00:00 [queued]>
[2023-08-24T17:33:05.125+0000] {taskinstance.py:1362} INFO - 
--------------------------------------------------------------------------------
[2023-08-24T17:33:05.125+0000] {taskinstance.py:1363} INFO - Starting attempt 1 of 2
[2023-08-24T17:33:05.126+0000] {taskinstance.py:1364} INFO - 
--------------------------------------------------------------------------------
[2023-08-24T17:33:05.134+0000] {taskinstance.py:1383} INFO - Executing <Task(PythonOperator): step_3_task> on 2023-08-24 17:33:00.759944+00:00
[2023-08-24T17:33:05.139+0000] {standard_task_runner.py:55} INFO - Started process 41186 to run task
[2023-08-24T17:33:05.144+0000] {standard_task_runner.py:82} INFO - Running: ['***', 'tasks', 'run', 'nikeProducts_dag', 'step_3_task', 'manual__2023-08-24T17:33:00.759944+00:00', '--job-id', '77', '--raw', '--subdir', 'DAGS_FOLDER/nikeProducts_dag.py', '--cfg-path', '/tmp/tmp4k1lfiv_']
[2023-08-24T17:33:05.146+0000] {standard_task_runner.py:83} INFO - Job 77: Subtask step_3_task
[2023-08-24T17:33:05.224+0000] {task_command.py:376} INFO - Running <TaskInstance: nikeProducts_dag.step_3_task manual__2023-08-24T17:33:00.759944+00:00 [running]> on host 5879ed69cda2
[2023-08-24T17:33:05.274+0000] {taskinstance.py:1592} INFO - Exporting the following env vars:
AIRFLOW_CTX_DAG_OWNER=***
AIRFLOW_CTX_DAG_ID=nikeProducts_dag
AIRFLOW_CTX_TASK_ID=step_3_task
AIRFLOW_CTX_EXECUTION_DATE=2023-08-24T17:33:00.759944+00:00
AIRFLOW_CTX_TRY_NUMBER=1
AIRFLOW_CTX_DAG_RUN_ID=manual__2023-08-24T17:33:00.759944+00:00
[2023-08-24T17:33:05.912+0000] {python.py:177} INFO - Done. Returned value was: None
[2023-08-24T17:33:05.923+0000] {taskinstance.py:1406} INFO - Marking task as SUCCESS. dag_id=nikeProducts_dag, task_id=step_3_task, execution_date=20230824T173300, start_date=20230824T173305, end_date=20230824T173305
[2023-08-24T17:33:05.965+0000] {local_task_job.py:164} INFO - Task exited with return code 0
[2023-08-24T17:33:05.983+0000] {local_task_job.py:273} INFO - 0 downstream tasks scheduled from follow-on schedule check
