[2023-08-27T08:15:50.875+0000] {taskinstance.py:1165} INFO - Dependencies all met for <TaskInstance: nikeProducts_dag.extract_task manual__2023-08-27T08:15:49.848708+00:00 [queued]>
[2023-08-27T08:15:50.883+0000] {taskinstance.py:1165} INFO - Dependencies all met for <TaskInstance: nikeProducts_dag.extract_task manual__2023-08-27T08:15:49.848708+00:00 [queued]>
[2023-08-27T08:15:50.884+0000] {taskinstance.py:1362} INFO - 
--------------------------------------------------------------------------------
[2023-08-27T08:15:50.885+0000] {taskinstance.py:1363} INFO - Starting attempt 1 of 2
[2023-08-27T08:15:50.885+0000] {taskinstance.py:1364} INFO - 
--------------------------------------------------------------------------------
[2023-08-27T08:15:50.895+0000] {taskinstance.py:1383} INFO - Executing <Task(PythonOperator): extract_task> on 2023-08-27 08:15:49.848708+00:00
[2023-08-27T08:15:50.900+0000] {standard_task_runner.py:55} INFO - Started process 291 to run task
[2023-08-27T08:15:50.905+0000] {standard_task_runner.py:82} INFO - Running: ['***', 'tasks', 'run', 'nikeProducts_dag', 'extract_task', 'manual__2023-08-27T08:15:49.848708+00:00', '--job-id', '11', '--raw', '--subdir', 'DAGS_FOLDER/nikeProducts_dag.py', '--cfg-path', '/tmp/tmpspghf7kd']
[2023-08-27T08:15:50.911+0000] {standard_task_runner.py:83} INFO - Job 11: Subtask extract_task
[2023-08-27T08:15:51.008+0000] {task_command.py:376} INFO - Running <TaskInstance: nikeProducts_dag.extract_task manual__2023-08-27T08:15:49.848708+00:00 [running]> on host 879040e27dc6
[2023-08-27T08:15:51.064+0000] {taskinstance.py:1592} INFO - Exporting the following env vars:
AIRFLOW_CTX_DAG_OWNER=***
AIRFLOW_CTX_DAG_ID=nikeProducts_dag
AIRFLOW_CTX_TASK_ID=extract_task
AIRFLOW_CTX_EXECUTION_DATE=2023-08-27T08:15:49.848708+00:00
AIRFLOW_CTX_TRY_NUMBER=1
AIRFLOW_CTX_DAG_RUN_ID=manual__2023-08-27T08:15:49.848708+00:00
[2023-08-27T08:15:51.066+0000] {logging_mixin.py:120} INFO - nike_22AUG2023_1912.csv mapped to products_etl.csv
[2023-08-27T08:15:51.621+0000] {python.py:177} INFO - Done. Returned value was: ['products_etl.csv']
[2023-08-27T08:15:51.641+0000] {taskinstance.py:1406} INFO - Marking task as SUCCESS. dag_id=nikeProducts_dag, task_id=extract_task, execution_date=20230827T081549, start_date=20230827T081550, end_date=20230827T081551
[2023-08-27T08:15:51.683+0000] {local_task_job.py:164} INFO - Task exited with return code 0
[2023-08-27T08:15:51.708+0000] {local_task_job.py:273} INFO - 1 downstream tasks scheduled from follow-on schedule check
