[2023-08-27T08:19:10.564+0000] {taskinstance.py:1165} INFO - Dependencies all met for <TaskInstance: nikeProducts_dag.transform_task manual__2023-08-27T08:19:07.532652+00:00 [queued]>
[2023-08-27T08:19:10.571+0000] {taskinstance.py:1165} INFO - Dependencies all met for <TaskInstance: nikeProducts_dag.transform_task manual__2023-08-27T08:19:07.532652+00:00 [queued]>
[2023-08-27T08:19:10.572+0000] {taskinstance.py:1362} INFO - 
--------------------------------------------------------------------------------
[2023-08-27T08:19:10.573+0000] {taskinstance.py:1363} INFO - Starting attempt 1 of 2
[2023-08-27T08:19:10.574+0000] {taskinstance.py:1364} INFO - 
--------------------------------------------------------------------------------
[2023-08-27T08:19:10.584+0000] {taskinstance.py:1383} INFO - Executing <Task(PythonOperator): transform_task> on 2023-08-27 08:19:07.532652+00:00
[2023-08-27T08:19:10.590+0000] {standard_task_runner.py:55} INFO - Started process 462 to run task
[2023-08-27T08:19:10.593+0000] {standard_task_runner.py:82} INFO - Running: ['***', 'tasks', 'run', 'nikeProducts_dag', 'transform_task', 'manual__2023-08-27T08:19:07.532652+00:00', '--job-id', '14', '--raw', '--subdir', 'DAGS_FOLDER/nikeProducts_dag.py', '--cfg-path', '/tmp/tmp713apv6f']
[2023-08-27T08:19:10.596+0000] {standard_task_runner.py:83} INFO - Job 14: Subtask transform_task
[2023-08-27T08:19:10.646+0000] {task_command.py:376} INFO - Running <TaskInstance: nikeProducts_dag.transform_task manual__2023-08-27T08:19:07.532652+00:00 [running]> on host 879040e27dc6
[2023-08-27T08:19:10.705+0000] {taskinstance.py:1592} INFO - Exporting the following env vars:
AIRFLOW_CTX_DAG_OWNER=***
AIRFLOW_CTX_DAG_ID=nikeProducts_dag
AIRFLOW_CTX_TASK_ID=transform_task
AIRFLOW_CTX_EXECUTION_DATE=2023-08-27T08:19:07.532652+00:00
AIRFLOW_CTX_TRY_NUMBER=1
AIRFLOW_CTX_DAG_RUN_ID=manual__2023-08-27T08:19:07.532652+00:00
[2023-08-27T08:19:10.718+0000] {logging_mixin.py:120} INFO - products_etl.csv
[2023-08-27T08:19:11.551+0000] {python.py:177} INFO - Done. Returned value was: ['products_etl.csv']
[2023-08-27T08:19:11.572+0000] {taskinstance.py:1406} INFO - Marking task as SUCCESS. dag_id=nikeProducts_dag, task_id=transform_task, execution_date=20230827T081907, start_date=20230827T081910, end_date=20230827T081911
[2023-08-27T08:19:11.621+0000] {local_task_job.py:164} INFO - Task exited with return code 0
[2023-08-27T08:19:11.642+0000] {local_task_job.py:273} INFO - 1 downstream tasks scheduled from follow-on schedule check
