[2023-08-27T08:19:09.026+0000] {taskinstance.py:1165} INFO - Dependencies all met for <TaskInstance: nikeProducts_dag.extract_task manual__2023-08-27T08:19:07.532652+00:00 [queued]>
[2023-08-27T08:19:09.032+0000] {taskinstance.py:1165} INFO - Dependencies all met for <TaskInstance: nikeProducts_dag.extract_task manual__2023-08-27T08:19:07.532652+00:00 [queued]>
[2023-08-27T08:19:09.033+0000] {taskinstance.py:1362} INFO - 
--------------------------------------------------------------------------------
[2023-08-27T08:19:09.033+0000] {taskinstance.py:1363} INFO - Starting attempt 1 of 2
[2023-08-27T08:19:09.034+0000] {taskinstance.py:1364} INFO - 
--------------------------------------------------------------------------------
[2023-08-27T08:19:09.042+0000] {taskinstance.py:1383} INFO - Executing <Task(PythonOperator): extract_task> on 2023-08-27 08:19:07.532652+00:00
[2023-08-27T08:19:09.046+0000] {standard_task_runner.py:55} INFO - Started process 459 to run task
[2023-08-27T08:19:09.049+0000] {standard_task_runner.py:82} INFO - Running: ['***', 'tasks', 'run', 'nikeProducts_dag', 'extract_task', 'manual__2023-08-27T08:19:07.532652+00:00', '--job-id', '13', '--raw', '--subdir', 'DAGS_FOLDER/nikeProducts_dag.py', '--cfg-path', '/tmp/tmpd1pw8opx']
[2023-08-27T08:19:09.051+0000] {standard_task_runner.py:83} INFO - Job 13: Subtask extract_task
[2023-08-27T08:19:09.099+0000] {task_command.py:376} INFO - Running <TaskInstance: nikeProducts_dag.extract_task manual__2023-08-27T08:19:07.532652+00:00 [running]> on host 879040e27dc6
[2023-08-27T08:19:09.144+0000] {taskinstance.py:1592} INFO - Exporting the following env vars:
AIRFLOW_CTX_DAG_OWNER=***
AIRFLOW_CTX_DAG_ID=nikeProducts_dag
AIRFLOW_CTX_TASK_ID=extract_task
AIRFLOW_CTX_EXECUTION_DATE=2023-08-27T08:19:07.532652+00:00
AIRFLOW_CTX_TRY_NUMBER=1
AIRFLOW_CTX_DAG_RUN_ID=manual__2023-08-27T08:19:07.532652+00:00
[2023-08-27T08:19:09.146+0000] {logging_mixin.py:120} INFO - nike_22AUG2023_1912.csv mapped to products_etl.csv
[2023-08-27T08:19:09.582+0000] {python.py:177} INFO - Done. Returned value was: ['products_etl.csv']
[2023-08-27T08:19:09.602+0000] {taskinstance.py:1406} INFO - Marking task as SUCCESS. dag_id=nikeProducts_dag, task_id=extract_task, execution_date=20230827T081907, start_date=20230827T081909, end_date=20230827T081909
[2023-08-27T08:19:09.623+0000] {local_task_job.py:164} INFO - Task exited with return code 0
[2023-08-27T08:19:09.645+0000] {local_task_job.py:273} INFO - 1 downstream tasks scheduled from follow-on schedule check
