[2023-08-24T18:27:27.657+0000] {taskinstance.py:1165} INFO - Dependencies all met for <TaskInstance: nikeProducts_dag.step_2_task manual__2023-08-24T18:27:24.551123+00:00 [queued]>
[2023-08-24T18:27:27.664+0000] {taskinstance.py:1165} INFO - Dependencies all met for <TaskInstance: nikeProducts_dag.step_2_task manual__2023-08-24T18:27:24.551123+00:00 [queued]>
[2023-08-24T18:27:27.664+0000] {taskinstance.py:1362} INFO - 
--------------------------------------------------------------------------------
[2023-08-24T18:27:27.665+0000] {taskinstance.py:1363} INFO - Starting attempt 1 of 2
[2023-08-24T18:27:27.665+0000] {taskinstance.py:1364} INFO - 
--------------------------------------------------------------------------------
[2023-08-24T18:27:27.677+0000] {taskinstance.py:1383} INFO - Executing <Task(PythonOperator): step_2_task> on 2023-08-24 18:27:24.551123+00:00
[2023-08-24T18:27:27.682+0000] {standard_task_runner.py:55} INFO - Started process 43927 to run task
[2023-08-24T18:27:27.687+0000] {standard_task_runner.py:82} INFO - Running: ['***', 'tasks', 'run', 'nikeProducts_dag', 'step_2_task', 'manual__2023-08-24T18:27:24.551123+00:00', '--job-id', '103', '--raw', '--subdir', 'DAGS_FOLDER/nikeProducts_dag.py', '--cfg-path', '/tmp/tmpsk2tvz3l']
[2023-08-24T18:27:27.689+0000] {standard_task_runner.py:83} INFO - Job 103: Subtask step_2_task
[2023-08-24T18:27:27.747+0000] {task_command.py:376} INFO - Running <TaskInstance: nikeProducts_dag.step_2_task manual__2023-08-24T18:27:24.551123+00:00 [running]> on host 5879ed69cda2
[2023-08-24T18:27:27.801+0000] {taskinstance.py:1592} INFO - Exporting the following env vars:
AIRFLOW_CTX_DAG_OWNER=***
AIRFLOW_CTX_DAG_ID=nikeProducts_dag
AIRFLOW_CTX_TASK_ID=step_2_task
AIRFLOW_CTX_EXECUTION_DATE=2023-08-24T18:27:24.551123+00:00
AIRFLOW_CTX_TRY_NUMBER=1
AIRFLOW_CTX_DAG_RUN_ID=manual__2023-08-24T18:27:24.551123+00:00
[2023-08-24T18:27:27.811+0000] {logging_mixin.py:120} INFO - products_etl.csv
[2023-08-24T18:27:28.459+0000] {python.py:177} INFO - Done. Returned value was: ['products_etl.csv']
[2023-08-24T18:27:28.482+0000] {taskinstance.py:1406} INFO - Marking task as SUCCESS. dag_id=nikeProducts_dag, task_id=step_2_task, execution_date=20230824T182724, start_date=20230824T182727, end_date=20230824T182728
[2023-08-24T18:27:28.501+0000] {local_task_job.py:164} INFO - Task exited with return code 0
[2023-08-24T18:27:28.520+0000] {local_task_job.py:273} INFO - 1 downstream tasks scheduled from follow-on schedule check
