[2023-08-26T04:08:12.646+0000] {taskinstance.py:1165} INFO - Dependencies all met for <TaskInstance: nikeProducts_dag.extract_task manual__2023-08-26T04:08:12.029213+00:00 [queued]>
[2023-08-26T04:08:12.652+0000] {taskinstance.py:1165} INFO - Dependencies all met for <TaskInstance: nikeProducts_dag.extract_task manual__2023-08-26T04:08:12.029213+00:00 [queued]>
[2023-08-26T04:08:12.652+0000] {taskinstance.py:1362} INFO - 
--------------------------------------------------------------------------------
[2023-08-26T04:08:12.653+0000] {taskinstance.py:1363} INFO - Starting attempt 1 of 2
[2023-08-26T04:08:12.653+0000] {taskinstance.py:1364} INFO - 
--------------------------------------------------------------------------------
[2023-08-26T04:08:12.662+0000] {taskinstance.py:1383} INFO - Executing <Task(PythonOperator): extract_task> on 2023-08-26 04:08:12.029213+00:00
[2023-08-26T04:08:12.671+0000] {standard_task_runner.py:55} INFO - Started process 828 to run task
[2023-08-26T04:08:12.675+0000] {standard_task_runner.py:82} INFO - Running: ['***', 'tasks', 'run', 'nikeProducts_dag', 'extract_task', 'manual__2023-08-26T04:08:12.029213+00:00', '--job-id', '117', '--raw', '--subdir', 'DAGS_FOLDER/nikeProducts_dag.py', '--cfg-path', '/tmp/tmpdccdgd6x']
[2023-08-26T04:08:12.678+0000] {standard_task_runner.py:83} INFO - Job 117: Subtask extract_task
[2023-08-26T04:08:12.732+0000] {task_command.py:376} INFO - Running <TaskInstance: nikeProducts_dag.extract_task manual__2023-08-26T04:08:12.029213+00:00 [running]> on host 9f01d644bb11
[2023-08-26T04:08:12.779+0000] {taskinstance.py:1592} INFO - Exporting the following env vars:
AIRFLOW_CTX_DAG_OWNER=***
AIRFLOW_CTX_DAG_ID=nikeProducts_dag
AIRFLOW_CTX_TASK_ID=extract_task
AIRFLOW_CTX_EXECUTION_DATE=2023-08-26T04:08:12.029213+00:00
AIRFLOW_CTX_TRY_NUMBER=1
AIRFLOW_CTX_DAG_RUN_ID=manual__2023-08-26T04:08:12.029213+00:00
[2023-08-26T04:08:12.781+0000] {logging_mixin.py:120} INFO - nike_22AUG2023_1912.csv mapped to products_etl.csv
[2023-08-26T04:08:13.373+0000] {python.py:177} INFO - Done. Returned value was: ['products_etl.csv']
[2023-08-26T04:08:13.398+0000] {taskinstance.py:1406} INFO - Marking task as SUCCESS. dag_id=nikeProducts_dag, task_id=extract_task, execution_date=20230826T040812, start_date=20230826T040812, end_date=20230826T040813
[2023-08-26T04:08:13.455+0000] {local_task_job.py:164} INFO - Task exited with return code 0
[2023-08-26T04:08:13.483+0000] {local_task_job.py:273} INFO - 1 downstream tasks scheduled from follow-on schedule check
