[2023-08-24T18:16:19.269+0000] {taskinstance.py:1165} INFO - Dependencies all met for <TaskInstance: nikeProducts_dag.step_2_task manual__2023-08-24T18:16:16.892533+00:00 [queued]>
[2023-08-24T18:16:19.275+0000] {taskinstance.py:1165} INFO - Dependencies all met for <TaskInstance: nikeProducts_dag.step_2_task manual__2023-08-24T18:16:16.892533+00:00 [queued]>
[2023-08-24T18:16:19.276+0000] {taskinstance.py:1362} INFO - 
--------------------------------------------------------------------------------
[2023-08-24T18:16:19.276+0000] {taskinstance.py:1363} INFO - Starting attempt 1 of 2
[2023-08-24T18:16:19.277+0000] {taskinstance.py:1364} INFO - 
--------------------------------------------------------------------------------
[2023-08-24T18:16:19.284+0000] {taskinstance.py:1383} INFO - Executing <Task(PythonOperator): step_2_task> on 2023-08-24 18:16:16.892533+00:00
[2023-08-24T18:16:19.289+0000] {standard_task_runner.py:55} INFO - Started process 43345 to run task
[2023-08-24T18:16:19.293+0000] {standard_task_runner.py:82} INFO - Running: ['***', 'tasks', 'run', 'nikeProducts_dag', 'step_2_task', 'manual__2023-08-24T18:16:16.892533+00:00', '--job-id', '89', '--raw', '--subdir', 'DAGS_FOLDER/nikeProducts_dag.py', '--cfg-path', '/tmp/tmp9_vy2f_m']
[2023-08-24T18:16:19.295+0000] {standard_task_runner.py:83} INFO - Job 89: Subtask step_2_task
[2023-08-24T18:16:19.353+0000] {task_command.py:376} INFO - Running <TaskInstance: nikeProducts_dag.step_2_task manual__2023-08-24T18:16:16.892533+00:00 [running]> on host 5879ed69cda2
[2023-08-24T18:16:19.416+0000] {taskinstance.py:1592} INFO - Exporting the following env vars:
AIRFLOW_CTX_DAG_OWNER=***
AIRFLOW_CTX_DAG_ID=nikeProducts_dag
AIRFLOW_CTX_TASK_ID=step_2_task
AIRFLOW_CTX_EXECUTION_DATE=2023-08-24T18:16:16.892533+00:00
AIRFLOW_CTX_TRY_NUMBER=1
AIRFLOW_CTX_DAG_RUN_ID=manual__2023-08-24T18:16:16.892533+00:00
[2023-08-24T18:16:19.428+0000] {logging_mixin.py:120} INFO - products_etl.csv
[2023-08-24T18:16:20.446+0000] {python.py:177} INFO - Done. Returned value was: ['products_etl.csv']
[2023-08-24T18:16:20.488+0000] {taskinstance.py:1406} INFO - Marking task as SUCCESS. dag_id=nikeProducts_dag, task_id=step_2_task, execution_date=20230824T181616, start_date=20230824T181619, end_date=20230824T181620
[2023-08-24T18:16:20.568+0000] {local_task_job.py:164} INFO - Task exited with return code 0
[2023-08-24T18:16:20.625+0000] {local_task_job.py:273} INFO - 1 downstream tasks scheduled from follow-on schedule check
