[2023-08-28T18:19:06.437+0000] {taskinstance.py:1165} INFO - Dependencies all met for <TaskInstance: nikeProducts_dag.transform_task manual__2023-08-28T18:19:03.442046+00:00 [queued]>
[2023-08-28T18:19:06.443+0000] {taskinstance.py:1165} INFO - Dependencies all met for <TaskInstance: nikeProducts_dag.transform_task manual__2023-08-28T18:19:03.442046+00:00 [queued]>
[2023-08-28T18:19:06.444+0000] {taskinstance.py:1362} INFO - 
--------------------------------------------------------------------------------
[2023-08-28T18:19:06.444+0000] {taskinstance.py:1363} INFO - Starting attempt 1 of 2
[2023-08-28T18:19:06.445+0000] {taskinstance.py:1364} INFO - 
--------------------------------------------------------------------------------
[2023-08-28T18:19:06.453+0000] {taskinstance.py:1383} INFO - Executing <Task(PythonOperator): transform_task> on 2023-08-28 18:19:03.442046+00:00
[2023-08-28T18:19:06.457+0000] {standard_task_runner.py:55} INFO - Started process 1235 to run task
[2023-08-28T18:19:06.460+0000] {standard_task_runner.py:82} INFO - Running: ['***', 'tasks', 'run', 'nikeProducts_dag', 'transform_task', 'manual__2023-08-28T18:19:03.442046+00:00', '--job-id', '45', '--raw', '--subdir', 'DAGS_FOLDER/nikeProducts_dag.py', '--cfg-path', '/tmp/tmpoqfvqnxr']
[2023-08-28T18:19:06.463+0000] {standard_task_runner.py:83} INFO - Job 45: Subtask transform_task
[2023-08-28T18:19:06.521+0000] {task_command.py:376} INFO - Running <TaskInstance: nikeProducts_dag.transform_task manual__2023-08-28T18:19:03.442046+00:00 [running]> on host 7eee6ddbeacd
[2023-08-28T18:19:06.575+0000] {taskinstance.py:1592} INFO - Exporting the following env vars:
AIRFLOW_CTX_DAG_OWNER=***
AIRFLOW_CTX_DAG_ID=nikeProducts_dag
AIRFLOW_CTX_TASK_ID=transform_task
AIRFLOW_CTX_EXECUTION_DATE=2023-08-28T18:19:03.442046+00:00
AIRFLOW_CTX_TRY_NUMBER=1
AIRFLOW_CTX_DAG_RUN_ID=manual__2023-08-28T18:19:03.442046+00:00
[2023-08-28T18:19:06.584+0000] {logging_mixin.py:120} INFO - products_etl.csv
[2023-08-28T18:19:07.240+0000] {python.py:177} INFO - Done. Returned value was: ['products_etl.csv']
[2023-08-28T18:19:07.259+0000] {taskinstance.py:1406} INFO - Marking task as SUCCESS. dag_id=nikeProducts_dag, task_id=transform_task, execution_date=20230828T181903, start_date=20230828T181906, end_date=20230828T181907
[2023-08-28T18:19:07.281+0000] {local_task_job.py:164} INFO - Task exited with return code 0
[2023-08-28T18:19:07.301+0000] {local_task_job.py:273} INFO - 1 downstream tasks scheduled from follow-on schedule check
