[2023-08-24T18:27:25.522+0000] {taskinstance.py:1165} INFO - Dependencies all met for <TaskInstance: nikeProducts_dag.step_1_task manual__2023-08-24T18:27:24.551123+00:00 [queued]>
[2023-08-24T18:27:25.529+0000] {taskinstance.py:1165} INFO - Dependencies all met for <TaskInstance: nikeProducts_dag.step_1_task manual__2023-08-24T18:27:24.551123+00:00 [queued]>
[2023-08-24T18:27:25.530+0000] {taskinstance.py:1362} INFO - 
--------------------------------------------------------------------------------
[2023-08-24T18:27:25.530+0000] {taskinstance.py:1363} INFO - Starting attempt 1 of 2
[2023-08-24T18:27:25.531+0000] {taskinstance.py:1364} INFO - 
--------------------------------------------------------------------------------
[2023-08-24T18:27:25.540+0000] {taskinstance.py:1383} INFO - Executing <Task(PythonOperator): step_1_task> on 2023-08-24 18:27:24.551123+00:00
[2023-08-24T18:27:25.545+0000] {standard_task_runner.py:55} INFO - Started process 43924 to run task
[2023-08-24T18:27:25.548+0000] {standard_task_runner.py:82} INFO - Running: ['***', 'tasks', 'run', 'nikeProducts_dag', 'step_1_task', 'manual__2023-08-24T18:27:24.551123+00:00', '--job-id', '102', '--raw', '--subdir', 'DAGS_FOLDER/nikeProducts_dag.py', '--cfg-path', '/tmp/tmpmudj0m2u']
[2023-08-24T18:27:25.550+0000] {standard_task_runner.py:83} INFO - Job 102: Subtask step_1_task
[2023-08-24T18:27:25.600+0000] {task_command.py:376} INFO - Running <TaskInstance: nikeProducts_dag.step_1_task manual__2023-08-24T18:27:24.551123+00:00 [running]> on host 5879ed69cda2
[2023-08-24T18:27:25.650+0000] {taskinstance.py:1592} INFO - Exporting the following env vars:
AIRFLOW_CTX_DAG_OWNER=***
AIRFLOW_CTX_DAG_ID=nikeProducts_dag
AIRFLOW_CTX_TASK_ID=step_1_task
AIRFLOW_CTX_EXECUTION_DATE=2023-08-24T18:27:24.551123+00:00
AIRFLOW_CTX_TRY_NUMBER=1
AIRFLOW_CTX_DAG_RUN_ID=manual__2023-08-24T18:27:24.551123+00:00
[2023-08-24T18:27:25.652+0000] {logging_mixin.py:120} INFO - products.csv mapped to products_etl.csv
[2023-08-24T18:27:26.153+0000] {python.py:177} INFO - Done. Returned value was: ['products_etl.csv']
[2023-08-24T18:27:26.210+0000] {taskinstance.py:1406} INFO - Marking task as SUCCESS. dag_id=nikeProducts_dag, task_id=step_1_task, execution_date=20230824T182724, start_date=20230824T182725, end_date=20230824T182726
[2023-08-24T18:27:26.242+0000] {local_task_job.py:164} INFO - Task exited with return code 0
[2023-08-24T18:27:26.269+0000] {local_task_job.py:273} INFO - 1 downstream tasks scheduled from follow-on schedule check
