[2023-08-28T18:39:17.846+0000] {taskinstance.py:1165} INFO - Dependencies all met for <TaskInstance: nikeColor_dag.extract_task manual__2023-08-28T18:39:16.841489+00:00 [queued]>
[2023-08-28T18:39:17.854+0000] {taskinstance.py:1165} INFO - Dependencies all met for <TaskInstance: nikeColor_dag.extract_task manual__2023-08-28T18:39:16.841489+00:00 [queued]>
[2023-08-28T18:39:17.855+0000] {taskinstance.py:1362} INFO - 
--------------------------------------------------------------------------------
[2023-08-28T18:39:17.856+0000] {taskinstance.py:1363} INFO - Starting attempt 1 of 2
[2023-08-28T18:39:17.856+0000] {taskinstance.py:1364} INFO - 
--------------------------------------------------------------------------------
[2023-08-28T18:39:17.867+0000] {taskinstance.py:1383} INFO - Executing <Task(PythonOperator): extract_task> on 2023-08-28 18:39:16.841489+00:00
[2023-08-28T18:39:17.872+0000] {standard_task_runner.py:55} INFO - Started process 2252 to run task
[2023-08-28T18:39:17.877+0000] {standard_task_runner.py:82} INFO - Running: ['***', 'tasks', 'run', 'nikeColor_dag', 'extract_task', 'manual__2023-08-28T18:39:16.841489+00:00', '--job-id', '53', '--raw', '--subdir', 'DAGS_FOLDER/nikeColor_dag.py', '--cfg-path', '/tmp/tmp6041qgzc']
[2023-08-28T18:39:17.880+0000] {standard_task_runner.py:83} INFO - Job 53: Subtask extract_task
[2023-08-28T18:39:17.945+0000] {task_command.py:376} INFO - Running <TaskInstance: nikeColor_dag.extract_task manual__2023-08-28T18:39:16.841489+00:00 [running]> on host 7eee6ddbeacd
[2023-08-28T18:39:18.006+0000] {taskinstance.py:1592} INFO - Exporting the following env vars:
AIRFLOW_CTX_DAG_OWNER=***
AIRFLOW_CTX_DAG_ID=nikeColor_dag
AIRFLOW_CTX_TASK_ID=extract_task
AIRFLOW_CTX_EXECUTION_DATE=2023-08-28T18:39:16.841489+00:00
AIRFLOW_CTX_TRY_NUMBER=1
AIRFLOW_CTX_DAG_RUN_ID=manual__2023-08-28T18:39:16.841489+00:00
[2023-08-28T18:39:18.009+0000] {logging_mixin.py:120} INFO - nike_22AUG2023_1912.csv mapped to color_etl.csv
[2023-08-28T18:39:18.684+0000] {python.py:177} INFO - Done. Returned value was: ['color_etl.csv']
[2023-08-28T18:39:18.710+0000] {taskinstance.py:1406} INFO - Marking task as SUCCESS. dag_id=nikeColor_dag, task_id=extract_task, execution_date=20230828T183916, start_date=20230828T183917, end_date=20230828T183918
[2023-08-28T18:39:18.737+0000] {local_task_job.py:164} INFO - Task exited with return code 0
[2023-08-28T18:39:18.764+0000] {local_task_job.py:273} INFO - 1 downstream tasks scheduled from follow-on schedule check
