[2023-08-28T18:27:52.818+0000] {taskinstance.py:1165} INFO - Dependencies all met for <TaskInstance: nikeProducts_dag.load_task manual__2023-08-28T18:27:48.881637+00:00 [queued]>
[2023-08-28T18:27:52.823+0000] {taskinstance.py:1165} INFO - Dependencies all met for <TaskInstance: nikeProducts_dag.load_task manual__2023-08-28T18:27:48.881637+00:00 [queued]>
[2023-08-28T18:27:52.824+0000] {taskinstance.py:1362} INFO - 
--------------------------------------------------------------------------------
[2023-08-28T18:27:52.824+0000] {taskinstance.py:1363} INFO - Starting attempt 1 of 2
[2023-08-28T18:27:52.825+0000] {taskinstance.py:1364} INFO - 
--------------------------------------------------------------------------------
[2023-08-28T18:27:52.833+0000] {taskinstance.py:1383} INFO - Executing <Task(PythonOperator): load_task> on 2023-08-28 18:27:48.881637+00:00
[2023-08-28T18:27:52.837+0000] {standard_task_runner.py:55} INFO - Started process 1687 to run task
[2023-08-28T18:27:52.840+0000] {standard_task_runner.py:82} INFO - Running: ['***', 'tasks', 'run', 'nikeProducts_dag', 'load_task', 'manual__2023-08-28T18:27:48.881637+00:00', '--job-id', '52', '--raw', '--subdir', 'DAGS_FOLDER/nikeProducts_dag.py', '--cfg-path', '/tmp/tmp4vsp7z1n']
[2023-08-28T18:27:52.842+0000] {standard_task_runner.py:83} INFO - Job 52: Subtask load_task
[2023-08-28T18:27:52.892+0000] {task_command.py:376} INFO - Running <TaskInstance: nikeProducts_dag.load_task manual__2023-08-28T18:27:48.881637+00:00 [running]> on host 7eee6ddbeacd
[2023-08-28T18:27:52.936+0000] {taskinstance.py:1592} INFO - Exporting the following env vars:
AIRFLOW_CTX_DAG_OWNER=***
AIRFLOW_CTX_DAG_ID=nikeProducts_dag
AIRFLOW_CTX_TASK_ID=load_task
AIRFLOW_CTX_EXECUTION_DATE=2023-08-28T18:27:48.881637+00:00
AIRFLOW_CTX_TRY_NUMBER=1
AIRFLOW_CTX_DAG_RUN_ID=manual__2023-08-28T18:27:48.881637+00:00
[2023-08-28T18:27:53.367+0000] {python.py:177} INFO - Done. Returned value was: None
[2023-08-28T18:27:53.378+0000] {taskinstance.py:1406} INFO - Marking task as SUCCESS. dag_id=nikeProducts_dag, task_id=load_task, execution_date=20230828T182748, start_date=20230828T182752, end_date=20230828T182753
[2023-08-28T18:27:53.413+0000] {local_task_job.py:164} INFO - Task exited with return code 0
[2023-08-28T18:27:53.429+0000] {local_task_job.py:273} INFO - 0 downstream tasks scheduled from follow-on schedule check
