[2023-08-28T20:23:47.127+0000] {taskinstance.py:1165} INFO - Dependencies all met for <TaskInstance: nikeProducts_dag.load_task manual__2023-08-28T20:23:41.831792+00:00 [queued]>
[2023-08-28T20:23:47.134+0000] {taskinstance.py:1165} INFO - Dependencies all met for <TaskInstance: nikeProducts_dag.load_task manual__2023-08-28T20:23:41.831792+00:00 [queued]>
[2023-08-28T20:23:47.135+0000] {taskinstance.py:1362} INFO - 
--------------------------------------------------------------------------------
[2023-08-28T20:23:47.136+0000] {taskinstance.py:1363} INFO - Starting attempt 1 of 2
[2023-08-28T20:23:47.136+0000] {taskinstance.py:1364} INFO - 
--------------------------------------------------------------------------------
[2023-08-28T20:23:47.145+0000] {taskinstance.py:1383} INFO - Executing <Task(PythonOperator): load_task> on 2023-08-28 20:23:41.831792+00:00
[2023-08-28T20:23:47.150+0000] {standard_task_runner.py:55} INFO - Started process 7310 to run task
[2023-08-28T20:23:47.154+0000] {standard_task_runner.py:82} INFO - Running: ['***', 'tasks', 'run', 'nikeProducts_dag', 'load_task', 'manual__2023-08-28T20:23:41.831792+00:00', '--job-id', '58', '--raw', '--subdir', 'DAGS_FOLDER/nikeProducts_dag.py', '--cfg-path', '/tmp/tmpukpt082t']
[2023-08-28T20:23:47.156+0000] {standard_task_runner.py:83} INFO - Job 58: Subtask load_task
[2023-08-28T20:23:47.222+0000] {task_command.py:376} INFO - Running <TaskInstance: nikeProducts_dag.load_task manual__2023-08-28T20:23:41.831792+00:00 [running]> on host 7eee6ddbeacd
[2023-08-28T20:23:47.274+0000] {taskinstance.py:1592} INFO - Exporting the following env vars:
AIRFLOW_CTX_DAG_OWNER=***
AIRFLOW_CTX_DAG_ID=nikeProducts_dag
AIRFLOW_CTX_TASK_ID=load_task
AIRFLOW_CTX_EXECUTION_DATE=2023-08-28T20:23:41.831792+00:00
AIRFLOW_CTX_TRY_NUMBER=1
AIRFLOW_CTX_DAG_RUN_ID=manual__2023-08-28T20:23:41.831792+00:00
[2023-08-28T20:23:47.706+0000] {python.py:177} INFO - Done. Returned value was: None
[2023-08-28T20:23:47.715+0000] {taskinstance.py:1406} INFO - Marking task as SUCCESS. dag_id=nikeProducts_dag, task_id=load_task, execution_date=20230828T202341, start_date=20230828T202347, end_date=20230828T202347
[2023-08-28T20:23:47.769+0000] {local_task_job.py:164} INFO - Task exited with return code 0
[2023-08-28T20:23:47.786+0000] {local_task_job.py:273} INFO - 0 downstream tasks scheduled from follow-on schedule check
