[2023-08-24T03:50:56.999+0000] {taskinstance.py:1165} INFO - Dependencies all met for <TaskInstance: nikeProducts_dag.step_1_task manual__2023-08-24T03:43:37.830281+00:00 [queued]>
[2023-08-24T03:50:57.012+0000] {taskinstance.py:1165} INFO - Dependencies all met for <TaskInstance: nikeProducts_dag.step_1_task manual__2023-08-24T03:43:37.830281+00:00 [queued]>
[2023-08-24T03:50:57.013+0000] {taskinstance.py:1362} INFO - 
--------------------------------------------------------------------------------
[2023-08-24T03:50:57.014+0000] {taskinstance.py:1363} INFO - Starting attempt 2 of 2
[2023-08-24T03:50:57.015+0000] {taskinstance.py:1364} INFO - 
--------------------------------------------------------------------------------
[2023-08-24T03:50:57.029+0000] {taskinstance.py:1383} INFO - Executing <Task(PythonOperator): step_1_task> on 2023-08-24 03:43:37.830281+00:00
[2023-08-24T03:50:57.034+0000] {standard_task_runner.py:55} INFO - Started process 62 to run task
[2023-08-24T03:50:57.039+0000] {standard_task_runner.py:82} INFO - Running: ['***', 'tasks', 'run', 'nikeProducts_dag', 'step_1_task', 'manual__2023-08-24T03:43:37.830281+00:00', '--job-id', '45', '--raw', '--subdir', 'DAGS_FOLDER/nikeProducts_dag.py', '--cfg-path', '/tmp/tmpeulkf619']
[2023-08-24T03:50:57.042+0000] {standard_task_runner.py:83} INFO - Job 45: Subtask step_1_task
[2023-08-24T03:50:57.110+0000] {task_command.py:376} INFO - Running <TaskInstance: nikeProducts_dag.step_1_task manual__2023-08-24T03:43:37.830281+00:00 [running]> on host 5879ed69cda2
[2023-08-24T03:50:57.172+0000] {taskinstance.py:1592} INFO - Exporting the following env vars:
AIRFLOW_CTX_DAG_OWNER=***
AIRFLOW_CTX_DAG_ID=nikeProducts_dag
AIRFLOW_CTX_TASK_ID=step_1_task
AIRFLOW_CTX_EXECUTION_DATE=2023-08-24T03:43:37.830281+00:00
AIRFLOW_CTX_TRY_NUMBER=2
AIRFLOW_CTX_DAG_RUN_ID=manual__2023-08-24T03:43:37.830281+00:00
[2023-08-24T03:50:57.175+0000] {logging_mixin.py:120} INFO - products.csv mapped to products_etl.csv
[2023-08-24T03:50:58.224+0000] {python.py:177} INFO - Done. Returned value was: ['products_etl.csv']
[2023-08-24T03:50:58.245+0000] {taskinstance.py:1406} INFO - Marking task as SUCCESS. dag_id=nikeProducts_dag, task_id=step_1_task, execution_date=20230824T034337, start_date=20230824T035057, end_date=20230824T035058
[2023-08-24T03:50:58.300+0000] {local_task_job.py:164} INFO - Task exited with return code 0
[2023-08-24T03:50:58.323+0000] {local_task_job.py:273} INFO - 1 downstream tasks scheduled from follow-on schedule check
