[2023-08-28T18:04:53.468+0000] {taskinstance.py:1165} INFO - Dependencies all met for <TaskInstance: nikeDates_dag.transform_task scheduled__2022-03-01T00:00:00+00:00 [queued]>
[2023-08-28T18:04:53.476+0000] {taskinstance.py:1165} INFO - Dependencies all met for <TaskInstance: nikeDates_dag.transform_task scheduled__2022-03-01T00:00:00+00:00 [queued]>
[2023-08-28T18:04:53.477+0000] {taskinstance.py:1362} INFO - 
--------------------------------------------------------------------------------
[2023-08-28T18:04:53.477+0000] {taskinstance.py:1363} INFO - Starting attempt 2 of 2
[2023-08-28T18:04:53.478+0000] {taskinstance.py:1364} INFO - 
--------------------------------------------------------------------------------
[2023-08-28T18:04:53.486+0000] {taskinstance.py:1383} INFO - Executing <Task(PythonOperator): transform_task> on 2022-03-01 00:00:00+00:00
[2023-08-28T18:04:53.490+0000] {standard_task_runner.py:55} INFO - Started process 455 to run task
[2023-08-28T18:04:53.494+0000] {standard_task_runner.py:82} INFO - Running: ['***', 'tasks', 'run', 'nikeDates_dag', 'transform_task', 'scheduled__2022-03-01T00:00:00+00:00', '--job-id', '16', '--raw', '--subdir', 'DAGS_FOLDER/nikeDates_dag.py', '--cfg-path', '/tmp/tmpmmnmh4x_']
[2023-08-28T18:04:53.496+0000] {standard_task_runner.py:83} INFO - Job 16: Subtask transform_task
[2023-08-28T18:04:53.549+0000] {task_command.py:376} INFO - Running <TaskInstance: nikeDates_dag.transform_task scheduled__2022-03-01T00:00:00+00:00 [running]> on host 7eee6ddbeacd
[2023-08-28T18:04:53.602+0000] {taskinstance.py:1592} INFO - Exporting the following env vars:
AIRFLOW_CTX_DAG_OWNER=***
AIRFLOW_CTX_DAG_ID=nikeDates_dag
AIRFLOW_CTX_TASK_ID=transform_task
AIRFLOW_CTX_EXECUTION_DATE=2022-03-01T00:00:00+00:00
AIRFLOW_CTX_TRY_NUMBER=2
AIRFLOW_CTX_DAG_RUN_ID=scheduled__2022-03-01T00:00:00+00:00
[2023-08-28T18:04:53.612+0000] {logging_mixin.py:120} INFO - sales_etl.csv
[2023-08-28T18:04:53.659+0000] {python.py:177} INFO - Done. Returned value was: ['sales_etl.csv']
[2023-08-28T18:04:53.679+0000] {taskinstance.py:1406} INFO - Marking task as SUCCESS. dag_id=nikeDates_dag, task_id=transform_task, execution_date=20220301T000000, start_date=20230828T180453, end_date=20230828T180453
[2023-08-28T18:04:53.707+0000] {local_task_job.py:164} INFO - Task exited with return code 0
[2023-08-28T18:04:53.729+0000] {local_task_job.py:273} INFO - 1 downstream tasks scheduled from follow-on schedule check
