[2023-08-24T18:14:20.022+0000] {taskinstance.py:1165} INFO - Dependencies all met for <TaskInstance: nikeProducts_dag.step_3_task manual__2023-08-24T18:14:14.095598+00:00 [queued]>
[2023-08-24T18:14:20.030+0000] {taskinstance.py:1165} INFO - Dependencies all met for <TaskInstance: nikeProducts_dag.step_3_task manual__2023-08-24T18:14:14.095598+00:00 [queued]>
[2023-08-24T18:14:20.031+0000] {taskinstance.py:1362} INFO - 
--------------------------------------------------------------------------------
[2023-08-24T18:14:20.031+0000] {taskinstance.py:1363} INFO - Starting attempt 1 of 2
[2023-08-24T18:14:20.032+0000] {taskinstance.py:1364} INFO - 
--------------------------------------------------------------------------------
[2023-08-24T18:14:20.040+0000] {taskinstance.py:1383} INFO - Executing <Task(PythonOperator): step_3_task> on 2023-08-24 18:14:14.095598+00:00
[2023-08-24T18:14:20.045+0000] {standard_task_runner.py:55} INFO - Started process 43240 to run task
[2023-08-24T18:14:20.048+0000] {standard_task_runner.py:82} INFO - Running: ['***', 'tasks', 'run', 'nikeProducts_dag', 'step_3_task', 'manual__2023-08-24T18:14:14.095598+00:00', '--job-id', '87', '--raw', '--subdir', 'DAGS_FOLDER/nikeProducts_dag.py', '--cfg-path', '/tmp/tmp5qd110se']
[2023-08-24T18:14:20.050+0000] {standard_task_runner.py:83} INFO - Job 87: Subtask step_3_task
[2023-08-24T18:14:20.107+0000] {task_command.py:376} INFO - Running <TaskInstance: nikeProducts_dag.step_3_task manual__2023-08-24T18:14:14.095598+00:00 [running]> on host 5879ed69cda2
[2023-08-24T18:14:20.161+0000] {taskinstance.py:1592} INFO - Exporting the following env vars:
AIRFLOW_CTX_DAG_OWNER=***
AIRFLOW_CTX_DAG_ID=nikeProducts_dag
AIRFLOW_CTX_TASK_ID=step_3_task
AIRFLOW_CTX_EXECUTION_DATE=2023-08-24T18:14:14.095598+00:00
AIRFLOW_CTX_TRY_NUMBER=1
AIRFLOW_CTX_DAG_RUN_ID=manual__2023-08-24T18:14:14.095598+00:00
[2023-08-24T18:14:20.832+0000] {python.py:177} INFO - Done. Returned value was: None
[2023-08-24T18:14:20.846+0000] {taskinstance.py:1406} INFO - Marking task as SUCCESS. dag_id=nikeProducts_dag, task_id=step_3_task, execution_date=20230824T181414, start_date=20230824T181420, end_date=20230824T181420
[2023-08-24T18:14:20.905+0000] {local_task_job.py:164} INFO - Task exited with return code 0
[2023-08-24T18:14:20.925+0000] {local_task_job.py:273} INFO - 0 downstream tasks scheduled from follow-on schedule check
