[2023-08-28T17:59:50.794+0000] {taskinstance.py:1165} INFO - Dependencies all met for <TaskInstance: nikeDates_dag.extract_task scheduled__2022-03-01T00:00:00+00:00 [queued]>
[2023-08-28T17:59:50.811+0000] {taskinstance.py:1165} INFO - Dependencies all met for <TaskInstance: nikeDates_dag.extract_task scheduled__2022-03-01T00:00:00+00:00 [queued]>
[2023-08-28T17:59:50.814+0000] {taskinstance.py:1362} INFO - 
--------------------------------------------------------------------------------
[2023-08-28T17:59:50.815+0000] {taskinstance.py:1363} INFO - Starting attempt 1 of 2
[2023-08-28T17:59:50.816+0000] {taskinstance.py:1364} INFO - 
--------------------------------------------------------------------------------
[2023-08-28T17:59:50.836+0000] {taskinstance.py:1383} INFO - Executing <Task(PythonOperator): extract_task> on 2022-03-01 00:00:00+00:00
[2023-08-28T17:59:50.843+0000] {standard_task_runner.py:55} INFO - Started process 172 to run task
[2023-08-28T17:59:50.855+0000] {standard_task_runner.py:82} INFO - Running: ['***', 'tasks', 'run', 'nikeDates_dag', 'extract_task', 'scheduled__2022-03-01T00:00:00+00:00', '--job-id', '6', '--raw', '--subdir', 'DAGS_FOLDER/nikeDates_dag.py', '--cfg-path', '/tmp/tmpc28kda46']
[2023-08-28T17:59:50.874+0000] {standard_task_runner.py:83} INFO - Job 6: Subtask extract_task
[2023-08-28T17:59:50.973+0000] {task_command.py:376} INFO - Running <TaskInstance: nikeDates_dag.extract_task scheduled__2022-03-01T00:00:00+00:00 [running]> on host 7eee6ddbeacd
[2023-08-28T17:59:51.051+0000] {taskinstance.py:1592} INFO - Exporting the following env vars:
AIRFLOW_CTX_DAG_OWNER=***
AIRFLOW_CTX_DAG_ID=nikeDates_dag
AIRFLOW_CTX_TASK_ID=extract_task
AIRFLOW_CTX_EXECUTION_DATE=2022-03-01T00:00:00+00:00
AIRFLOW_CTX_TRY_NUMBER=1
AIRFLOW_CTX_DAG_RUN_ID=scheduled__2022-03-01T00:00:00+00:00
[2023-08-28T17:59:51.055+0000] {logging_mixin.py:120} INFO - nike_sales_2023_08_22.csv mapped to sales_etl.csv
[2023-08-28T17:59:51.183+0000] {python.py:177} INFO - Done. Returned value was: ['sales_etl.csv']
[2023-08-28T17:59:51.211+0000] {taskinstance.py:1406} INFO - Marking task as SUCCESS. dag_id=nikeDates_dag, task_id=extract_task, execution_date=20220301T000000, start_date=20230828T175950, end_date=20230828T175951
[2023-08-28T17:59:51.267+0000] {local_task_job.py:164} INFO - Task exited with return code 0
[2023-08-28T17:59:51.293+0000] {local_task_job.py:273} INFO - 1 downstream tasks scheduled from follow-on schedule check
