[2023-08-27T08:14:17.809+0000] {taskinstance.py:1165} INFO - Dependencies all met for <TaskInstance: nikeProducts_dag.extract_task manual__2023-08-27T08:14:16.803860+00:00 [queued]>
[2023-08-27T08:14:17.817+0000] {taskinstance.py:1165} INFO - Dependencies all met for <TaskInstance: nikeProducts_dag.extract_task manual__2023-08-27T08:14:16.803860+00:00 [queued]>
[2023-08-27T08:14:17.818+0000] {taskinstance.py:1362} INFO - 
--------------------------------------------------------------------------------
[2023-08-27T08:14:17.818+0000] {taskinstance.py:1363} INFO - Starting attempt 1 of 2
[2023-08-27T08:14:17.819+0000] {taskinstance.py:1364} INFO - 
--------------------------------------------------------------------------------
[2023-08-27T08:14:17.827+0000] {taskinstance.py:1383} INFO - Executing <Task(PythonOperator): extract_task> on 2023-08-27 08:14:16.803860+00:00
[2023-08-27T08:14:17.833+0000] {standard_task_runner.py:55} INFO - Started process 204 to run task
[2023-08-27T08:14:17.839+0000] {standard_task_runner.py:82} INFO - Running: ['***', 'tasks', 'run', 'nikeProducts_dag', 'extract_task', 'manual__2023-08-27T08:14:16.803860+00:00', '--job-id', '9', '--raw', '--subdir', 'DAGS_FOLDER/nikeProducts_dag.py', '--cfg-path', '/tmp/tmpbooy_xsa']
[2023-08-27T08:14:17.844+0000] {standard_task_runner.py:83} INFO - Job 9: Subtask extract_task
[2023-08-27T08:14:17.909+0000] {task_command.py:376} INFO - Running <TaskInstance: nikeProducts_dag.extract_task manual__2023-08-27T08:14:16.803860+00:00 [running]> on host 879040e27dc6
[2023-08-27T08:14:17.964+0000] {taskinstance.py:1592} INFO - Exporting the following env vars:
AIRFLOW_CTX_DAG_OWNER=***
AIRFLOW_CTX_DAG_ID=nikeProducts_dag
AIRFLOW_CTX_TASK_ID=extract_task
AIRFLOW_CTX_EXECUTION_DATE=2023-08-27T08:14:16.803860+00:00
AIRFLOW_CTX_TRY_NUMBER=1
AIRFLOW_CTX_DAG_RUN_ID=manual__2023-08-27T08:14:16.803860+00:00
[2023-08-27T08:14:17.966+0000] {logging_mixin.py:120} INFO - nike_22AUG2023_1912.csv mapped to products_etl.csv
[2023-08-27T08:14:18.517+0000] {python.py:177} INFO - Done. Returned value was: ['products_etl.csv']
[2023-08-27T08:14:18.540+0000] {taskinstance.py:1406} INFO - Marking task as SUCCESS. dag_id=nikeProducts_dag, task_id=extract_task, execution_date=20230827T081416, start_date=20230827T081417, end_date=20230827T081418
[2023-08-27T08:14:18.576+0000] {local_task_job.py:164} INFO - Task exited with return code 0
[2023-08-27T08:14:18.600+0000] {local_task_job.py:273} INFO - 1 downstream tasks scheduled from follow-on schedule check
