[2023-08-27T08:20:42.043+0000] {taskinstance.py:1165} INFO - Dependencies all met for <TaskInstance: nikeSales_dag.transform_task manual__2023-08-27T08:20:40.214543+00:00 [queued]>
[2023-08-27T08:20:42.050+0000] {taskinstance.py:1165} INFO - Dependencies all met for <TaskInstance: nikeSales_dag.transform_task manual__2023-08-27T08:20:40.214543+00:00 [queued]>
[2023-08-27T08:20:42.051+0000] {taskinstance.py:1362} INFO - 
--------------------------------------------------------------------------------
[2023-08-27T08:20:42.051+0000] {taskinstance.py:1363} INFO - Starting attempt 1 of 2
[2023-08-27T08:20:42.052+0000] {taskinstance.py:1364} INFO - 
--------------------------------------------------------------------------------
[2023-08-27T08:20:42.059+0000] {taskinstance.py:1383} INFO - Executing <Task(PythonOperator): transform_task> on 2023-08-27 08:20:40.214543+00:00
[2023-08-27T08:20:42.064+0000] {standard_task_runner.py:55} INFO - Started process 543 to run task
[2023-08-27T08:20:42.068+0000] {standard_task_runner.py:82} INFO - Running: ['***', 'tasks', 'run', 'nikeSales_dag', 'transform_task', 'manual__2023-08-27T08:20:40.214543+00:00', '--job-id', '17', '--raw', '--subdir', 'DAGS_FOLDER/nikeSales_dag.py', '--cfg-path', '/tmp/tmpxx9i1jdb']
[2023-08-27T08:20:42.071+0000] {standard_task_runner.py:83} INFO - Job 17: Subtask transform_task
[2023-08-27T08:20:42.128+0000] {task_command.py:376} INFO - Running <TaskInstance: nikeSales_dag.transform_task manual__2023-08-27T08:20:40.214543+00:00 [running]> on host 879040e27dc6
[2023-08-27T08:20:42.184+0000] {taskinstance.py:1592} INFO - Exporting the following env vars:
AIRFLOW_CTX_DAG_OWNER=***
AIRFLOW_CTX_DAG_ID=nikeSales_dag
AIRFLOW_CTX_TASK_ID=transform_task
AIRFLOW_CTX_EXECUTION_DATE=2023-08-27T08:20:40.214543+00:00
AIRFLOW_CTX_TRY_NUMBER=1
AIRFLOW_CTX_DAG_RUN_ID=manual__2023-08-27T08:20:40.214543+00:00
[2023-08-27T08:20:42.195+0000] {logging_mixin.py:120} INFO - sales_etl.csv
[2023-08-27T08:20:42.280+0000] {python.py:177} INFO - Done. Returned value was: ['sales_etl.csv']
[2023-08-27T08:20:42.304+0000] {taskinstance.py:1406} INFO - Marking task as SUCCESS. dag_id=nikeSales_dag, task_id=transform_task, execution_date=20230827T082040, start_date=20230827T082042, end_date=20230827T082042
[2023-08-27T08:20:42.363+0000] {local_task_job.py:164} INFO - Task exited with return code 0
[2023-08-27T08:20:42.399+0000] {local_task_job.py:273} INFO - 1 downstream tasks scheduled from follow-on schedule check
