[2023-08-24T18:12:52.548+0000] {taskinstance.py:1165} INFO - Dependencies all met for <TaskInstance: nikeProducts_dag.step_2_task manual__2023-08-24T18:07:48.232577+00:00 [queued]>
[2023-08-24T18:12:52.554+0000] {taskinstance.py:1165} INFO - Dependencies all met for <TaskInstance: nikeProducts_dag.step_2_task manual__2023-08-24T18:07:48.232577+00:00 [queued]>
[2023-08-24T18:12:52.555+0000] {taskinstance.py:1362} INFO - 
--------------------------------------------------------------------------------
[2023-08-24T18:12:52.555+0000] {taskinstance.py:1363} INFO - Starting attempt 2 of 2
[2023-08-24T18:12:52.556+0000] {taskinstance.py:1364} INFO - 
--------------------------------------------------------------------------------
[2023-08-24T18:12:52.564+0000] {taskinstance.py:1383} INFO - Executing <Task(PythonOperator): step_2_task> on 2023-08-24 18:07:48.232577+00:00
[2023-08-24T18:12:52.569+0000] {standard_task_runner.py:55} INFO - Started process 43155 to run task
[2023-08-24T18:12:52.572+0000] {standard_task_runner.py:82} INFO - Running: ['***', 'tasks', 'run', 'nikeProducts_dag', 'step_2_task', 'manual__2023-08-24T18:07:48.232577+00:00', '--job-id', '83', '--raw', '--subdir', 'DAGS_FOLDER/nikeProducts_dag.py', '--cfg-path', '/tmp/tmpb2clxr5a']
[2023-08-24T18:12:52.574+0000] {standard_task_runner.py:83} INFO - Job 83: Subtask step_2_task
[2023-08-24T18:12:52.623+0000] {task_command.py:376} INFO - Running <TaskInstance: nikeProducts_dag.step_2_task manual__2023-08-24T18:07:48.232577+00:00 [running]> on host 5879ed69cda2
[2023-08-24T18:12:52.668+0000] {taskinstance.py:1592} INFO - Exporting the following env vars:
AIRFLOW_CTX_DAG_OWNER=***
AIRFLOW_CTX_DAG_ID=nikeProducts_dag
AIRFLOW_CTX_TASK_ID=step_2_task
AIRFLOW_CTX_EXECUTION_DATE=2023-08-24T18:07:48.232577+00:00
AIRFLOW_CTX_TRY_NUMBER=2
AIRFLOW_CTX_DAG_RUN_ID=manual__2023-08-24T18:07:48.232577+00:00
[2023-08-24T18:12:52.677+0000] {logging_mixin.py:120} INFO - products_etl.csv
[2023-08-24T18:12:53.289+0000] {python.py:177} INFO - Done. Returned value was: ['products_etl.csv']
[2023-08-24T18:12:53.311+0000] {taskinstance.py:1406} INFO - Marking task as SUCCESS. dag_id=nikeProducts_dag, task_id=step_2_task, execution_date=20230824T180748, start_date=20230824T181252, end_date=20230824T181253
[2023-08-24T18:12:53.351+0000] {local_task_job.py:164} INFO - Task exited with return code 0
[2023-08-24T18:12:53.375+0000] {local_task_job.py:273} INFO - 1 downstream tasks scheduled from follow-on schedule check
