[2023-08-27T08:20:41.012+0000] {taskinstance.py:1165} INFO - Dependencies all met for <TaskInstance: nikeSales_dag.extract_task manual__2023-08-27T08:20:40.214543+00:00 [queued]>
[2023-08-27T08:20:41.022+0000] {taskinstance.py:1165} INFO - Dependencies all met for <TaskInstance: nikeSales_dag.extract_task manual__2023-08-27T08:20:40.214543+00:00 [queued]>
[2023-08-27T08:20:41.023+0000] {taskinstance.py:1362} INFO - 
--------------------------------------------------------------------------------
[2023-08-27T08:20:41.023+0000] {taskinstance.py:1363} INFO - Starting attempt 1 of 2
[2023-08-27T08:20:41.024+0000] {taskinstance.py:1364} INFO - 
--------------------------------------------------------------------------------
[2023-08-27T08:20:41.034+0000] {taskinstance.py:1383} INFO - Executing <Task(PythonOperator): extract_task> on 2023-08-27 08:20:40.214543+00:00
[2023-08-27T08:20:41.041+0000] {standard_task_runner.py:55} INFO - Started process 540 to run task
[2023-08-27T08:20:41.048+0000] {standard_task_runner.py:82} INFO - Running: ['***', 'tasks', 'run', 'nikeSales_dag', 'extract_task', 'manual__2023-08-27T08:20:40.214543+00:00', '--job-id', '16', '--raw', '--subdir', 'DAGS_FOLDER/nikeSales_dag.py', '--cfg-path', '/tmp/tmpraa6e76w']
[2023-08-27T08:20:41.051+0000] {standard_task_runner.py:83} INFO - Job 16: Subtask extract_task
[2023-08-27T08:20:41.124+0000] {task_command.py:376} INFO - Running <TaskInstance: nikeSales_dag.extract_task manual__2023-08-27T08:20:40.214543+00:00 [running]> on host 879040e27dc6
[2023-08-27T08:20:41.191+0000] {taskinstance.py:1592} INFO - Exporting the following env vars:
AIRFLOW_CTX_DAG_OWNER=***
AIRFLOW_CTX_DAG_ID=nikeSales_dag
AIRFLOW_CTX_TASK_ID=extract_task
AIRFLOW_CTX_EXECUTION_DATE=2023-08-27T08:20:40.214543+00:00
AIRFLOW_CTX_TRY_NUMBER=1
AIRFLOW_CTX_DAG_RUN_ID=manual__2023-08-27T08:20:40.214543+00:00
[2023-08-27T08:20:41.198+0000] {logging_mixin.py:120} INFO - nike_sales_2023_08_22.csv mapped to sales_etl.csv
[2023-08-27T08:20:41.247+0000] {python.py:177} INFO - Done. Returned value was: ['sales_etl.csv']
[2023-08-27T08:20:41.272+0000] {taskinstance.py:1406} INFO - Marking task as SUCCESS. dag_id=nikeSales_dag, task_id=extract_task, execution_date=20230827T082040, start_date=20230827T082041, end_date=20230827T082041
[2023-08-27T08:20:41.302+0000] {local_task_job.py:164} INFO - Task exited with return code 0
[2023-08-27T08:20:41.328+0000] {local_task_job.py:273} INFO - 1 downstream tasks scheduled from follow-on schedule check
