[2023-08-24T18:32:24.964+0000] {taskinstance.py:1165} INFO - Dependencies all met for <TaskInstance: nikeProducts_dag.step_2_task manual__2023-08-24T18:32:21.854856+00:00 [queued]>
[2023-08-24T18:32:24.970+0000] {taskinstance.py:1165} INFO - Dependencies all met for <TaskInstance: nikeProducts_dag.step_2_task manual__2023-08-24T18:32:21.854856+00:00 [queued]>
[2023-08-24T18:32:24.971+0000] {taskinstance.py:1362} INFO - 
--------------------------------------------------------------------------------
[2023-08-24T18:32:24.971+0000] {taskinstance.py:1363} INFO - Starting attempt 1 of 2
[2023-08-24T18:32:24.972+0000] {taskinstance.py:1364} INFO - 
--------------------------------------------------------------------------------
[2023-08-24T18:32:24.980+0000] {taskinstance.py:1383} INFO - Executing <Task(PythonOperator): step_2_task> on 2023-08-24 18:32:21.854856+00:00
[2023-08-24T18:32:24.985+0000] {standard_task_runner.py:55} INFO - Started process 44188 to run task
[2023-08-24T18:32:24.988+0000] {standard_task_runner.py:82} INFO - Running: ['***', 'tasks', 'run', 'nikeProducts_dag', 'step_2_task', 'manual__2023-08-24T18:32:21.854856+00:00', '--job-id', '109', '--raw', '--subdir', 'DAGS_FOLDER/nikeProducts_dag.py', '--cfg-path', '/tmp/tmp_isavfkn']
[2023-08-24T18:32:24.990+0000] {standard_task_runner.py:83} INFO - Job 109: Subtask step_2_task
[2023-08-24T18:32:25.045+0000] {task_command.py:376} INFO - Running <TaskInstance: nikeProducts_dag.step_2_task manual__2023-08-24T18:32:21.854856+00:00 [running]> on host 5879ed69cda2
[2023-08-24T18:32:25.095+0000] {taskinstance.py:1592} INFO - Exporting the following env vars:
AIRFLOW_CTX_DAG_OWNER=***
AIRFLOW_CTX_DAG_ID=nikeProducts_dag
AIRFLOW_CTX_TASK_ID=step_2_task
AIRFLOW_CTX_EXECUTION_DATE=2023-08-24T18:32:21.854856+00:00
AIRFLOW_CTX_TRY_NUMBER=1
AIRFLOW_CTX_DAG_RUN_ID=manual__2023-08-24T18:32:21.854856+00:00
[2023-08-24T18:32:25.106+0000] {logging_mixin.py:120} INFO - products_etl.csv
[2023-08-24T18:32:25.674+0000] {python.py:177} INFO - Done. Returned value was: ['products_etl.csv']
[2023-08-24T18:32:25.692+0000] {taskinstance.py:1406} INFO - Marking task as SUCCESS. dag_id=nikeProducts_dag, task_id=step_2_task, execution_date=20230824T183221, start_date=20230824T183224, end_date=20230824T183225
[2023-08-24T18:32:25.725+0000] {local_task_job.py:164} INFO - Task exited with return code 0
[2023-08-24T18:32:25.742+0000] {local_task_job.py:273} INFO - 0 downstream tasks scheduled from follow-on schedule check
