[2023-08-24T18:32:26.105+0000] {taskinstance.py:1165} INFO - Dependencies all met for <TaskInstance: nikeProducts_dag.step_3_task manual__2023-08-24T18:32:21.854856+00:00 [queued]>
[2023-08-24T18:32:26.111+0000] {taskinstance.py:1165} INFO - Dependencies all met for <TaskInstance: nikeProducts_dag.step_3_task manual__2023-08-24T18:32:21.854856+00:00 [queued]>
[2023-08-24T18:32:26.111+0000] {taskinstance.py:1362} INFO - 
--------------------------------------------------------------------------------
[2023-08-24T18:32:26.112+0000] {taskinstance.py:1363} INFO - Starting attempt 1 of 2
[2023-08-24T18:32:26.112+0000] {taskinstance.py:1364} INFO - 
--------------------------------------------------------------------------------
[2023-08-24T18:32:26.120+0000] {taskinstance.py:1383} INFO - Executing <Task(PythonOperator): step_3_task> on 2023-08-24 18:32:21.854856+00:00
[2023-08-24T18:32:26.126+0000] {standard_task_runner.py:55} INFO - Started process 44191 to run task
[2023-08-24T18:32:26.129+0000] {standard_task_runner.py:82} INFO - Running: ['***', 'tasks', 'run', 'nikeProducts_dag', 'step_3_task', 'manual__2023-08-24T18:32:21.854856+00:00', '--job-id', '110', '--raw', '--subdir', 'DAGS_FOLDER/nikeProducts_dag.py', '--cfg-path', '/tmp/tmp3_ne1zal']
[2023-08-24T18:32:26.131+0000] {standard_task_runner.py:83} INFO - Job 110: Subtask step_3_task
[2023-08-24T18:32:26.184+0000] {task_command.py:376} INFO - Running <TaskInstance: nikeProducts_dag.step_3_task manual__2023-08-24T18:32:21.854856+00:00 [running]> on host 5879ed69cda2
[2023-08-24T18:32:26.240+0000] {taskinstance.py:1592} INFO - Exporting the following env vars:
AIRFLOW_CTX_DAG_OWNER=***
AIRFLOW_CTX_DAG_ID=nikeProducts_dag
AIRFLOW_CTX_TASK_ID=step_3_task
AIRFLOW_CTX_EXECUTION_DATE=2023-08-24T18:32:21.854856+00:00
AIRFLOW_CTX_TRY_NUMBER=1
AIRFLOW_CTX_DAG_RUN_ID=manual__2023-08-24T18:32:21.854856+00:00
[2023-08-24T18:32:26.722+0000] {python.py:177} INFO - Done. Returned value was: None
[2023-08-24T18:32:26.734+0000] {taskinstance.py:1406} INFO - Marking task as SUCCESS. dag_id=nikeProducts_dag, task_id=step_3_task, execution_date=20230824T183221, start_date=20230824T183226, end_date=20230824T183226
[2023-08-24T18:32:26.785+0000] {local_task_job.py:164} INFO - Task exited with return code 0
[2023-08-24T18:32:26.806+0000] {local_task_job.py:273} INFO - 0 downstream tasks scheduled from follow-on schedule check
